#
# There is insufficient memory for the Java Runtime Environment to continue.
# Native memory allocation (malloc) failed to allocate 2097152 bytes for AllocateHeap
# Possible reasons:
#   The system is out of physical RAM or swap space
#   The process is running with CompressedOops enabled, and the Java Heap may be blocking the growth of the native heap
# Possible solutions:
#   Reduce memory load on the system
#   Increase physical memory or swap space
#   Check if swap backing store is full
#   Decrease Java heap size (-Xmx/-Xms)
#   Decrease number of Java threads
#   Decrease Java thread stack sizes (-Xss)
#   Set larger code cache with -XX:ReservedCodeCacheSize=
#   JVM is running with Unscaled Compressed Oops mode in which the Java heap is
#     placed in the first 4GB address space. The Java Heap base address is the
#     maximum limit for the native heap growth. Please use -XX:HeapBaseMinAddress
#     to set the Java Heap base and to place the Java Heap above 4GB virtual address.
# This output file may be truncated or incomplete.
#
#  Out of Memory Error (t:/workspace/open/src/hotspot/share/memory/allocation.cpp:45), pid=14892, tid=16784
#
# JRE version: Java(TM) SE Runtime Environment (13.0.2+8) (build 13.0.2+8)
# Java VM: Java HotSpot(TM) 64-Bit Server VM (13.0.2+8, mixed mode, sharing, tiered, compressed oops, g1 gc, windows-amd64)
# No core dump will be written. Minidumps are not enabled by default on client versions of Windows
#

---------------  S U M M A R Y ------------

Command Line: -Dfile.encoding=UTF8 -ea -Xmx1024m 

Host: Intel(R) Core(TM) i5-7200U CPU @ 2.50GHz, 4 cores, 3G,  Windows 10 , 64 bit Build 18362 (10.0.18362.778)
Time: Wed May 20 16:27:11 2020 대한민국 표준시 elapsed time: 16 seconds (0d 0h 0m 16s)

---------------  T H R E A D  ---------------

Current thread (0x000002300f1ae800):  VMThread "VM Thread" [stack: 0x000000f366340000,0x000000f366530000] [id=16784]

Stack: [0x000000f366340000,0x000000f366530000]
[error occurred during error reporting (printing stack bounds), id 0xc0000005, EXCEPTION_ACCESS_VIOLATION (0xc0000005) at pc=0x00000230000010ad]

Native frames: (J=compiled Java code, j=interpreted, Vv=VM code, C=native code)
V  [jvm.dll+0x624f9a]
V  [jvm.dll+0x770cfa]
V  [jvm.dll+0x7724af]
V  [jvm.dll+0x772a15]
V  [jvm.dll+0x7729cb]
V  [jvm.dll+0x6244df]
C  [ntdll.dll+0x785b6]
C  [ntdll.dll+0x6a056]
C  [ntdll.dll+0x9fe3e]
C  0x00000230000010ad

VM_Operation (0x000000f364de9210): G1CollectFull, mode: safepoint, requested by thread 0x0000023071b83000


---------------  P R O C E S S  ---------------

Threads class SMR info:
_java_thread_list=0x000002300f4ed4a0, length=11, elements={
0x0000023071b83000, 0x000002300f1b3800, 0x000002300f1ba800, 0x000002300f1e3800,
0x000002300f1cc800, 0x000002300f1d5800, 0x000002300f1d6000, 0x0000023070782800,
0x000002300f30a000, 0x000002300f319000, 0x000002300f3bf000
}

Java Threads: ( => current thread )
  0x0000023071b83000 JavaThread "main" [_thread_blocked, id=18068, stack(0x000000f364c00000,0x000000f364df0000)]
  0x000002300f1b3800 JavaThread "Reference Handler" daemon [_thread_blocked, id=16748, stack(0x000000f366530000,0x000000f366720000)]
  0x000002300f1ba800 JavaThread "Finalizer" daemon [_thread_blocked, id=2788, stack(0x000000f366720000,0x000000f366910000)]
  0x000002300f1e3800 JavaThread "Signal Dispatcher" daemon [_thread_blocked, id=13676, stack(0x000000f366910000,0x000000f366b00000)]
  0x000002300f1cc800 JavaThread "Attach Listener" daemon [_thread_blocked, id=19004, stack(0x000000f366b00000,0x000000f366cf0000)]
  0x000002300f1d5800 JavaThread "C2 CompilerThread0" daemon [_thread_blocked, id=9608, stack(0x000000f366cf0000,0x000000f366ee0000)]
  0x000002300f1d6000 JavaThread "C1 CompilerThread0" daemon [_thread_blocked, id=2276, stack(0x000000f366ee0000,0x000000f3670d0000)]
  0x0000023070782800 JavaThread "Sweeper thread" daemon [_thread_blocked, id=18444, stack(0x000000f3670d0000,0x000000f3672c0000)]
  0x000002300f30a000 JavaThread "Service Thread" daemon [_thread_blocked, id=19420, stack(0x000000f3672c0000,0x000000f3674b0000)]
  0x000002300f319000 JavaThread "Common-Cleaner" daemon [_thread_blocked, id=19500, stack(0x000000f3676a0000,0x000000f367890000)]
  0x000002300f3bf000 JavaThread "Thread-0" daemon [_thread_blocked, id=14164, stack(0x000000f367890000,0x000000f367a80000)]

Other Threads:
=>0x000002300f1ae800 VMThread "VM Thread" [stack: 0x000000f366340000,0x000000f366530000] [id=16784]
  0x000002300f196000 WatcherThread [stack: 0x000000f3674b0000,0x000000f3676a0000] [id=14288]
  0x0000023071baa800 GCTaskThread "GC Thread#0" [stack: 0x000000f365990000,0x000000f365b80000] [id=10660]
  0x000002300f51c000 GCTaskThread "GC Thread#1" [stack: 0x000000f367a80000,0x000000f367c70000] [id=20140]
  0x0000023010c58000 GCTaskThread "GC Thread#2" [stack: 0x000000f367e60000,0x000000f368050000] [id=14632]
  0x0000023010de0000 GCTaskThread "GC Thread#3" [stack: 0x000000f368050000,0x000000f368240000] [id=16868]
  0x0000023071bb3800 ConcurrentGCThread "G1 Main Marker" [stack: 0x000000f365b80000,0x000000f365d70000] [id=18000]
  0x0000023071bb4000 ConcurrentGCThread "G1 Conc#0" [stack: 0x000000f365d70000,0x000000f365f60000] [id=6128]
  0x000002300f028800 ConcurrentGCThread "G1 Refine#0" [stack: 0x000000f365f60000,0x000000f366150000] [id=15528]
  0x0000023010a95800 ConcurrentGCThread "G1 Refine#1" [stack: 0x000000f367c70000,0x000000f367e60000] [id=20156]
  0x000002300f02a000 ConcurrentGCThread "G1 Young RemSet Sampling" [stack: 0x000000f366150000,0x000000f366340000] [id=11432]

Threads with active compile tasks:

VM state:at safepoint (normal execution)

VM Mutex/Monitor currently owned by a thread:  ([mutex/lock_event])
[0x0000023071b80500] Threads_lock - owner thread: 0x000002300f1ae800
[0x0000023071b80e00] Heap_lock - owner thread: 0x0000023071b83000

Heap address: 0x00000000c0000000, size: 1024 MB, Compressed Oops mode: 32-bit
Narrow klass base: 0x0000000800000000, Narrow klass shift: 3
Compressed class space size: 1073741824 Address: 0x0000000800b40000

Heap:
 garbage-first heap   total 245760K, used 75115K [0x00000000c0000000, 0x0000000100000000)
  region size 1024K, 1 young (1024K), 0 survivors (0K)
 Metaspace       used 10249K, capacity 12408K, committed 12544K, reserved 1060864K
  class space    used 1614K, capacity 1982K, committed 2048K, reserved 1048576K
Heap Regions: E=young(eden), S=young(survivor), O=old, HS=humongous(starts), HC=humongous(continues), CS=collection set, F=free, A=archive, TAMS=top-at-mark-start (previous, next)
|   0|0x00000000c0000000, 0x00000000c0100000, 0x00000000c0100000|100%| O|  |TAMS 0x00000000c0000000, 0x00000000c0000000| Untracked 
|   1|0x00000000c0100000, 0x00000000c01ffff8, 0x00000000c0200000| 99%| O|  |TAMS 0x00000000c0100000, 0x00000000c0100000| Untracked 
|   2|0x00000000c0200000, 0x00000000c02ffff8, 0x00000000c0300000| 99%| O|  |TAMS 0x00000000c0200000, 0x00000000c0200000| Untracked 
|   3|0x00000000c0300000, 0x00000000c03ffff0, 0x00000000c0400000| 99%| O|  |TAMS 0x00000000c0300000, 0x00000000c0300000| Untracked 
|   4|0x00000000c0400000, 0x00000000c04ffff0, 0x00000000c0500000| 99%| O|  |TAMS 0x00000000c0400000, 0x00000000c0400000| Untracked 
|   5|0x00000000c0500000, 0x00000000c05ffff8, 0x00000000c0600000| 99%| O|  |TAMS 0x00000000c0500000, 0x00000000c0500000| Untracked 
|   6|0x00000000c0600000, 0x00000000c06ffff0, 0x00000000c0700000| 99%| O|  |TAMS 0x00000000c0600000, 0x00000000c0600000| Untracked 
|   7|0x00000000c0700000, 0x00000000c0800000, 0x00000000c0800000|100%| O|  |TAMS 0x00000000c0700000, 0x00000000c0700000| Untracked 
|   8|0x00000000c0800000, 0x00000000c08ffff0, 0x00000000c0900000| 99%| O|  |TAMS 0x00000000c0800000, 0x00000000c0800000| Untracked 
|   9|0x00000000c0900000, 0x00000000c09ffe18, 0x00000000c0a00000| 99%| O|  |TAMS 0x00000000c0900000, 0x00000000c0900000| Untracked 
|  10|0x00000000c0a00000, 0x00000000c0b00000, 0x00000000c0b00000|100%| O|  |TAMS 0x00000000c0a00000, 0x00000000c0a00000| Untracked 
|  11|0x00000000c0b00000, 0x00000000c0c00000, 0x00000000c0c00000|100%| O|  |TAMS 0x00000000c0b00000, 0x00000000c0b00000| Untracked 
|  12|0x00000000c0c00000, 0x00000000c0d00000, 0x00000000c0d00000|100%|HS|  |TAMS 0x00000000c0c00000, 0x00000000c0c00000| Untracked 
|  13|0x00000000c0d00000, 0x00000000c0e00000, 0x00000000c0e00000|100%|HC|  |TAMS 0x00000000c0d00000, 0x00000000c0d00000| Untracked 
|  14|0x00000000c0e00000, 0x00000000c0f00000, 0x00000000c0f00000|100%|HS|  |TAMS 0x00000000c0e00000, 0x00000000c0e00000| Untracked 
|  15|0x00000000c0f00000, 0x00000000c1000000, 0x00000000c1000000|100%|HC|  |TAMS 0x00000000c0f00000, 0x00000000c0f00000| Untracked 
|  16|0x00000000c1000000, 0x00000000c10ffff8, 0x00000000c1100000| 99%| O|  |TAMS 0x00000000c1000000, 0x00000000c1000000| Untracked 
|  17|0x00000000c1100000, 0x00000000c11ffff0, 0x00000000c1200000| 99%| O|  |TAMS 0x00000000c1100000, 0x00000000c1100000| Untracked 
|  18|0x00000000c1200000, 0x00000000c12ffff0, 0x00000000c1300000| 99%| O|  |TAMS 0x00000000c1200000, 0x00000000c1200000| Untracked 
|  19|0x00000000c1300000, 0x00000000c13ffff0, 0x00000000c1400000| 99%| O|  |TAMS 0x00000000c1300000, 0x00000000c1300000| Untracked 
|  20|0x00000000c1400000, 0x00000000c1500000, 0x00000000c1500000|100%| O|  |TAMS 0x00000000c1400000, 0x00000000c1400000| Untracked 
|  21|0x00000000c1500000, 0x00000000c1600000, 0x00000000c1600000|100%|HS|  |TAMS 0x00000000c1500000, 0x00000000c1500000| Untracked 
|  22|0x00000000c1600000, 0x00000000c1700000, 0x00000000c1700000|100%|HS|  |TAMS 0x00000000c1600000, 0x00000000c1600000| Untracked 
|  23|0x00000000c1700000, 0x00000000c17ffff0, 0x00000000c1800000| 99%| O|  |TAMS 0x00000000c1700000, 0x00000000c1700000| Untracked 
|  24|0x00000000c1800000, 0x00000000c18ffff8, 0x00000000c1900000| 99%| O|  |TAMS 0x00000000c1800000, 0x00000000c1800000| Untracked 
|  25|0x00000000c1900000, 0x00000000c19ffff0, 0x00000000c1a00000| 99%| O|  |TAMS 0x00000000c1900000, 0x00000000c1900000| Untracked 
|  26|0x00000000c1a00000, 0x00000000c1affff0, 0x00000000c1b00000| 99%| O|  |TAMS 0x00000000c1a00000, 0x00000000c1a00000| Untracked 
|  27|0x00000000c1b00000, 0x00000000c1bffff8, 0x00000000c1c00000| 99%| O|  |TAMS 0x00000000c1b00000, 0x00000000c1b00000| Untracked 
|  28|0x00000000c1c00000, 0x00000000c1d00000, 0x00000000c1d00000|100%| O|  |TAMS 0x00000000c1c00000, 0x00000000c1c00000| Untracked 
|  29|0x00000000c1d00000, 0x00000000c1e00000, 0x00000000c1e00000|100%|HS|  |TAMS 0x00000000c1d00000, 0x00000000c1d00000| Untracked 
|  30|0x00000000c1e00000, 0x00000000c1f00000, 0x00000000c1f00000|100%|HC|  |TAMS 0x00000000c1e00000, 0x00000000c1e00000| Untracked 
|  31|0x00000000c1f00000, 0x00000000c2000000, 0x00000000c2000000|100%|HS|  |TAMS 0x00000000c1f00000, 0x00000000c1f00000| Untracked 
|  32|0x00000000c2000000, 0x00000000c2100000, 0x00000000c2100000|100%|HC|  |TAMS 0x00000000c2000000, 0x00000000c2000000| Untracked 
|  33|0x00000000c2100000, 0x00000000c21ffff8, 0x00000000c2200000| 99%| O|  |TAMS 0x00000000c2100000, 0x00000000c2100000| Untracked 
|  34|0x00000000c2200000, 0x00000000c2300000, 0x00000000c2300000|100%| O|  |TAMS 0x00000000c2200000, 0x00000000c2200000| Untracked 
|  35|0x00000000c2300000, 0x00000000c2400000, 0x00000000c2400000|100%|HS|  |TAMS 0x00000000c2300000, 0x00000000c2300000| Untracked 
|  36|0x00000000c2400000, 0x00000000c2500000, 0x00000000c2500000|100%|HC|  |TAMS 0x00000000c2400000, 0x00000000c2400000| Untracked 
|  37|0x00000000c2500000, 0x00000000c2600000, 0x00000000c2600000|100%|HS|  |TAMS 0x00000000c2500000, 0x00000000c2500000| Untracked 
|  38|0x00000000c2600000, 0x00000000c2700000, 0x00000000c2700000|100%|HC|  |TAMS 0x00000000c2600000, 0x00000000c2600000| Untracked 
|  39|0x00000000c2700000, 0x00000000c27ffff8, 0x00000000c2800000| 99%| O|  |TAMS 0x00000000c2700000, 0x00000000c2700000| Untracked 
|  40|0x00000000c2800000, 0x00000000c28ffff8, 0x00000000c2900000| 99%| O|  |TAMS 0x00000000c2800000, 0x00000000c2800000| Untracked 
|  41|0x00000000c2900000, 0x00000000c29ffff0, 0x00000000c2a00000| 99%| O|  |TAMS 0x00000000c2900000, 0x00000000c2900000| Untracked 
|  42|0x00000000c2a00000, 0x00000000c2affff0, 0x00000000c2b00000| 99%| O|  |TAMS 0x00000000c2a00000, 0x00000000c2a00000| Untracked 
|  43|0x00000000c2b00000, 0x00000000c2bffff0, 0x00000000c2c00000| 99%| O|  |TAMS 0x00000000c2b00000, 0x00000000c2b00000| Untracked 
|  44|0x00000000c2c00000, 0x00000000c2cffff8, 0x00000000c2d00000| 99%| O|  |TAMS 0x00000000c2c00000, 0x00000000c2c00000| Untracked 
|  45|0x00000000c2d00000, 0x00000000c2dffff8, 0x00000000c2e00000| 99%| O|  |TAMS 0x00000000c2d00000, 0x00000000c2d00000| Untracked 
|  46|0x00000000c2e00000, 0x00000000c2effff0, 0x00000000c2f00000| 99%| O|  |TAMS 0x00000000c2e00000, 0x00000000c2e00000| Untracked 
|  47|0x00000000c2f00000, 0x00000000c2fffff0, 0x00000000c3000000| 99%| O|  |TAMS 0x00000000c2f00000, 0x00000000c2f00000| Untracked 
|  48|0x00000000c3000000, 0x00000000c30ffff0, 0x00000000c3100000| 99%| O|  |TAMS 0x00000000c3000000, 0x00000000c3000000| Untracked 
|  49|0x00000000c3100000, 0x00000000c3200000, 0x00000000c3200000|100%|HS|  |TAMS 0x00000000c3100000, 0x00000000c3100000| Untracked 
|  50|0x00000000c3200000, 0x00000000c32ffff0, 0x00000000c3300000| 99%| O|  |TAMS 0x00000000c3200000, 0x00000000c3200000| Untracked 
|  51|0x00000000c3300000, 0x00000000c3400000, 0x00000000c3400000|100%| O|  |TAMS 0x00000000c3300000, 0x00000000c3300000| Untracked 
|  52|0x00000000c3400000, 0x00000000c3500000, 0x00000000c3500000|100%| O|  |TAMS 0x00000000c3400000, 0x00000000c3400000| Untracked 
|  53|0x00000000c3500000, 0x00000000c35ffff0, 0x00000000c3600000| 99%| O|  |TAMS 0x00000000c3500000, 0x00000000c3500000| Untracked 
|  54|0x00000000c3600000, 0x00000000c3700000, 0x00000000c3700000|100%| O|  |TAMS 0x00000000c3600000, 0x00000000c3600000| Untracked 
|  55|0x00000000c3700000, 0x00000000c37ffff0, 0x00000000c3800000| 99%| O|  |TAMS 0x00000000c3700000, 0x00000000c3700000| Untracked 
|  56|0x00000000c3800000, 0x00000000c3900000, 0x00000000c3900000|100%| O|  |TAMS 0x00000000c3800000, 0x00000000c3800000| Untracked 
|  57|0x00000000c3900000, 0x00000000c39ffff8, 0x00000000c3a00000| 99%| O|  |TAMS 0x00000000c3900000, 0x00000000c3900000| Untracked 
|  58|0x00000000c3a00000, 0x00000000c3affff8, 0x00000000c3b00000| 99%| O|  |TAMS 0x00000000c3a00000, 0x00000000c3a00000| Untracked 
|  59|0x00000000c3b00000, 0x00000000c3bffff8, 0x00000000c3c00000| 99%| O|  |TAMS 0x00000000c3b00000, 0x00000000c3b00000| Untracked 
|  60|0x00000000c3c00000, 0x00000000c3d00000, 0x00000000c3d00000|100%| O|  |TAMS 0x00000000c3c00000, 0x00000000c3c00000| Untracked 
|  61|0x00000000c3d00000, 0x00000000c3dffff8, 0x00000000c3e00000| 99%| O|  |TAMS 0x00000000c3d00000, 0x00000000c3d00000| Untracked 
|  62|0x00000000c3e00000, 0x00000000c3f00000, 0x00000000c3f00000|100%| O|  |TAMS 0x00000000c3e00000, 0x00000000c3e00000| Untracked 
|  63|0x00000000c3f00000, 0x00000000c3fffff0, 0x00000000c4000000| 99%| O|  |TAMS 0x00000000c3f00000, 0x00000000c3f00000| Untracked 
|  64|0x00000000c4000000, 0x00000000c4100000, 0x00000000c4100000|100%| O|  |TAMS 0x00000000c4000000, 0x00000000c4000000| Untracked 
|  65|0x00000000c4100000, 0x00000000c41ffff0, 0x00000000c4200000| 99%| O|  |TAMS 0x00000000c4100000, 0x00000000c4100000| Untracked 
|  66|0x00000000c4200000, 0x00000000c42ffff0, 0x00000000c4300000| 99%| O|  |TAMS 0x00000000c4200000, 0x00000000c4200000| Untracked 
|  67|0x00000000c4300000, 0x00000000c43ffff0, 0x00000000c4400000| 99%| O|  |TAMS 0x00000000c4300000, 0x00000000c4300000| Untracked 
|  68|0x00000000c4400000, 0x00000000c44ffff8, 0x00000000c4500000| 99%| O|  |TAMS 0x00000000c4400000, 0x00000000c4400000| Untracked 
|  69|0x00000000c4500000, 0x00000000c45ffff8, 0x00000000c4600000| 99%| O|  |TAMS 0x00000000c4500000, 0x00000000c4500000| Untracked 
|  70|0x00000000c4600000, 0x00000000c46ffff0, 0x00000000c4700000| 99%| O|  |TAMS 0x00000000c4600000, 0x00000000c4600000| Untracked 
|  71|0x00000000c4700000, 0x00000000c47fffd0, 0x00000000c4800000| 99%| O|  |TAMS 0x00000000c4700000, 0x00000000c4700000| Untracked 
|  72|0x00000000c4800000, 0x00000000c48fd9f0, 0x00000000c4900000| 99%| O|  |TAMS 0x00000000c4800000, 0x00000000c4800000| Untracked 
|  73|0x00000000c4900000, 0x00000000c495d6e8, 0x00000000c4a00000| 36%| O|  |TAMS 0x00000000c4900000, 0x00000000c4900000| Untracked 
|  74|0x00000000c4a00000, 0x00000000c4a00000, 0x00000000c4b00000|  0%| F|  |TAMS 0x00000000c4a00000, 0x00000000c4a00000| Untracked 
|  75|0x00000000c4b00000, 0x00000000c4b00000, 0x00000000c4c00000|  0%| F|  |TAMS 0x00000000c4b00000, 0x00000000c4b00000| Untracked 
|  76|0x00000000c4c00000, 0x00000000c4c00000, 0x00000000c4d00000|  0%| F|  |TAMS 0x00000000c4c00000, 0x00000000c4c00000| Untracked 
|  77|0x00000000c4d00000, 0x00000000c4d00000, 0x00000000c4e00000|  0%| F|  |TAMS 0x00000000c4d00000, 0x00000000c4d00000| Untracked 
|  78|0x00000000c4e00000, 0x00000000c4e00000, 0x00000000c4f00000|  0%| F|  |TAMS 0x00000000c4e00000, 0x00000000c4e00000| Untracked 
|  79|0x00000000c4f00000, 0x00000000c4f00000, 0x00000000c5000000|  0%| F|  |TAMS 0x00000000c4f00000, 0x00000000c4f00000| Untracked 
|  80|0x00000000c5000000, 0x00000000c5000000, 0x00000000c5100000|  0%| F|  |TAMS 0x00000000c5000000, 0x00000000c5000000| Untracked 
|  81|0x00000000c5100000, 0x00000000c5100000, 0x00000000c5200000|  0%| F|  |TAMS 0x00000000c5100000, 0x00000000c5100000| Untracked 
|  82|0x00000000c5200000, 0x00000000c5200000, 0x00000000c5300000|  0%| F|  |TAMS 0x00000000c5200000, 0x00000000c5200000| Untracked 
|  83|0x00000000c5300000, 0x00000000c5300000, 0x00000000c5400000|  0%| F|  |TAMS 0x00000000c5300000, 0x00000000c5300000| Untracked 
|  84|0x00000000c5400000, 0x00000000c5400000, 0x00000000c5500000|  0%| F|  |TAMS 0x00000000c5400000, 0x00000000c5400000| Untracked 
|  85|0x00000000c5500000, 0x00000000c5500000, 0x00000000c5600000|  0%| F|  |TAMS 0x00000000c5500000, 0x00000000c5500000| Untracked 
|  86|0x00000000c5600000, 0x00000000c5600000, 0x00000000c5700000|  0%| F|  |TAMS 0x00000000c5600000, 0x00000000c5600000| Untracked 
|  87|0x00000000c5700000, 0x00000000c5700000, 0x00000000c5800000|  0%| F|  |TAMS 0x00000000c5700000, 0x00000000c5700000| Untracked 
|  88|0x00000000c5800000, 0x00000000c5800000, 0x00000000c5900000|  0%| F|  |TAMS 0x00000000c5800000, 0x00000000c5800000| Untracked 
|  89|0x00000000c5900000, 0x00000000c5900000, 0x00000000c5a00000|  0%| F|  |TAMS 0x00000000c5900000, 0x00000000c5900000| Untracked 
|  90|0x00000000c5a00000, 0x00000000c5a00000, 0x00000000c5b00000|  0%| F|  |TAMS 0x00000000c5a00000, 0x00000000c5a00000| Untracked 
|  91|0x00000000c5b00000, 0x00000000c5b00000, 0x00000000c5c00000|  0%| F|  |TAMS 0x00000000c5b00000, 0x00000000c5b00000| Untracked 
|  92|0x00000000c5c00000, 0x00000000c5c00038, 0x00000000c5d00000|  0%| O|  |TAMS 0x00000000c5c00000, 0x00000000c5c00000| Untracked 
|  93|0x00000000c5d00000, 0x00000000c5d00000, 0x00000000c5e00000|  0%| F|  |TAMS 0x00000000c5d00000, 0x00000000c5d00000| Untracked 
|  94|0x00000000c5e00000, 0x00000000c5e00000, 0x00000000c5f00000|  0%| F|  |TAMS 0x00000000c5e00000, 0x00000000c5e00000| Untracked 
|  95|0x00000000c5f00000, 0x00000000c5f00000, 0x00000000c6000000|  0%| F|  |TAMS 0x00000000c5f00000, 0x00000000c5f00000| Untracked 
|  96|0x00000000c6000000, 0x00000000c6000000, 0x00000000c6100000|  0%| F|  |TAMS 0x00000000c6000000, 0x00000000c6000000| Untracked 
|  97|0x00000000c6100000, 0x00000000c6100000, 0x00000000c6200000|  0%| F|  |TAMS 0x00000000c6100000, 0x00000000c6100000| Untracked 
|  98|0x00000000c6200000, 0x00000000c6200000, 0x00000000c6300000|  0%| F|  |TAMS 0x00000000c6200000, 0x00000000c6200000| Untracked 
|  99|0x00000000c6300000, 0x00000000c6300000, 0x00000000c6400000|  0%| F|  |TAMS 0x00000000c6300000, 0x00000000c6300000| Untracked 
| 100|0x00000000c6400000, 0x00000000c6400000, 0x00000000c6500000|  0%| F|  |TAMS 0x00000000c6400000, 0x00000000c6400000| Untracked 
| 101|0x00000000c6500000, 0x00000000c6500000, 0x00000000c6600000|  0%| F|  |TAMS 0x00000000c6500000, 0x00000000c6500000| Untracked 
| 102|0x00000000c6600000, 0x00000000c6600000, 0x00000000c6700000|  0%| F|  |TAMS 0x00000000c6600000, 0x00000000c6600000| Untracked 
| 103|0x00000000c6700000, 0x00000000c6700000, 0x00000000c6800000|  0%| F|  |TAMS 0x00000000c6700000, 0x00000000c6700000| Untracked 
| 104|0x00000000c6800000, 0x00000000c6800000, 0x00000000c6900000|  0%| F|  |TAMS 0x00000000c6800000, 0x00000000c6800000| Untracked 
| 105|0x00000000c6900000, 0x00000000c6900000, 0x00000000c6a00000|  0%| F|  |TAMS 0x00000000c6900000, 0x00000000c6900000| Untracked 
| 106|0x00000000c6a00000, 0x00000000c6a00000, 0x00000000c6b00000|  0%| F|  |TAMS 0x00000000c6a00000, 0x00000000c6a00000| Untracked 
| 107|0x00000000c6b00000, 0x00000000c6b00000, 0x00000000c6c00000|  0%| F|  |TAMS 0x00000000c6b00000, 0x00000000c6b00000| Untracked 
| 108|0x00000000c6c00000, 0x00000000c6c00000, 0x00000000c6d00000|  0%| F|  |TAMS 0x00000000c6c00000, 0x00000000c6c00000| Untracked 
| 109|0x00000000c6d00000, 0x00000000c6d00000, 0x00000000c6e00000|  0%| F|  |TAMS 0x00000000c6d00000, 0x00000000c6d00000| Untracked 
| 110|0x00000000c6e00000, 0x00000000c6e00000, 0x00000000c6f00000|  0%| F|  |TAMS 0x00000000c6e00000, 0x00000000c6e00000| Untracked 
| 111|0x00000000c6f00000, 0x00000000c6f00000, 0x00000000c7000000|  0%| F|  |TAMS 0x00000000c6f00000, 0x00000000c6f00000| Untracked 
| 112|0x00000000c7000000, 0x00000000c7000000, 0x00000000c7100000|  0%| F|  |TAMS 0x00000000c7000000, 0x00000000c7000000| Untracked 
| 113|0x00000000c7100000, 0x00000000c7100000, 0x00000000c7200000|  0%| F|  |TAMS 0x00000000c7100000, 0x00000000c7100000| Untracked 
| 114|0x00000000c7200000, 0x00000000c7200000, 0x00000000c7300000|  0%| F|  |TAMS 0x00000000c7200000, 0x00000000c7200000| Untracked 
| 115|0x00000000c7300000, 0x00000000c7300000, 0x00000000c7400000|  0%| F|  |TAMS 0x00000000c7300000, 0x00000000c7300000| Untracked 
| 116|0x00000000c7400000, 0x00000000c7400000, 0x00000000c7500000|  0%| F|  |TAMS 0x00000000c7400000, 0x00000000c7400000| Untracked 
| 117|0x00000000c7500000, 0x00000000c7500000, 0x00000000c7600000|  0%| F|  |TAMS 0x00000000c7500000, 0x00000000c7500000| Untracked 
| 118|0x00000000c7600000, 0x00000000c7600000, 0x00000000c7700000|  0%| F|  |TAMS 0x00000000c7600000, 0x00000000c7600000| Untracked 
| 119|0x00000000c7700000, 0x00000000c7700000, 0x00000000c7800000|  0%| F|  |TAMS 0x00000000c7700000, 0x00000000c7700000| Untracked 
| 120|0x00000000c7800000, 0x00000000c7800000, 0x00000000c7900000|  0%| F|  |TAMS 0x00000000c7800000, 0x00000000c7800000| Untracked 
| 121|0x00000000c7900000, 0x00000000c7900000, 0x00000000c7a00000|  0%| F|  |TAMS 0x00000000c7900000, 0x00000000c7900000| Untracked 
| 122|0x00000000c7a00000, 0x00000000c7a00000, 0x00000000c7b00000|  0%| F|  |TAMS 0x00000000c7a00000, 0x00000000c7a00000| Untracked 
| 123|0x00000000c7b00000, 0x00000000c7b00000, 0x00000000c7c00000|  0%| F|  |TAMS 0x00000000c7b00000, 0x00000000c7b00000| Untracked 
| 124|0x00000000c7c00000, 0x00000000c7c00000, 0x00000000c7d00000|  0%| F|  |TAMS 0x00000000c7c00000, 0x00000000c7c00000| Untracked 
| 125|0x00000000c7d00000, 0x00000000c7d00000, 0x00000000c7e00000|  0%| F|  |TAMS 0x00000000c7d00000, 0x00000000c7d00000| Untracked 
| 126|0x00000000c7e00000, 0x00000000c7e00000, 0x00000000c7f00000|  0%| F|  |TAMS 0x00000000c7e00000, 0x00000000c7e00000| Untracked 
| 127|0x00000000c7f00000, 0x00000000c7f00000, 0x00000000c8000000|  0%| F|  |TAMS 0x00000000c7f00000, 0x00000000c7f00000| Untracked 
| 128|0x00000000c8000000, 0x00000000c8000000, 0x00000000c8100000|  0%| F|  |TAMS 0x00000000c8000000, 0x00000000c8000000| Untracked 
| 129|0x00000000c8100000, 0x00000000c8100000, 0x00000000c8200000|  0%| F|  |TAMS 0x00000000c8100000, 0x00000000c8100000| Untracked 
| 130|0x00000000c8200000, 0x00000000c8200000, 0x00000000c8300000|  0%| F|  |TAMS 0x00000000c8200000, 0x00000000c8200000| Untracked 
| 131|0x00000000c8300000, 0x00000000c8300000, 0x00000000c8400000|  0%| F|  |TAMS 0x00000000c8300000, 0x00000000c8300000| Untracked 
| 132|0x00000000c8400000, 0x00000000c8400000, 0x00000000c8500000|  0%| F|  |TAMS 0x00000000c8400000, 0x00000000c8400000| Untracked 
| 133|0x00000000c8500000, 0x00000000c8500000, 0x00000000c8600000|  0%| F|  |TAMS 0x00000000c8500000, 0x00000000c8500000| Untracked 
| 134|0x00000000c8600000, 0x00000000c8600000, 0x00000000c8700000|  0%| F|  |TAMS 0x00000000c8600000, 0x00000000c8600000| Untracked 
| 135|0x00000000c8700000, 0x00000000c8700000, 0x00000000c8800000|  0%| F|  |TAMS 0x00000000c8700000, 0x00000000c8700000| Untracked 
| 136|0x00000000c8800000, 0x00000000c8800000, 0x00000000c8900000|  0%| F|  |TAMS 0x00000000c8800000, 0x00000000c8800000| Untracked 
| 137|0x00000000c8900000, 0x00000000c8900000, 0x00000000c8a00000|  0%| F|  |TAMS 0x00000000c8900000, 0x00000000c8900000| Untracked 
| 138|0x00000000c8a00000, 0x00000000c8a00000, 0x00000000c8b00000|  0%| F|  |TAMS 0x00000000c8a00000, 0x00000000c8a00000| Untracked 
| 139|0x00000000c8b00000, 0x00000000c8b00000, 0x00000000c8c00000|  0%| F|  |TAMS 0x00000000c8b00000, 0x00000000c8b00000| Untracked 
| 140|0x00000000c8c00000, 0x00000000c8c00000, 0x00000000c8d00000|  0%| F|  |TAMS 0x00000000c8c00000, 0x00000000c8c00000| Untracked 
| 141|0x00000000c8d00000, 0x00000000c8d00000, 0x00000000c8e00000|  0%| F|  |TAMS 0x00000000c8d00000, 0x00000000c8d00000| Untracked 
| 142|0x00000000c8e00000, 0x00000000c8e00000, 0x00000000c8f00000|  0%| F|  |TAMS 0x00000000c8e00000, 0x00000000c8e00000| Untracked 
| 143|0x00000000c8f00000, 0x00000000c8f00000, 0x00000000c9000000|  0%| F|  |TAMS 0x00000000c8f00000, 0x00000000c8f00000| Untracked 
| 144|0x00000000c9000000, 0x00000000c9000000, 0x00000000c9100000|  0%| F|  |TAMS 0x00000000c9000000, 0x00000000c9000000| Untracked 
| 145|0x00000000c9100000, 0x00000000c9100000, 0x00000000c9200000|  0%| F|  |TAMS 0x00000000c9100000, 0x00000000c9100000| Untracked 
| 146|0x00000000c9200000, 0x00000000c9200000, 0x00000000c9300000|  0%| F|  |TAMS 0x00000000c9200000, 0x00000000c9200000| Untracked 
| 147|0x00000000c9300000, 0x00000000c9300000, 0x00000000c9400000|  0%| F|  |TAMS 0x00000000c9300000, 0x00000000c9300000| Untracked 
| 148|0x00000000c9400000, 0x00000000c9400000, 0x00000000c9500000|  0%| F|  |TAMS 0x00000000c9400000, 0x00000000c9400000| Untracked 
| 149|0x00000000c9500000, 0x00000000c9500000, 0x00000000c9600000|  0%| F|  |TAMS 0x00000000c9500000, 0x00000000c9500000| Untracked 
| 150|0x00000000c9600000, 0x00000000c9600000, 0x00000000c9700000|  0%| F|  |TAMS 0x00000000c9600000, 0x00000000c9600000| Untracked 
| 151|0x00000000c9700000, 0x00000000c9700000, 0x00000000c9800000|  0%| F|  |TAMS 0x00000000c9700000, 0x00000000c9700000| Untracked 
| 152|0x00000000c9800000, 0x00000000c9800000, 0x00000000c9900000|  0%| F|  |TAMS 0x00000000c9800000, 0x00000000c9800000| Untracked 
| 153|0x00000000c9900000, 0x00000000c9900000, 0x00000000c9a00000|  0%| F|  |TAMS 0x00000000c9900000, 0x00000000c9900000| Untracked 
| 154|0x00000000c9a00000, 0x00000000c9a00000, 0x00000000c9b00000|  0%| F|  |TAMS 0x00000000c9a00000, 0x00000000c9a00000| Untracked 
| 155|0x00000000c9b00000, 0x00000000c9b00000, 0x00000000c9c00000|  0%| F|  |TAMS 0x00000000c9b00000, 0x00000000c9b00000| Untracked 
| 156|0x00000000c9c00000, 0x00000000c9c00000, 0x00000000c9d00000|  0%| F|  |TAMS 0x00000000c9c00000, 0x00000000c9c00000| Untracked 
| 157|0x00000000c9d00000, 0x00000000c9d00000, 0x00000000c9e00000|  0%| F|  |TAMS 0x00000000c9d00000, 0x00000000c9d00000| Untracked 
| 158|0x00000000c9e00000, 0x00000000c9e00000, 0x00000000c9f00000|  0%| F|  |TAMS 0x00000000c9e00000, 0x00000000c9e00000| Untracked 
| 159|0x00000000c9f00000, 0x00000000c9f00000, 0x00000000ca000000|  0%| F|  |TAMS 0x00000000c9f00000, 0x00000000c9f00000| Untracked 
| 160|0x00000000ca000000, 0x00000000ca000000, 0x00000000ca100000|  0%| F|  |TAMS 0x00000000ca000000, 0x00000000ca000000| Untracked 
| 161|0x00000000ca100000, 0x00000000ca100000, 0x00000000ca200000|  0%| F|  |TAMS 0x00000000ca100000, 0x00000000ca100000| Untracked 
| 162|0x00000000ca200000, 0x00000000ca200000, 0x00000000ca300000|  0%| F|  |TAMS 0x00000000ca200000, 0x00000000ca200000| Untracked 
| 163|0x00000000ca300000, 0x00000000ca300000, 0x00000000ca400000|  0%| F|  |TAMS 0x00000000ca300000, 0x00000000ca300000| Untracked 
| 164|0x00000000ca400000, 0x00000000ca400000, 0x00000000ca500000|  0%| F|  |TAMS 0x00000000ca400000, 0x00000000ca400000| Untracked 
| 165|0x00000000ca500000, 0x00000000ca500000, 0x00000000ca600000|  0%| F|  |TAMS 0x00000000ca500000, 0x00000000ca500000| Untracked 
| 166|0x00000000ca600000, 0x00000000ca600000, 0x00000000ca700000|  0%| F|  |TAMS 0x00000000ca600000, 0x00000000ca600000| Untracked 
| 167|0x00000000ca700000, 0x00000000ca700000, 0x00000000ca800000|  0%| F|  |TAMS 0x00000000ca700000, 0x00000000ca700000| Untracked 
| 168|0x00000000ca800000, 0x00000000ca800000, 0x00000000ca900000|  0%| F|  |TAMS 0x00000000ca800000, 0x00000000ca800000| Untracked 
| 169|0x00000000ca900000, 0x00000000ca900000, 0x00000000caa00000|  0%| F|  |TAMS 0x00000000ca900000, 0x00000000ca900000| Untracked 
| 170|0x00000000caa00000, 0x00000000caa00000, 0x00000000cab00000|  0%| F|  |TAMS 0x00000000caa00000, 0x00000000caa00000| Untracked 
| 171|0x00000000cab00000, 0x00000000cab00000, 0x00000000cac00000|  0%| F|  |TAMS 0x00000000cab00000, 0x00000000cab00000| Untracked 
| 172|0x00000000cac00000, 0x00000000cac00000, 0x00000000cad00000|  0%| F|  |TAMS 0x00000000cac00000, 0x00000000cac00000| Untracked 
| 173|0x00000000cad00000, 0x00000000cad00000, 0x00000000cae00000|  0%| F|  |TAMS 0x00000000cad00000, 0x00000000cad00000| Untracked 
| 174|0x00000000cae00000, 0x00000000cae00000, 0x00000000caf00000|  0%| F|  |TAMS 0x00000000cae00000, 0x00000000cae00000| Untracked 
| 175|0x00000000caf00000, 0x00000000caf00000, 0x00000000cb000000|  0%| F|  |TAMS 0x00000000caf00000, 0x00000000caf00000| Untracked 
| 176|0x00000000cb000000, 0x00000000cb000000, 0x00000000cb100000|  0%| F|  |TAMS 0x00000000cb000000, 0x00000000cb000000| Untracked 
| 177|0x00000000cb100000, 0x00000000cb100000, 0x00000000cb200000|  0%| F|  |TAMS 0x00000000cb100000, 0x00000000cb100000| Untracked 
| 178|0x00000000cb200000, 0x00000000cb200000, 0x00000000cb300000|  0%| F|  |TAMS 0x00000000cb200000, 0x00000000cb200000| Untracked 
| 179|0x00000000cb300000, 0x00000000cb300000, 0x00000000cb400000|  0%| F|  |TAMS 0x00000000cb300000, 0x00000000cb300000| Untracked 
| 180|0x00000000cb400000, 0x00000000cb400000, 0x00000000cb500000|  0%| F|  |TAMS 0x00000000cb400000, 0x00000000cb400000| Untracked 
| 181|0x00000000cb500000, 0x00000000cb500000, 0x00000000cb600000|  0%| F|  |TAMS 0x00000000cb500000, 0x00000000cb500000| Untracked 
| 182|0x00000000cb600000, 0x00000000cb600000, 0x00000000cb700000|  0%| F|  |TAMS 0x00000000cb600000, 0x00000000cb600000| Untracked 
| 183|0x00000000cb700000, 0x00000000cb700000, 0x00000000cb800000|  0%| F|  |TAMS 0x00000000cb700000, 0x00000000cb700000| Untracked 
| 184|0x00000000cb800000, 0x00000000cb800000, 0x00000000cb900000|  0%| F|  |TAMS 0x00000000cb800000, 0x00000000cb800000| Untracked 
| 185|0x00000000cb900000, 0x00000000cb900000, 0x00000000cba00000|  0%| F|  |TAMS 0x00000000cb900000, 0x00000000cb900000| Untracked 
| 186|0x00000000cba00000, 0x00000000cba00000, 0x00000000cbb00000|  0%| F|  |TAMS 0x00000000cba00000, 0x00000000cba00000| Untracked 
| 187|0x00000000cbb00000, 0x00000000cbb00000, 0x00000000cbc00000|  0%| F|  |TAMS 0x00000000cbb00000, 0x00000000cbb00000| Untracked 
| 188|0x00000000cbc00000, 0x00000000cbc00000, 0x00000000cbd00000|  0%| F|  |TAMS 0x00000000cbc00000, 0x00000000cbc00000| Untracked 
| 189|0x00000000cbd00000, 0x00000000cbd00000, 0x00000000cbe00000|  0%| F|  |TAMS 0x00000000cbd00000, 0x00000000cbd00000| Untracked 
| 190|0x00000000cbe00000, 0x00000000cbe00000, 0x00000000cbf00000|  0%| F|  |TAMS 0x00000000cbe00000, 0x00000000cbe00000| Untracked 
| 191|0x00000000cbf00000, 0x00000000cbf00000, 0x00000000cc000000|  0%| F|  |TAMS 0x00000000cbf00000, 0x00000000cbf00000| Untracked 
| 192|0x00000000cc000000, 0x00000000cc000000, 0x00000000cc100000|  0%| F|  |TAMS 0x00000000cc000000, 0x00000000cc000000| Untracked 
| 193|0x00000000cc100000, 0x00000000cc100000, 0x00000000cc200000|  0%| F|  |TAMS 0x00000000cc100000, 0x00000000cc100000| Untracked 
| 194|0x00000000cc200000, 0x00000000cc200000, 0x00000000cc300000|  0%| F|  |TAMS 0x00000000cc200000, 0x00000000cc200000| Untracked 
| 195|0x00000000cc300000, 0x00000000cc300000, 0x00000000cc400000|  0%| F|  |TAMS 0x00000000cc300000, 0x00000000cc300000| Untracked 
| 196|0x00000000cc400000, 0x00000000cc400000, 0x00000000cc500000|  0%| F|  |TAMS 0x00000000cc400000, 0x00000000cc400000| Untracked 
| 197|0x00000000cc500000, 0x00000000cc500000, 0x00000000cc600000|  0%| F|  |TAMS 0x00000000cc500000, 0x00000000cc500000| Untracked 
| 198|0x00000000cc600000, 0x00000000cc600000, 0x00000000cc700000|  0%| F|  |TAMS 0x00000000cc600000, 0x00000000cc600000| Untracked 
| 199|0x00000000cc700000, 0x00000000cc700000, 0x00000000cc800000|  0%| F|  |TAMS 0x00000000cc700000, 0x00000000cc700000| Untracked 
| 200|0x00000000cc800000, 0x00000000cc800000, 0x00000000cc900000|  0%| F|  |TAMS 0x00000000cc800000, 0x00000000cc800000| Untracked 
| 201|0x00000000cc900000, 0x00000000cc900000, 0x00000000cca00000|  0%| F|  |TAMS 0x00000000cc900000, 0x00000000cc900000| Untracked 
| 202|0x00000000cca00000, 0x00000000cca00000, 0x00000000ccb00000|  0%| F|  |TAMS 0x00000000cca00000, 0x00000000cca00000| Untracked 
| 203|0x00000000ccb00000, 0x00000000ccb00000, 0x00000000ccc00000|  0%| F|  |TAMS 0x00000000ccb00000, 0x00000000ccb00000| Untracked 
| 204|0x00000000ccc00000, 0x00000000ccc00000, 0x00000000ccd00000|  0%| F|  |TAMS 0x00000000ccc00000, 0x00000000ccc00000| Untracked 
| 205|0x00000000ccd00000, 0x00000000ccd00000, 0x00000000cce00000|  0%| F|  |TAMS 0x00000000ccd00000, 0x00000000ccd00000| Untracked 
| 206|0x00000000cce00000, 0x00000000cce00000, 0x00000000ccf00000|  0%| F|  |TAMS 0x00000000cce00000, 0x00000000cce00000| Untracked 
| 207|0x00000000ccf00000, 0x00000000ccf00000, 0x00000000cd000000|  0%| F|  |TAMS 0x00000000ccf00000, 0x00000000ccf00000| Untracked 
| 208|0x00000000cd000000, 0x00000000cd000000, 0x00000000cd100000|  0%| F|  |TAMS 0x00000000cd000000, 0x00000000cd000000| Untracked 
| 209|0x00000000cd100000, 0x00000000cd100000, 0x00000000cd200000|  0%| F|  |TAMS 0x00000000cd100000, 0x00000000cd100000| Untracked 
| 210|0x00000000cd200000, 0x00000000cd200000, 0x00000000cd300000|  0%| F|  |TAMS 0x00000000cd200000, 0x00000000cd200000| Untracked 
| 211|0x00000000cd300000, 0x00000000cd300000, 0x00000000cd400000|  0%| F|  |TAMS 0x00000000cd300000, 0x00000000cd300000| Untracked 
| 212|0x00000000cd400000, 0x00000000cd400000, 0x00000000cd500000|  0%| F|  |TAMS 0x00000000cd400000, 0x00000000cd400000| Untracked 
| 213|0x00000000cd500000, 0x00000000cd500000, 0x00000000cd600000|  0%| F|  |TAMS 0x00000000cd500000, 0x00000000cd500000| Untracked 
| 214|0x00000000cd600000, 0x00000000cd600000, 0x00000000cd700000|  0%| F|  |TAMS 0x00000000cd600000, 0x00000000cd600000| Untracked 
| 215|0x00000000cd700000, 0x00000000cd700000, 0x00000000cd800000|  0%| F|  |TAMS 0x00000000cd700000, 0x00000000cd700000| Untracked 
| 216|0x00000000cd800000, 0x00000000cd800000, 0x00000000cd900000|  0%| F|  |TAMS 0x00000000cd800000, 0x00000000cd800000| Untracked 
| 217|0x00000000cd900000, 0x00000000cd900000, 0x00000000cda00000|  0%| F|  |TAMS 0x00000000cd900000, 0x00000000cd900000| Untracked 
| 218|0x00000000cda00000, 0x00000000cda00000, 0x00000000cdb00000|  0%| F|  |TAMS 0x00000000cda00000, 0x00000000cda00000| Untracked 
| 219|0x00000000cdb00000, 0x00000000cdb00000, 0x00000000cdc00000|  0%| F|  |TAMS 0x00000000cdb00000, 0x00000000cdb00000| Untracked 
| 220|0x00000000cdc00000, 0x00000000cdc00000, 0x00000000cdd00000|  0%| F|  |TAMS 0x00000000cdc00000, 0x00000000cdc00000| Untracked 
| 221|0x00000000cdd00000, 0x00000000cdd00000, 0x00000000cde00000|  0%| F|  |TAMS 0x00000000cdd00000, 0x00000000cdd00000| Untracked 
| 222|0x00000000cde00000, 0x00000000cde00000, 0x00000000cdf00000|  0%| F|  |TAMS 0x00000000cde00000, 0x00000000cde00000| Untracked 
| 223|0x00000000cdf00000, 0x00000000cdf00000, 0x00000000ce000000|  0%| F|  |TAMS 0x00000000cdf00000, 0x00000000cdf00000| Untracked 
| 224|0x00000000ce000000, 0x00000000ce000000, 0x00000000ce100000|  0%| F|  |TAMS 0x00000000ce000000, 0x00000000ce000000| Untracked 
| 225|0x00000000ce100000, 0x00000000ce100000, 0x00000000ce200000|  0%| F|  |TAMS 0x00000000ce100000, 0x00000000ce100000| Untracked 
| 226|0x00000000ce200000, 0x00000000ce200000, 0x00000000ce300000|  0%| F|  |TAMS 0x00000000ce200000, 0x00000000ce200000| Untracked 
| 227|0x00000000ce300000, 0x00000000ce300000, 0x00000000ce400000|  0%| F|  |TAMS 0x00000000ce300000, 0x00000000ce300000| Untracked 
| 228|0x00000000ce400000, 0x00000000ce400000, 0x00000000ce500000|  0%| F|  |TAMS 0x00000000ce400000, 0x00000000ce400000| Untracked 
| 229|0x00000000ce500000, 0x00000000ce500000, 0x00000000ce600000|  0%| F|  |TAMS 0x00000000ce500000, 0x00000000ce500000| Untracked 
| 230|0x00000000ce600000, 0x00000000ce600000, 0x00000000ce700000|  0%| F|  |TAMS 0x00000000ce600000, 0x00000000ce600000| Untracked 
| 231|0x00000000ce700000, 0x00000000ce700000, 0x00000000ce800000|  0%| F|  |TAMS 0x00000000ce700000, 0x00000000ce700000| Untracked 
| 232|0x00000000ce800000, 0x00000000ce800000, 0x00000000ce900000|  0%| F|  |TAMS 0x00000000ce800000, 0x00000000ce800000| Untracked 
| 233|0x00000000ce900000, 0x00000000ce900000, 0x00000000cea00000|  0%| F|  |TAMS 0x00000000ce900000, 0x00000000ce900000| Untracked 
| 234|0x00000000cea00000, 0x00000000cea00000, 0x00000000ceb00000|  0%| F|  |TAMS 0x00000000cea00000, 0x00000000cea00000| Untracked 
| 235|0x00000000ceb00000, 0x00000000ceb00000, 0x00000000cec00000|  0%| F|  |TAMS 0x00000000ceb00000, 0x00000000ceb00000| Untracked 
| 236|0x00000000cec00000, 0x00000000cec00000, 0x00000000ced00000|  0%| F|  |TAMS 0x00000000cec00000, 0x00000000cec00000| Untracked 
| 237|0x00000000ced00000, 0x00000000ced00000, 0x00000000cee00000|  0%| F|  |TAMS 0x00000000ced00000, 0x00000000ced00000| Untracked 
| 238|0x00000000cee00000, 0x00000000cee00000, 0x00000000cef00000|  0%| F|  |TAMS 0x00000000cee00000, 0x00000000cee00000| Untracked 
| 239|0x00000000cef00000, 0x00000000cef00a78, 0x00000000cf000000|  0%| E|  |TAMS 0x00000000cef00000, 0x00000000cef00000| Complete 

Card table byte_map: [0x000002307b6f0000,0x000002307b8f0000] _byte_map_base: 0x000002307b0f0000

Marking Bits (Prev, Next): (CMBitMap*) 0x000002306a04d498, (CMBitMap*) 0x000002306a04d4d8
 Prev Bits: [0x000002307baf0000, 0x000002307caf0000)
 Next Bits: [0x000002307caf0000, 0x000002307daf0000)

Polling page: 0x0000023072a60000

Metaspace:

Usage:
  Non-class:     10.18 MB capacity,     8.43 MB ( 83%) used,     1.71 MB ( 17%) free+waste,    36.63 KB ( <1%) overhead. 
      Class:      1.94 MB capacity,     1.58 MB ( 81%) used,   348.21 KB ( 18%) free+waste,    19.75 KB ( <1%) overhead. 
       Both:     12.12 MB capacity,    10.01 MB ( 83%) used,     2.05 MB ( 17%) free+waste,    56.38 KB ( <1%) overhead. 

Virtual space:
  Non-class space:       12.00 MB reserved,      10.25 MB ( 85%) committed 
      Class space:        1.00 GB reserved,       2.00 MB ( <1%) committed 
             Both:        1.01 GB reserved,      12.25 MB (  1%) committed 

Chunk freelists:
   Non-Class:  6.00 KB
       Class:  2.00 KB
        Both:  8.00 KB

MaxMetaspaceSize: 17179869184.00 GB
CompressedClassSpaceSize: 1.00 GB

CodeHeap 'non-profiled nmethods': size=120000Kb used=1382Kb max_used=1382Kb free=118617Kb
 bounds [0x0000023007ad0000, 0x0000023007d40000, 0x000002300f000000]
CodeHeap 'profiled nmethods': size=120000Kb used=5525Kb max_used=5525Kb free=114474Kb
 bounds [0x00000230005a0000, 0x0000023000b10000, 0x0000023007ad0000]
CodeHeap 'non-nmethods': size=5760Kb used=1172Kb max_used=1260Kb free=4587Kb
 bounds [0x0000023000000000, 0x0000023000270000, 0x00000230005a0000]
 total_blobs=4626 nmethods=3028 adapters=323
 compilation: enabled
              stopped_count=0, restarted_count=0
 full_count=0

Compilation events (20 events):
Event: 6.959 Thread 0x000002300f1d5800 2370       4       scala.collection.immutable.HashMap$HashMap1::updated0 (173 bytes)
Event: 7.004 Thread 0x000002300f1d5800 nmethod 2370 0x0000023007c24810 code [0x0000023007c24a60, 0x0000023007c26488]
Event: 7.004 Thread 0x000002300f1d5800 2698       4       scala.collection.GenSeq::$init$ (1 bytes)
Event: 7.005 Thread 0x000002300f1d5800 nmethod 2698 0x0000023007c26e10 code [0x0000023007c26f80, 0x0000023007c26fb8]
Event: 7.005 Thread 0x000002300f1d5800 2366       4       scala.collection.immutable.HashMap$::scala$collection$immutable$HashMap$$makeHashTrieMap (133 bytes)
Event: 7.027 Thread 0x000002300f1d5800 nmethod 2366 0x0000023007c27110 code [0x0000023007c272e0, 0x0000023007c28148]
Event: 7.027 Thread 0x000002300f1d5800 2390       4       scala.collection.immutable.ListSet$Node::next (5 bytes)
Event: 7.027 Thread 0x000002300f1d5800 nmethod 2390 0x0000023007c28510 code [0x0000023007c286a0, 0x0000023007c28718]
Event: 7.027 Thread 0x000002300f1d5800 2571       4       scala.Enumeration$Value::hashCode (5 bytes)
Event: 7.027 Thread 0x000002300f1d5800 nmethod 2571 0x0000023007c28810 code [0x0000023007c289a0, 0x0000023007c28a18]
Event: 7.027 Thread 0x000002300f1d5800 2451       4       scala.collection.GenSet::$init$ (1 bytes)
Event: 7.028 Thread 0x000002300f1d5800 nmethod 2451 0x0000023007c28b10 code [0x0000023007c28c80, 0x0000023007c28cb8]
Event: 7.028 Thread 0x000002300f1d5800 2787       4       scala.collection.SetLike::$init$ (1 bytes)
Event: 7.028 Thread 0x000002300f1d5800 nmethod 2787 0x0000023007c28e10 code [0x0000023007c28f80, 0x0000023007c28fb8]
Event: 7.028 Thread 0x000002300f1d5800 2788       4       scala.collection.Set::$init$ (1 bytes)
Event: 7.028 Thread 0x000002300f1d5800 nmethod 2788 0x0000023007c29110 code [0x0000023007c29280, 0x0000023007c292b8]
Event: 7.028 Thread 0x000002300f1d5800 2943       4       scala.collection.GenSetLike::$init$ (1 bytes)
Event: 7.028 Thread 0x000002300f1d5800 nmethod 2943 0x0000023007c29410 code [0x0000023007c29580, 0x0000023007c295b8]
Event: 7.028 Thread 0x000002300f1d5800 2944       4       scala.collection.generic.GenericSetTemplate::$init$ (1 bytes)
Event: 7.028 Thread 0x000002300f1d5800 nmethod 2944 0x0000023007c29710 code [0x0000023007c29880, 0x0000023007c298b8]

GC Heap History (20 events):
Event: 7.608 GC heap before
{Heap before GC invocations=49 (full 13):
 garbage-first heap   total 245760K, used 75115K [0x00000000c0000000, 0x0000000100000000)
  region size 1024K, 1 young (1024K), 0 survivors (0K)
 Metaspace       used 10249K, capacity 12408K, committed 12544K, reserved 1060864K
  class space    used 1614K, capacity 1982K, committed 2048K, reserved 1048576K
}
Event: 7.698 GC heap after
{Heap after GC invocations=50 (full 14):
 garbage-first heap   total 245760K, used 75115K [0x00000000c0000000, 0x0000000100000000)
  region size 1024K, 0 young (0K), 0 survivors (0K)
 Metaspace       used 10249K, capacity 12408K, committed 12544K, reserved 1060864K
  class space    used 1614K, capacity 1982K, committed 2048K, reserved 1048576K
}
Event: 8.473 GC heap before
{Heap before GC invocations=50 (full 14):
 garbage-first heap   total 245760K, used 75115K [0x00000000c0000000, 0x0000000100000000)
  region size 1024K, 1 young (1024K), 0 survivors (0K)
 Metaspace       used 10249K, capacity 12408K, committed 12544K, reserved 1060864K
  class space    used 1614K, capacity 1982K, committed 2048K, reserved 1048576K
}
Event: 8.558 GC heap after
{Heap after GC invocations=51 (full 15):
 garbage-first heap   total 245760K, used 75115K [0x00000000c0000000, 0x0000000100000000)
  region size 1024K, 0 young (0K), 0 survivors (0K)
 Metaspace       used 10249K, capacity 12408K, committed 12544K, reserved 1060864K
  class space    used 1614K, capacity 1982K, committed 2048K, reserved 1048576K
}
Event: 8.672 GC heap before
{Heap before GC invocations=51 (full 15):
 garbage-first heap   total 245760K, used 75115K [0x00000000c0000000, 0x0000000100000000)
  region size 1024K, 1 young (1024K), 0 survivors (0K)
 Metaspace       used 10249K, capacity 12408K, committed 12544K, reserved 1060864K
  class space    used 1614K, capacity 1982K, committed 2048K, reserved 1048576K
}
Event: 8.757 GC heap after
{Heap after GC invocations=52 (full 16):
 garbage-first heap   total 245760K, used 75115K [0x00000000c0000000, 0x0000000100000000)
  region size 1024K, 0 young (0K), 0 survivors (0K)
 Metaspace       used 10249K, capacity 12408K, committed 12544K, reserved 1060864K
  class space    used 1614K, capacity 1982K, committed 2048K, reserved 1048576K
}
Event: 9.201 GC heap before
{Heap before GC invocations=52 (full 16):
 garbage-first heap   total 245760K, used 75115K [0x00000000c0000000, 0x0000000100000000)
  region size 1024K, 1 young (1024K), 0 survivors (0K)
 Metaspace       used 10249K, capacity 12408K, committed 12544K, reserved 1060864K
  class space    used 1614K, capacity 1982K, committed 2048K, reserved 1048576K
}
Event: 9.282 GC heap after
{Heap after GC invocations=53 (full 17):
 garbage-first heap   total 245760K, used 75115K [0x00000000c0000000, 0x0000000100000000)
  region size 1024K, 0 young (0K), 0 survivors (0K)
 Metaspace       used 10249K, capacity 12408K, committed 12544K, reserved 1060864K
  class space    used 1614K, capacity 1982K, committed 2048K, reserved 1048576K
}
Event: 9.386 GC heap before
{Heap before GC invocations=53 (full 17):
 garbage-first heap   total 245760K, used 75115K [0x00000000c0000000, 0x0000000100000000)
  region size 1024K, 1 young (1024K), 0 survivors (0K)
 Metaspace       used 10249K, capacity 12408K, committed 12544K, reserved 1060864K
  class space    used 1614K, capacity 1982K, committed 2048K, reserved 1048576K
}
Event: 9.467 GC heap after
{Heap after GC invocations=54 (full 18):
 garbage-first heap   total 245760K, used 75115K [0x00000000c0000000, 0x0000000100000000)
  region size 1024K, 0 young (0K), 0 survivors (0K)
 Metaspace       used 10249K, capacity 12408K, committed 12544K, reserved 1060864K
  class space    used 1614K, capacity 1982K, committed 2048K, reserved 1048576K
}
Event: 9.541 GC heap before
{Heap before GC invocations=54 (full 18):
 garbage-first heap   total 245760K, used 75115K [0x00000000c0000000, 0x0000000100000000)
  region size 1024K, 1 young (1024K), 0 survivors (0K)
 Metaspace       used 10249K, capacity 12408K, committed 12544K, reserved 1060864K
  class space    used 1614K, capacity 1982K, committed 2048K, reserved 1048576K
}
Event: 9.621 GC heap after
{Heap after GC invocations=55 (full 19):
 garbage-first heap   total 245760K, used 75115K [0x00000000c0000000, 0x0000000100000000)
  region size 1024K, 0 young (0K), 0 survivors (0K)
 Metaspace       used 10249K, capacity 12408K, committed 12544K, reserved 1060864K
  class space    used 1614K, capacity 1982K, committed 2048K, reserved 1048576K
}
Event: 9.623 GC heap before
{Heap before GC invocations=55 (full 19):
 garbage-first heap   total 245760K, used 75115K [0x00000000c0000000, 0x0000000100000000)
  region size 1024K, 1 young (1024K), 0 survivors (0K)
 Metaspace       used 10249K, capacity 12408K, committed 12544K, reserved 1060864K
  class space    used 1614K, capacity 1982K, committed 2048K, reserved 1048576K
}
Event: 9.704 GC heap after
{Heap after GC invocations=56 (full 20):
 garbage-first heap   total 245760K, used 75115K [0x00000000c0000000, 0x0000000100000000)
  region size 1024K, 0 young (0K), 0 survivors (0K)
 Metaspace       used 10249K, capacity 12408K, committed 12544K, reserved 1060864K
  class space    used 1614K, capacity 1982K, committed 2048K, reserved 1048576K
}
Event: 14.759 GC heap before
{Heap before GC invocations=56 (full 20):
 garbage-first heap   total 245760K, used 75115K [0x00000000c0000000, 0x0000000100000000)
  region size 1024K, 1 young (1024K), 0 survivors (0K)
 Metaspace       used 10249K, capacity 12408K, committed 12544K, reserved 1060864K
  class space    used 1614K, capacity 1982K, committed 2048K, reserved 1048576K
}
Event: 14.848 GC heap after
{Heap after GC invocations=57 (full 21):
 garbage-first heap   total 245760K, used 75115K [0x00000000c0000000, 0x0000000100000000)
  region size 1024K, 0 young (0K), 0 survivors (0K)
 Metaspace       used 10249K, capacity 12408K, committed 12544K, reserved 1060864K
  class space    used 1614K, capacity 1982K, committed 2048K, reserved 1048576K
}
Event: 15.874 GC heap before
{Heap before GC invocations=57 (full 21):
 garbage-first heap   total 245760K, used 75115K [0x00000000c0000000, 0x0000000100000000)
  region size 1024K, 1 young (1024K), 0 survivors (0K)
 Metaspace       used 10249K, capacity 12408K, committed 12544K, reserved 1060864K
  class space    used 1614K, capacity 1982K, committed 2048K, reserved 1048576K
}
Event: 15.959 GC heap after
{Heap after GC invocations=58 (full 22):
 garbage-first heap   total 245760K, used 75115K [0x00000000c0000000, 0x0000000100000000)
  region size 1024K, 0 young (0K), 0 survivors (0K)
 Metaspace       used 10249K, capacity 12408K, committed 12544K, reserved 1060864K
  class space    used 1614K, capacity 1982K, committed 2048K, reserved 1048576K
}
Event: 16.058 GC heap before
{Heap before GC invocations=58 (full 22):
 garbage-first heap   total 245760K, used 75115K [0x00000000c0000000, 0x0000000100000000)
  region size 1024K, 1 young (1024K), 0 survivors (0K)
 Metaspace       used 10249K, capacity 12408K, committed 12544K, reserved 1060864K
  class space    used 1614K, capacity 1982K, committed 2048K, reserved 1048576K
}
Event: 16.141 GC heap after
{Heap after GC invocations=59 (full 23):
 garbage-first heap   total 245760K, used 75115K [0x00000000c0000000, 0x0000000100000000)
  region size 1024K, 0 young (0K), 0 survivors (0K)
 Metaspace       used 10249K, capacity 12408K, committed 12544K, reserved 1060864K
  class space    used 1614K, capacity 1982K, committed 2048K, reserved 1048576K
}

Deoptimization events (20 events):
Event: 6.006 Thread 0x0000023071b83000 DEOPT PACKING pc=0x0000023000aeaada sp=0x000000f364ded290
Event: 6.006 Thread 0x0000023071b83000 DEOPT UNPACKING pc=0x000002300004964e sp=0x000000f364dec748 mode 0
Event: 6.007 Thread 0x0000023071b83000 DEOPT PACKING pc=0x0000023000a85b88 sp=0x000000f364decbb0
Event: 6.007 Thread 0x0000023071b83000 DEOPT UNPACKING pc=0x000002300004964e sp=0x000000f364dec050 mode 0
Event: 6.023 Thread 0x0000023071b83000 DEOPT PACKING pc=0x0000023000a85b88 sp=0x000000f364decbd0
Event: 6.023 Thread 0x0000023071b83000 DEOPT UNPACKING pc=0x000002300004964e sp=0x000000f364dec070 mode 0
Event: 6.023 Thread 0x0000023071b83000 DEOPT PACKING pc=0x0000023000ae76f0 sp=0x000000f364dec8f0
Event: 6.023 Thread 0x0000023071b83000 DEOPT UNPACKING pc=0x000002300004964e sp=0x000000f364debdd8 mode 0
Event: 6.023 Thread 0x0000023071b83000 DEOPT PACKING pc=0x0000023000ae5163 sp=0x000000f364dec740
Event: 6.023 Thread 0x0000023071b83000 DEOPT UNPACKING pc=0x000002300004964e sp=0x000000f364debc08 mode 0
Event: 6.024 Thread 0x0000023071b83000 DEOPT PACKING pc=0x0000023000adb849 sp=0x000000f364dec910
Event: 6.024 Thread 0x0000023071b83000 DEOPT UNPACKING pc=0x000002300004964e sp=0x000000f364debdb8 mode 0
Event: 6.024 Thread 0x0000023071b83000 DEOPT PACKING pc=0x0000023000914cda sp=0x000000f364decbe0
Event: 6.024 Thread 0x0000023071b83000 DEOPT UNPACKING pc=0x000002300004964e sp=0x000000f364dec080 mode 0
Event: 6.033 Thread 0x0000023071b83000 DEOPT PACKING pc=0x0000023000a85b88 sp=0x000000f364decb90
Event: 6.033 Thread 0x0000023071b83000 DEOPT UNPACKING pc=0x000002300004964e sp=0x000000f364dec030 mode 0
Event: 6.036 Thread 0x0000023071b83000 DEOPT PACKING pc=0x0000023000aeaab4 sp=0x000000f364ded290
Event: 6.036 Thread 0x0000023071b83000 DEOPT UNPACKING pc=0x000002300004964e sp=0x000000f364dec748 mode 0
Event: 6.036 Thread 0x0000023071b83000 DEOPT PACKING pc=0x0000023000aee148 sp=0x000000f364decef0
Event: 6.036 Thread 0x0000023071b83000 DEOPT UNPACKING pc=0x000002300004964e sp=0x000000f364dec390 mode 0

Classes unloaded (0 events):
No events

Classes redefined (0 events):
No events

Internal exceptions (18 events):
Event: 0.154 Thread 0x0000023071b83000 Exception <a 'java/io/IOException'{0x00000000c3f88920}: Bad pathname> (0x00000000c3f88920) 
thrown [t:/workspace/open/src/hotspot/share/prims/jni.cpp, line 619]
Event: 0.163 Thread 0x0000023071b83000 Exception <a 'java/io/IOException'{0x00000000c3f8cbc0}: Bad pathname> (0x00000000c3f8cbc0) 
thrown [t:/workspace/open/src/hotspot/share/prims/jni.cpp, line 619]
Event: 0.673 Thread 0x0000023071b83000 Exception <a 'java/lang/IncompatibleClassChangeError'{0x00000000c3d6f9f0}: Found class java.lang.Object, but interface was expected> (0x00000000c3d6f9f0) 
thrown [t:/workspace/open/src/hotspot/share/interpreter/linkResolver.cpp, line 833]
Event: 1.456 Thread 0x0000023071b83000 Exception <a 'java/lang/NoSuchMethodError'{0x00000000c3576648}: 'java.lang.Object java.lang.invoke.DirectMethodHandle$Holder.invokeStaticInit(java.lang.Object, java.lang.Object, java.lang.Object)'> (0x00000000c3576648) 
thrown [t:/workspace/open/src/hotspot/share/interpreter/linkResolver.cpp, line 767]
Event: 1.514 Thread 0x0000023071b83000 Exception <a 'java/lang/NoSuchMethodError'{0x00000000c35b3db0}: 'int java.lang.invoke.DirectMethodHandle$Holder.invokeSpecialIFC(java.lang.Object, java.lang.Object, int)'> (0x00000000c35b3db0) 
thrown [t:/workspace/open/src/hotspot/share/interpreter/linkResolver.cpp, line 767]
Event: 1.538 Thread 0x0000023071b83000 Exception <a 'java/lang/NoSuchMethodError'{0x00000000c062d840}: 'int java.lang.invoke.DirectMethodHandle$Holder.invokeStatic(java.lang.Object, java.lang.Object, int)'> (0x00000000c062d840) 
thrown [t:/workspace/open/src/hotspot/share/interpreter/linkResolver.cpp, line 767]
Event: 1.580 Thread 0x0000023071b83000 Exception <a 'java/lang/NoSuchMethodError'{0x00000000c3550df8}: 'java.lang.Object java.lang.invoke.DirectMethodHandle$Holder.invokeStatic(java.lang.Object, java.lang.Object, int, java.lang.Object)'> (0x00000000c3550df8) 
thrown [t:/workspace/open/src/hotspot/share/interpreter/linkResolver.cpp, line 767]
Event: 1.580 Thread 0x0000023071b83000 Exception <a 'java/lang/NoSuchMethodError'{0x00000000c3556f78}: 'java.lang.Object java.lang.invoke.Invokers$Holder.linkToTargetMethod(java.lang.Object, int, java.lang.Object, java.lang.Object)'> (0x00000000c3556f78) 
thrown [t:/workspace/open/src/hotspot/share/interpreter/linkResolver.cpp, line 767]
Event: 1.609 Thread 0x0000023071b83000 Exception <a 'java/lang/NoSuchMethodError'{0x00000000c352ed20}: 'java.lang.Object java.lang.invoke.DirectMethodHandle$Holder.invokeStaticInit(java.lang.Object, java.lang.Object, java.lang.Object, java.lang.Object)'> (0x00000000c352ed20) 
thrown [t:/workspace/open/src/hotspot/share/interpreter/linkResolver.cpp, line 767]
Event: 2.081 Thread 0x0000023071b83000 Exception <a 'java/lang/NoSuchMethodError'{0x00000000c2f8d470}: 'java.lang.Object java.lang.invoke.Invokers$Holder.linkToTargetMethod(java.lang.Object, int, java.lang.Object)'> (0x00000000c2f8d470) 
thrown [t:/workspace/open/src/hotspot/share/interpreter/linkResolver.cpp, line 767]
Event: 2.089 Thread 0x0000023071b83000 Exception <a 'java/lang/NoSuchMethodError'{0x00000000c2fb21f0}: 'java.lang.Object java.lang.invoke.DirectMethodHandle$Holder.invokeStatic(java.lang.Object, int, java.lang.Object)'> (0x00000000c2fb21f0) 
thrown [t:/workspace/open/src/hotspot/share/interpreter/linkResolver.cpp, line 767]
Event: 2.094 Thread 0x0000023071b83000 Exception <a 'java/lang/NoSuchMethodError'{0x00000000c2fc8d40}: 'java.lang.Object java.lang.invoke.DirectMethodHandle$Holder.invokeStatic(java.lang.Object, int, int, java.lang.Object)'> (0x00000000c2fc8d40) 
thrown [t:/workspace/open/src/hotspot/share/interpreter/linkResolver.cpp, line 767]
Event: 3.245 Thread 0x0000023071b83000 Exception <a 'java/lang/NoSuchMethodError'{0x00000000c3815698}: 'java.lang.Object java.lang.invoke.DirectMethodHandle$Holder.invokeStatic(java.lang.Object, java.lang.Object, java.lang.Object, java.lang.Object, int, java.lang.Object)'> (0x00000000c3815698) 
thrown [t:/workspace/open/src/hotspot/share/interpreter/linkResolver.cpp, line 767]
Event: 3.245 Thread 0x0000023071b83000 Exception <a 'java/lang/NoSuchMethodError'{0x00000000c3818c38}: 'java.lang.Object java.lang.invoke.DirectMethodHandle$Holder.invokeSpecial(java.lang.Object, java.lang.Object, java.lang.Object, java.lang.Object, java.lang.Object, int, java.lang.Object)'> (0x00000000c3818c38) 
thrown [t:/workspace/open/src/hotspot/share/interpreter/linkResolver.cpp, line 767]
Event: 3.245 Thread 0x0000023071b83000 Exception <a 'java/lang/NoSuchMethodError'{0x00000000c381baa8}: 'java.lang.Object java.lang.invoke.Invokers$Holder.linkToTargetMethod(java.lang.Object, java.lang.Object, java.lang.Object, int, java.lang.Object, java.lang.Object)'> (0x00000000c381baa8) 
thrown [t:/workspace/open/src/hotspot/share/interpreter/linkResolver.cpp, line 767]
Event: 3.559 Thread 0x0000023071b83000 Exception <a 'java/lang/NoSuchMethodError'{0x00000000c5302ea8}: 'java.lang.Object java.lang.invoke.DirectMethodHandle$Holder.invokeStaticInit(java.lang.Object, java.lang.Object, java.lang.Object, java.lang.Object, java.lang.Object)'> (0x00000000c5302ea8) 
thrown [t:/workspace/open/src/hotspot/share/interpreter/linkResolver.cpp, line 767]
Event: 3.564 Thread 0x0000023071b83000 Exception <a 'java/lang/NoSuchMethodError'{0x00000000c5311520}: 'java.lang.Object java.lang.invoke.Invokers$Holder.invoker(java.lang.Object, java.lang.Object, java.lang.Object)'> (0x00000000c5311520) 
thrown [t:/workspace/open/src/hotspot/share/interpreter/linkResolver.cpp, line 767]
Event: 3.567 Thread 0x0000023071b83000 Exception <a 'java/lang/NoSuchMethodError'{0x00000000c53205f8}: 'void java.lang.invoke.DelegatingMethodHandle$Holder.delegate(java.lang.Object, java.lang.Object, int, java.lang.Object)'> (0x00000000c53205f8) 
thrown [t:/workspace/open/src/hotspot/share/interpreter/linkResolver.cpp, line 767]

Events (20 events):
Event: 7.698 Executing VM operation: G1CollectFull done
Event: 8.473 Executing VM operation: G1CollectFull
Event: 8.559 Executing VM operation: G1CollectFull done
Event: 8.672 Executing VM operation: G1CollectFull
Event: 8.757 Executing VM operation: G1CollectFull done
Event: 9.201 Executing VM operation: G1CollectFull
Event: 9.283 Executing VM operation: G1CollectFull done
Event: 9.386 Executing VM operation: G1CollectFull
Event: 9.467 Executing VM operation: G1CollectFull done
Event: 9.541 Executing VM operation: G1CollectFull
Event: 9.621 Executing VM operation: G1CollectFull done
Event: 9.623 Executing VM operation: G1CollectFull
Event: 9.704 Executing VM operation: G1CollectFull done
Event: 14.759 Executing VM operation: G1CollectFull
Event: 14.849 Executing VM operation: G1CollectFull done
Event: 15.874 Executing VM operation: G1CollectFull
Event: 15.959 Executing VM operation: G1CollectFull done
Event: 16.058 Executing VM operation: G1CollectFull
Event: 16.141 Executing VM operation: G1CollectFull done
Event: 16.649 Executing VM operation: G1CollectFull


Dynamic libraries:
0x00007ff7feae0000 - 0x00007ff7feafc000 	C:\Users\jhnj7\AppData\Local\Programs\Python\Python38\python.exe
0x00007ffb78640000 - 0x00007ffb78830000 	C:\WINDOWS\SYSTEM32\ntdll.dll
0x00007ffb77450000 - 0x00007ffb77502000 	C:\WINDOWS\System32\KERNEL32.DLL
0x00007ffb75920000 - 0x00007ffb75bc4000 	C:\WINDOWS\System32\KERNELBASE.dll
0x00007ffb756e0000 - 0x00007ffb757da000 	C:\WINDOWS\System32\ucrtbase.dll
0x00007ffb70340000 - 0x00007ffb70359000 	C:\Users\jhnj7\AppData\Local\Programs\Python\Python38\VCRUNTIME140.dll
0x00007ffb45cd0000 - 0x00007ffb46100000 	C:\Users\jhnj7\AppData\Local\Programs\Python\Python38\python38.dll
0x00007ffb766f0000 - 0x00007ffb76742000 	C:\WINDOWS\System32\SHLWAPI.dll
0x00007ffb76750000 - 0x00007ffb767ee000 	C:\WINDOWS\System32\msvcrt.dll
0x00007ffb76b40000 - 0x00007ffb76e76000 	C:\WINDOWS\System32\combase.dll
0x00007ffb76a20000 - 0x00007ffb76b40000 	C:\WINDOWS\System32\RPCRT4.dll
0x00007ffb6ece0000 - 0x00007ffb6ecea000 	C:\WINDOWS\SYSTEM32\VERSION.dll
0x00007ffb75ef0000 - 0x00007ffb75f70000 	C:\WINDOWS\System32\bcryptPrimitives.dll
0x00007ffb77280000 - 0x00007ffb772a6000 	C:\WINDOWS\System32\GDI32.dll
0x00007ffb757e0000 - 0x00007ffb75801000 	C:\WINDOWS\System32\win32u.dll
0x00007ffb75bd0000 - 0x00007ffb75d64000 	C:\WINDOWS\System32\gdi32full.dll
0x00007ffb75810000 - 0x00007ffb758ae000 	C:\WINDOWS\System32\msvcp_win.dll
0x00007ffb770e0000 - 0x00007ffb77274000 	C:\WINDOWS\System32\USER32.dll
0x00007ffb78590000 - 0x00007ffb785ff000 	C:\WINDOWS\System32\WS2_32.dll
0x00007ffb76ec0000 - 0x00007ffb76f63000 	C:\WINDOWS\System32\ADVAPI32.dll
0x00007ffb77e00000 - 0x00007ffb77e97000 	C:\WINDOWS\System32\sechost.dll
0x00007ffb76e80000 - 0x00007ffb76eae000 	C:\WINDOWS\System32\IMM32.DLL
0x00007ffb758b0000 - 0x00007ffb758c7000 	C:\WINDOWS\System32\CRYPTSP.dll
0x00007ffb748e0000 - 0x00007ffb74913000 	C:\WINDOWS\system32\rsaenh.dll
0x00007ffb75d70000 - 0x00007ffb75d96000 	C:\WINDOWS\System32\bcrypt.dll
0x00007ffb74f40000 - 0x00007ffb74f4c000 	C:\WINDOWS\SYSTEM32\CRYPTBASE.dll
0x00007ffb70330000 - 0x00007ffb7033f000 	C:\Users\jhnj7\AppData\Local\Programs\Python\Python38\python3.dll
0x00007ffb70300000 - 0x00007ffb70321000 	C:\Users\jhnj7\AppData\Local\Programs\Python\Python38\DLLs\_ctypes.pyd
0x00007ffb77720000 - 0x00007ffb77877000 	C:\WINDOWS\System32\ole32.dll
0x00007ffb77380000 - 0x00007ffb77444000 	C:\WINDOWS\System32\OLEAUT32.dll
0x00007ffb6fff0000 - 0x00007ffb6fffb000 	C:\Users\jhnj7\AppData\Local\Programs\Python\Python38\DLLs\libffi-7.dll
0x000000006f7c0000 - 0x0000000071448000 	C:\Users\jhnj7\AppData\Local\Programs\Python\Python38\lib\site-packages\numpy\.libs\libopenblas.PYQHXLVVQ7VESDPUVUADXEVJOBGHJPAY.gfortran-win_amd64.dll
0x00007ffb454f0000 - 0x00007ffb457cf000 	C:\Users\jhnj7\AppData\Local\Programs\Python\Python38\lib\site-packages\numpy\core\_multiarray_umath.cp38-win_amd64.pyd
0x00007ffb70380000 - 0x00007ffb703a2000 	C:\Users\jhnj7\AppData\Local\Programs\Python\Python38\lib\site-packages\numpy\core\_multiarray_tests.cp38-win_amd64.pyd
0x00007ffb702f0000 - 0x00007ffb702fc000 	C:\Users\jhnj7\AppData\Local\Programs\Python\Python38\lib\site-packages\numpy\linalg\lapack_lite.cp38-win_amd64.pyd
0x00007ffb5c9d0000 - 0x00007ffb5c9f6000 	C:\Users\jhnj7\AppData\Local\Programs\Python\Python38\lib\site-packages\numpy\linalg\_umath_linalg.cp38-win_amd64.pyd
0x00007ffb6ee30000 - 0x00007ffb6ee47000 	C:\Users\jhnj7\AppData\Local\Programs\Python\Python38\DLLs\_bz2.pyd
0x00007ffb5c990000 - 0x00007ffb5c9d0000 	C:\Users\jhnj7\AppData\Local\Programs\Python\Python38\DLLs\_lzma.pyd
0x00007ffb58f40000 - 0x00007ffb58f83000 	C:\Users\jhnj7\AppData\Local\Programs\Python\Python38\DLLs\_decimal.pyd
0x00007ffb6eaf0000 - 0x00007ffb6eb10000 	C:\Users\jhnj7\AppData\Local\Programs\Python\Python38\lib\site-packages\numpy\fft\_pocketfft_internal.cp38-win_amd64.pyd
0x00007ffb4f870000 - 0x00007ffb4f907000 	C:\Users\jhnj7\AppData\Local\Programs\Python\Python38\lib\site-packages\numpy\random\mtrand.cp38-win_amd64.pyd
0x00007ffb58860000 - 0x00007ffb5888f000 	C:\Users\jhnj7\AppData\Local\Programs\Python\Python38\lib\site-packages\numpy\random\_bit_generator.cp38-win_amd64.pyd
0x00007ffb58820000 - 0x00007ffb58856000 	C:\Users\jhnj7\AppData\Local\Programs\Python\Python38\lib\site-packages\numpy\random\_common.cp38-win_amd64.pyd
0x00007ffb6ffa0000 - 0x00007ffb6ffad000 	C:\Users\jhnj7\AppData\Local\Programs\Python\Python38\DLLs\_hashlib.pyd
0x00007ffb451a0000 - 0x00007ffb454ea000 	C:\Users\jhnj7\AppData\Local\Programs\Python\Python38\DLLs\libcrypto-1_1.dll
0x00007ffb4e920000 - 0x00007ffb4e977000 	C:\Users\jhnj7\AppData\Local\Programs\Python\Python38\lib\site-packages\numpy\random\_bounded_integers.cp38-win_amd64.pyd
0x00007ffb6af00000 - 0x00007ffb6af1f000 	C:\Users\jhnj7\AppData\Local\Programs\Python\Python38\lib\site-packages\numpy\random\_mt19937.cp38-win_amd64.pyd
0x00007ffb5e860000 - 0x00007ffb5e879000 	C:\Users\jhnj7\AppData\Local\Programs\Python\Python38\lib\site-packages\numpy\random\_philox.cp38-win_amd64.pyd
0x00007ffb57a30000 - 0x00007ffb57a47000 	C:\Users\jhnj7\AppData\Local\Programs\Python\Python38\lib\site-packages\numpy\random\_pcg64.cp38-win_amd64.pyd
0x00007ffb50290000 - 0x00007ffb502a4000 	C:\Users\jhnj7\AppData\Local\Programs\Python\Python38\lib\site-packages\numpy\random\_sfc64.cp38-win_amd64.pyd
0x00007ffb4e870000 - 0x00007ffb4e91e000 	C:\Users\jhnj7\AppData\Local\Programs\Python\Python38\lib\site-packages\numpy\random\_generator.cp38-win_amd64.pyd
0x00007ffb4df00000 - 0x00007ffb4df40000 	C:\Users\jhnj7\AppData\Local\Programs\Python\Python38\lib\site-packages\pandas\_libs\tslibs\conversion.cp38-win_amd64.pyd
0x00007ffb4d8f0000 - 0x00007ffb4d92b000 	C:\Users\jhnj7\AppData\Local\Programs\Python\Python38\lib\site-packages\pandas\_libs\tslibs\c_timestamp.cp38-win_amd64.pyd
0x00007ffb4d8b0000 - 0x00007ffb4d8e6000 	C:\Users\jhnj7\AppData\Local\Programs\Python\Python38\lib\site-packages\pandas\_libs\tslibs\nattype.cp38-win_amd64.pyd
0x00007ffb4d880000 - 0x00007ffb4d8ae000 	C:\Users\jhnj7\AppData\Local\Programs\Python\Python38\lib\site-packages\pandas\_libs\missing.cp38-win_amd64.pyd
0x00007ffb50270000 - 0x00007ffb50281000 	C:\Users\jhnj7\AppData\Local\Programs\Python\Python38\lib\site-packages\pandas\_libs\tslibs\np_datetime.cp38-win_amd64.pyd
0x00007ffb4d860000 - 0x00007ffb4d872000 	C:\Users\jhnj7\AppData\Local\Programs\Python\Python38\lib\site-packages\pandas\_libs\ops_dispatch.cp38-win_amd64.pyd
0x00007ffb4d300000 - 0x00007ffb4d335000 	C:\Users\jhnj7\AppData\Local\Programs\Python\Python38\lib\site-packages\pandas\_libs\tslibs\timezones.cp38-win_amd64.pyd
0x00007ffb4d2c0000 - 0x00007ffb4d2ff000 	C:\Users\jhnj7\AppData\Local\Programs\Python\Python38\lib\site-packages\pandas\_libs\tslibs\tzconversion.cp38-win_amd64.pyd
0x00007ffb4d250000 - 0x00007ffb4d2b6000 	C:\Users\jhnj7\AppData\Local\Programs\Python\Python38\lib\site-packages\pandas\_libs\tslibs\timedeltas.cp38-win_amd64.pyd
0x00007ffb4a690000 - 0x00007ffb4a6ea000 	C:\Users\jhnj7\AppData\Local\Programs\Python\Python38\lib\site-packages\pandas\_libs\tslibs\offsets.cp38-win_amd64.pyd
0x00007ffb4d840000 - 0x00007ffb4d853000 	C:\Users\jhnj7\AppData\Local\Programs\Python\Python38\lib\site-packages\pandas\_libs\tslibs\ccalendar.cp38-win_amd64.pyd
0x00007ffb4a630000 - 0x00007ffb4a685000 	C:\Users\jhnj7\AppData\Local\Programs\Python\Python38\lib\site-packages\pandas\_libs\tslibs\strptime.cp38-win_amd64.pyd
0x00007ffb4a5f0000 - 0x00007ffb4a62a000 	C:\Users\jhnj7\AppData\Local\Programs\Python\Python38\lib\site-packages\pandas\_libs\tslibs\fields.cp38-win_amd64.pyd
0x00007ffb4a590000 - 0x00007ffb4a5e5000 	C:\Users\jhnj7\AppData\Local\Programs\Python\Python38\lib\site-packages\pandas\_libs\tslibs\parsing.cp38-win_amd64.pyd
0x00007ffb48860000 - 0x00007ffb48881000 	C:\Users\jhnj7\AppData\Local\Programs\Python\Python38\lib\site-packages\pandas\_libs\tslibs\frequencies.cp38-win_amd64.pyd
0x00007ffb48800000 - 0x00007ffb48860000 	C:\Users\jhnj7\AppData\Local\Programs\Python\Python38\lib\site-packages\pandas\_libs\tslibs\period.cp38-win_amd64.pyd
0x00007ffb47540000 - 0x00007ffb47584000 	C:\Users\jhnj7\AppData\Local\Programs\Python\Python38\lib\site-packages\pandas\_libs\tslibs\timestamps.cp38-win_amd64.pyd
0x00007ffb487c0000 - 0x00007ffb487fa000 	C:\Users\jhnj7\AppData\Local\Programs\Python\Python38\lib\site-packages\pandas\_libs\tslibs\resolution.cp38-win_amd64.pyd
0x00007ffb474b0000 - 0x00007ffb47538000 	C:\Users\jhnj7\AppData\Local\Programs\Python\Python38\lib\site-packages\pandas\_libs\hashtable.cp38-win_amd64.pyd
0x00007ffb47430000 - 0x00007ffb474a7000 	C:\Users\jhnj7\AppData\Local\Programs\Python\Python38\lib\site-packages\pandas\_libs\lib.cp38-win_amd64.pyd
0x00007ffb473e0000 - 0x00007ffb47424000 	C:\Users\jhnj7\AppData\Local\Programs\Python\Python38\lib\site-packages\pandas\_libs\tslib.cp38-win_amd64.pyd
0x00007ffb45ba0000 - 0x00007ffb45cc3000 	C:\Users\jhnj7\AppData\Local\Programs\Python\Python38\lib\site-packages\pandas\_libs\interval.cp38-win_amd64.pyd
0x00007ffb45050000 - 0x00007ffb45199000 	C:\Users\jhnj7\AppData\Local\Programs\Python\Python38\lib\site-packages\pandas\_libs\algos.cp38-win_amd64.pyd
0x00007ffb473c0000 - 0x00007ffb473d4000 	C:\Users\jhnj7\AppData\Local\Programs\Python\Python38\lib\site-packages\pandas\_libs\properties.cp38-win_amd64.pyd
0x00007ffb47350000 - 0x00007ffb4737c000 	C:\Users\jhnj7\AppData\Local\Programs\Python\Python38\lib\site-packages\pandas\_libs\hashing.cp38-win_amd64.pyd
0x00007ffb47310000 - 0x00007ffb47344000 	C:\Users\jhnj7\AppData\Local\Programs\Python\Python38\lib\site-packages\pandas\_libs\ops.cp38-win_amd64.pyd
0x00007ffb45b10000 - 0x00007ffb45b98000 	C:\Users\jhnj7\AppData\Local\Programs\Python\Python38\lib\site-packages\pandas\_libs\index.cp38-win_amd64.pyd
0x00007ffb44e60000 - 0x00007ffb45050000 	C:\Users\jhnj7\AppData\Local\Programs\Python\Python38\lib\site-packages\pandas\_libs\join.cp38-win_amd64.pyd
0x00007ffb44d80000 - 0x00007ffb44e55000 	C:\Users\jhnj7\AppData\Local\Programs\Python\Python38\lib\site-packages\pandas\_libs\sparse.cp38-win_amd64.pyd
0x00007ffb6f2a0000 - 0x00007ffb6f2b0000 	C:\Users\jhnj7\AppData\Local\Programs\Python\Python38\lib\site-packages\pandas\_libs\indexing.cp38-win_amd64.pyd
0x00007ffb472d0000 - 0x00007ffb47303000 	C:\Users\jhnj7\AppData\Local\Programs\Python\Python38\lib\site-packages\pandas\_libs\writers.cp38-win_amd64.pyd
0x00007ffb47260000 - 0x00007ffb4729b000 	C:\Users\jhnj7\AppData\Local\Programs\Python\Python38\lib\site-packages\pandas\_libs\internals.cp38-win_amd64.pyd
0x00007ffb44c70000 - 0x00007ffb44d7e000 	C:\Users\jhnj7\AppData\Local\Programs\Python\Python38\DLLs\unicodedata.pyd
0x00007ffb45ad0000 - 0x00007ffb45b0f000 	C:\Users\jhnj7\AppData\Local\Programs\Python\Python38\lib\site-packages\pandas\_libs\reshape.cp38-win_amd64.pyd
0x00007ffb44c10000 - 0x00007ffb44c70000 	C:\Users\jhnj7\AppData\Local\Programs\Python\Python38\lib\site-packages\pandas\_libs\window\aggregations.cp38-win_amd64.pyd
0x00007ffb72f40000 - 0x00007ffb72fde000 	C:\WINDOWS\SYSTEM32\MSVCP140.dll
0x00007ffb447f0000 - 0x00007ffb4481a000 	C:\Users\jhnj7\AppData\Local\Programs\Python\Python38\lib\site-packages\pandas\_libs\window\indexers.cp38-win_amd64.pyd
0x00007ffb446f0000 - 0x00007ffb447e2000 	C:\Users\jhnj7\AppData\Local\Programs\Python\Python38\lib\site-packages\pandas\_libs\groupby.cp38-win_amd64.pyd
0x00007ffb446a0000 - 0x00007ffb446ef000 	C:\Users\jhnj7\AppData\Local\Programs\Python\Python38\lib\site-packages\pandas\_libs\reduction.cp38-win_amd64.pyd
0x00007ffb44620000 - 0x00007ffb44691000 	C:\Users\jhnj7\AppData\Local\Programs\Python\Python38\lib\site-packages\pandas\_libs\parsers.cp38-win_amd64.pyd
0x00007ffb473a0000 - 0x00007ffb473b4000 	C:\Users\jhnj7\AppData\Local\Programs\Python\Python38\lib\site-packages\pandas\_libs\json.cp38-win_amd64.pyd
0x00007ffb44600000 - 0x00007ffb44616000 	C:\Users\jhnj7\AppData\Local\Programs\Python\Python38\lib\site-packages\pandas\_libs\testing.cp38-win_amd64.pyd
0x00007ffb445e0000 - 0x00007ffb445f6000 	C:\Users\jhnj7\AppData\Local\Programs\Python\Python38\DLLs\_socket.pyd
0x00007ffb74a80000 - 0x00007ffb74aba000 	C:\WINDOWS\SYSTEM32\IPHLPAPI.DLL
0x00007ffb6eaa0000 - 0x00007ffb6eaa9000 	C:\Users\jhnj7\AppData\Local\Programs\Python\Python38\DLLs\select.pyd
0x00007ffb445b0000 - 0x00007ffb445d7000 	C:\Users\jhnj7\AppData\Local\Programs\Python\Python38\DLLs\_ssl.pyd
0x00007ffb75da0000 - 0x00007ffb75ee9000 	C:\WINDOWS\System32\CRYPT32.dll
0x00007ffb75510000 - 0x00007ffb75522000 	C:\WINDOWS\System32\MSASN1.dll
0x00007ffb44500000 - 0x00007ffb445ad000 	C:\Users\jhnj7\AppData\Local\Programs\Python\Python38\DLLs\libssl-1_1.dll
0x00007ffb44460000 - 0x00007ffb44500000 	C:\Users\jhnj7\AppData\Local\Programs\Python\Python38\lib\site-packages\_jpype.cp38-win_amd64.pyd
0x00007ffb6b650000 - 0x00007ffb6b659000 	C:\Users\jhnj7\AppData\Local\Programs\Python\Python38\DLLs\_queue.pyd
0x00007ffb74d70000 - 0x00007ffb74dd7000 	C:\WINDOWS\system32\mswsock.dll
0x00007ffb44050000 - 0x00007ffb4445b000 	C:\Users\jhnj7\AppData\Local\Programs\Python\Python38\lib\site-packages\lxml\etree.cp38-win_amd64.pyd
0x00007ffb44020000 - 0x00007ffb4404f000 	C:\Users\jhnj7\AppData\Local\Programs\Python\Python38\lib\site-packages\lxml\_elementpath.cp38-win_amd64.pyd
0x00007ffb09830000 - 0x00007ffb0a38d000 	C:\Program Files\Java\jdk-13.0.2\bin\server\jvm.dll
0x00007ffb76ff0000 - 0x00007ffb76ff8000 	C:\WINDOWS\System32\PSAPI.DLL
0x00007ffb6b200000 - 0x00007ffb6b224000 	C:\WINDOWS\SYSTEM32\WINMM.dll
0x00007ffb68f00000 - 0x00007ffb68f09000 	C:\WINDOWS\SYSTEM32\WSOCK32.dll
0x00007ffb6afb0000 - 0x00007ffb6afdd000 	C:\WINDOWS\SYSTEM32\winmmbase.dll
0x00007ffb758d0000 - 0x00007ffb7591a000 	C:\WINDOWS\System32\cfgmgr32.dll
0x00007ffb5e070000 - 0x00007ffb5e080000 	C:\Program Files\Java\jdk-13.0.2\bin\verify.dll
0x00007ffb73e30000 - 0x00007ffb74024000 	C:\WINDOWS\SYSTEM32\DBGHELP.DLL
0x00007ffb6d9b0000 - 0x00007ffb6d9da000 	C:\WINDOWS\SYSTEM32\dbgcore.DLL
0x00007ffb43570000 - 0x00007ffb43596000 	C:\Program Files\Java\jdk-13.0.2\bin\java.dll
0x00007ffb47670000 - 0x00007ffb47687000 	C:\Program Files\Java\jdk-13.0.2\bin\zip.dll
0x00007ffb5c790000 - 0x00007ffb5c79a000 	C:\Program Files\Java\jdk-13.0.2\bin\jimage.dll
0x00007ffb75530000 - 0x00007ffb75541000 	C:\WINDOWS\System32\kernel.appcore.dll
0x00007ffb77ea0000 - 0x00007ffb78584000 	C:\WINDOWS\System32\SHELL32.dll
0x00007ffb77010000 - 0x00007ffb770b9000 	C:\WINDOWS\System32\shcore.dll
0x00007ffb75f70000 - 0x00007ffb766ee000 	C:\WINDOWS\System32\windows.storage.dll
0x00007ffb75550000 - 0x00007ffb75573000 	C:\WINDOWS\System32\profapi.dll
0x00007ffb75580000 - 0x00007ffb755ca000 	C:\WINDOWS\System32\powrprof.dll
0x00007ffb75500000 - 0x00007ffb75510000 	C:\WINDOWS\System32\UMPDC.dll
0x00007ffb472a0000 - 0x00007ffb472b9000 	C:\Program Files\Java\jdk-13.0.2\bin\net.dll
0x00007ffb6d2e0000 - 0x00007ffb6d3d0000 	C:\WINDOWS\SYSTEM32\WINHTTP.dll
0x00007ffb47200000 - 0x00007ffb47213000 	C:\Program Files\Java\jdk-13.0.2\bin\nio.dll
0x00007ffb5b760000 - 0x00007ffb5b769000 	C:\Users\jhnj7\AppData\Local\Programs\Python\Python38\DLLs\_multiprocessing.pyd

dbghelp: loaded successfully - version: 4.0.5 - missing functions: none
symbol engine: initialized successfully - sym options: 0x614 - pdb path: .;C:\Users\jhnj7\AppData\Local\Programs\Python\Python38;C:\WINDOWS\SYSTEM32;C:\Users\jhnj7\AppData\Local\Programs\Python\Python38\DLLs;C:\Users\jhnj7\AppData\Local\Programs\Python\Python38\lib\site-packages\numpy\.libs;C:\Users\jhnj7\AppData\Local\Programs\Python\Python38\lib\site-packages\numpy\core;C:\Users\jhnj7\AppData\Local\Programs\Python\Python38\lib\site-packages\numpy\linalg;C:\Users\jhnj7\AppData\Local\Programs\Python\Python38\lib\site-packages\numpy\fft;C:\Users\jhnj7\AppData\Local\Programs\Python\Python38\lib\site-packages\numpy\random;C:\Users\jhnj7\AppData\Local\Programs\Python\Python38\lib\site-packages\pandas\_libs\tslibs;C:\Users\jhnj7\AppData\Local\Programs\Python\Python38\lib\site-packages\pandas\_libs;C:\Users\jhnj7\AppData\Local\Programs\Python\Python38\lib\site-packages\pandas\_libs\window;C:\Users\jhnj7\AppData\Local\Programs\Python\Python38\lib\site-packages;C:\Users\jhnj7\AppData\Local\Programs\Python\Python38\lib\site-packages\lxml;C:\Program Files\Java\jdk-13.0.2\bin\server;C:\Program Files\Java\jdk-13.0.2\bin;C:\Users\jhnj7\AppData\Local\Programs\Python\Python38\lib\site-packages\h5py;C:\Users\jhnj7\AppData\Local\Programs\Python\Python38\lib\site-packages\tensorflow\python;C:\Users\jhnj7\AppData\Local\Programs\Python\Python38\lib\site-packages\tensorflow\python\profiler\internal;C:\Users\jhnj7\AppData\Local\Programs\Python\Python38\lib\site-packages\scipy\.libs;C:\Users\jhnj7\AppData\Local\Programs\Python\Python38\lib\site-packages\scipy\_lib;C:\Users\jhnj7\AppData\Local\Programs\Python\Python38\lib\site-packages\scipy\_lib\_uarray;C:\Users\jhnj7\AppData\Local\Programs\Python\Python38\lib\site-packages\scipy\fft\_pocketfft;C:\Users\jhnj7\AppData\Local\Programs\Python\Python38\lib\site-packages\scipy\sparse;C:\Users\jhnj7\AppData\Local\Programs\Python\Python38\lib\site-packages\scipy\sparse\csgraph;C:\Users\jhnj7\AppData\Local\Programs\Python\Python38\lib\site-packages\tensorflow\lite\experimental\microfrontend\python\ops;C:\Users\jhnj7\AppData\Local\Programs\Python\Python38\lib\site-packages\scipy\ndimage;C:\Users\jhnj7\AppData\Local\Programs\Python\Python38\lib\site-packages\scipy\linalg

VM Arguments:
jvm_args: -Dfile.encoding=UTF8 -ea -Xmx1024m 
java_command: <unknown>
java_class_path (initial): C:\Users\jhnj7\AppData\Local\Programs\Python\Python38\Lib\site-packages\konlpy\java;C:\Users\jhnj7\AppData\Local\Programs\Python\Python38\Lib\site-packages\konlpy\java\bin;C:\Users\jhnj7\AppData\Local\Programs\Python\Python38\Lib\site-packages\konlpy\java\*;C:\Users\jhnj7\AppData\Local\Programs\Python\Python38\Lib\site-packages\konlpy\java\jhannanum-0.8.4.jar;C:\Users\jhnj7\AppData\Local\Programs\Python\Python38\Lib\site-packages\konlpy\java\kkma-2.0.jar;C:\Users\jhnj7\AppData\Local\Programs\Python\Python38\Lib\site-packages\konlpy\java\aho-corasick.jar;C:\Users\jhnj7\AppData\Local\Programs\Python\Python38\Lib\site-packages\konlpy\java\shineware-common-1.0.jar;C:\Users\jhnj7\AppData\Local\Programs\Python\Python38\Lib\site-packages\konlpy\java\shineware-ds-1.0.jar;C:\Users\jhnj7\AppData\Local\Programs\Python\Python38\Lib\site-packages\konlpy\java\komoran-3.0.jar;C:\Users\jhnj7\AppData\Local\Programs\Python\Python38\Lib\site-packages\konlpy\java\snakeyaml-1.12.jar;C:\Users\jhnj7\AppData\Local\Programs\Python\Python38\Lib\site-packages\konlpy\java\scala-library-2.12.3.jar;C:\Users\jhnj7\AppData\Local\Programs\Python\Python38\Lib\site-packages\konlpy\java\open-korean-text-2.1.0.jar;C:\Users\jhnj7\AppData\Local\Programs\Python\Python38\Lib\site-packages\konlpy\java\twitter-text-1.14.7.jar;C:\Users\jhnj7\AppData\Local\Programs\Python\Python38\Lib\site-packages\konlpy\java\*
Launcher Type: generic

[Global flags]
     intx CICompilerCount                          = 3                                         {product} {ergonomic}
     uint ConcGCThreads                            = 1                                         {product} {ergonomic}
     uint G1ConcRefinementThreads                  = 4                                         {product} {ergonomic}
   size_t G1HeapRegionSize                         = 1048576                                   {product} {ergonomic}
    uintx GCDrainStackTargetSize                   = 64                                        {product} {ergonomic}
   size_t InitialHeapSize                          = 67108864                                  {product} {ergonomic}
   size_t MarkStackSize                            = 4194304                                   {product} {ergonomic}
   size_t MaxHeapSize                              = 1073741824                                {product} {command line}
   size_t MaxNewSize                               = 643825664                                 {product} {ergonomic}
   size_t MinHeapDeltaBytes                        = 1048576                                   {product} {ergonomic}
   size_t MinHeapSize                              = 8388608                                   {product} {ergonomic}
    uintx NonNMethodCodeHeapSize                   = 5832780                                {pd product} {ergonomic}
    uintx NonProfiledCodeHeapSize                  = 122912730                              {pd product} {ergonomic}
    uintx ProfiledCodeHeapSize                     = 122912730                              {pd product} {ergonomic}
    uintx ReservedCodeCacheSize                    = 251658240                              {pd product} {ergonomic}
     bool SegmentedCodeCache                       = true                                      {product} {ergonomic}
   size_t SoftMaxHeapSize                          = 1073741824                             {manageable} {ergonomic}
     bool UseCompressedClassPointers               = true                                 {lp64_product} {ergonomic}
     bool UseCompressedOops                        = true                                 {lp64_product} {ergonomic}
     bool UseG1GC                                  = true                                      {product} {ergonomic}
     bool UseLargePagesIndividualAllocation        = false                                  {pd product} {ergonomic}

Logging:
Log output configuration:
 #0: stdout all=warning uptime,level,tags
 #1: stderr all=off uptime,level,tags

Environment Variables:
JAVA_HOME=C:\Program Files\Java\jdk-13.0.2\bin
PATH=C:\Windows\system32;C:\Windows;C:\Windows\System32\Wbem;C:\Windows\System32\WindowsPowerShell\v1.0\;C:\Program Files (x86)\NVIDIA Corporation\PhysX\Common;C:\Program Files\nodejs\;C:\Program Files\Git\cmd;C:\WINDOWS\system32;C:\WINDOWS;C:\WINDOWS\System32\Wbem;C:\WINDOWS\System32\WindowsPowerShell\v1.0\;C:\WINDOWS\System32\OpenSSH\;C:\Python34\;C:\Python34\Scripts;C:\Users\jhnj7\AppData\Local\Programs\Python\Python38\Scripts\;C:\Users\jhnj7\AppData\Local\Programs\Python\Python38\;C:\Users\jhnj7\AppData\Local\Microsoft\WindowsApps;C:\Users\jhnj7\AppData\Local\Programs\Microsoft VS Code\bin;C:\Users\jhnj7\AppData\Roaming\npm;C:\Program Files\Java\jdk-13.0.2\bin;;C:\Users\jhnj7\AppData\Local\Programs\Python\Python38\lib\site-packages\scipy\.libs
USERNAME=jhnj7
OS=Windows_NT
PROCESSOR_IDENTIFIER=Intel64 Family 6 Model 142 Stepping 9, GenuineIntel



---------------  S Y S T E M  ---------------

OS: Windows 10 , 64 bit Build 18362 (10.0.18362.778)

CPU:total 4 (initial active 4) (2 cores per cpu, 2 threads per core) family 6 model 142 stepping 9, cmov, cx8, fxsr, mmx, sse, sse2, sse3, ssse3, sse4.1, sse4.2, popcnt, avx, avx2, aes, clmul, erms, 3dnowpref, lzcnt, ht, tsc, tscinvbit, bmi1, bmi2, adx, fma

Memory: 4k page, system-wide physical 3981M (302M free)
TotalPageFile size 16269M (AvailPageFile size 2M)
current process WorkingSet (physical memory assigned to process): 569M, peak: 569M
current process commit charge ("private bytes"): 1592M, peak: 1594M

vm_info: Java HotSpot(TM) 64-Bit Server VM (13.0.2+8) for windows-amd64 JRE (13.0.2+8), built on Dec 11 2019 09:20:33 by "mach5one" with unknown MS VC++:1916

END.
