#
# There is insufficient memory for the Java Runtime Environment to continue.
# Native memory allocation (malloc) failed to allocate 2097152 bytes for AllocateHeap
# Possible reasons:
#   The system is out of physical RAM or swap space
#   The process is running with CompressedOops enabled, and the Java Heap may be blocking the growth of the native heap
# Possible solutions:
#   Reduce memory load on the system
#   Increase physical memory or swap space
#   Check if swap backing store is full
#   Decrease Java heap size (-Xmx/-Xms)
#   Decrease number of Java threads
#   Decrease Java thread stack sizes (-Xss)
#   Set larger code cache with -XX:ReservedCodeCacheSize=
#   JVM is running with Unscaled Compressed Oops mode in which the Java heap is
#     placed in the first 4GB address space. The Java Heap base address is the
#     maximum limit for the native heap growth. Please use -XX:HeapBaseMinAddress
#     to set the Java Heap base and to place the Java Heap above 4GB virtual address.
# This output file may be truncated or incomplete.
#
#  Out of Memory Error (t:/workspace/open/src/hotspot/share/memory/allocation.cpp:45), pid=18660, tid=6608
#
# JRE version: Java(TM) SE Runtime Environment (13.0.2+8) (build 13.0.2+8)
# Java VM: Java HotSpot(TM) 64-Bit Server VM (13.0.2+8, mixed mode, sharing, tiered, compressed oops, g1 gc, windows-amd64)
# No core dump will be written. Minidumps are not enabled by default on client versions of Windows
#

---------------  S U M M A R Y ------------

Command Line: -Dfile.encoding=UTF8 -ea -Xmx1024m 

Host: Intel(R) Core(TM) i5-7200U CPU @ 2.50GHz, 4 cores, 3G,  Windows 10 , 64 bit Build 18362 (10.0.18362.778)
Time: Wed May 20 16:27:44 2020 대한민국 표준시 elapsed time: 10 seconds (0d 0h 0m 10s)

---------------  T H R E A D  ---------------

Current thread (0x000001d252246800):  VMThread "VM Thread" [stack: 0x000000b13ab40000,0x000000b13ad30000] [id=6608]

Stack: [0x000000b13ab40000,0x000000b13ad30000]
[error occurred during error reporting (printing stack bounds), id 0xc0000005, EXCEPTION_ACCESS_VIOLATION (0xc0000005) at pc=0x000001d25b4510ad]

Native frames: (J=compiled Java code, j=interpreted, Vv=VM code, C=native code)
V  [jvm.dll+0x624f9a]
V  [jvm.dll+0x770cfa]
V  [jvm.dll+0x7724af]
V  [jvm.dll+0x772a15]
V  [jvm.dll+0x7729cb]
V  [jvm.dll+0x6244df]
C  [ntdll.dll+0x785b6]
C  [ntdll.dll+0x6a056]
C  [ntdll.dll+0x9fe3e]
C  0x000001d25b4510ad

VM_Operation (0x000000b1395e6e50): G1CollectFull, mode: safepoint, requested by thread 0x000001d25118f800


---------------  P R O C E S S  ---------------

Threads class SMR info:
_java_thread_list=0x000001d2525ccd10, length=11, elements={
0x000001d25118f800, 0x000001d252252800, 0x000001d252253800, 0x000001d25227d000,
0x000001d252265000, 0x000001d252266000, 0x000001d25226a800, 0x000001d24fd6b000,
0x000001d25239e800, 0x000001d2523cd000, 0x000001d2525cd000
}

Java Threads: ( => current thread )
  0x000001d25118f800 JavaThread "main" [_thread_blocked, id=2928, stack(0x000000b139400000,0x000000b1395f0000)]
  0x000001d252252800 JavaThread "Reference Handler" daemon [_thread_blocked, id=17312, stack(0x000000b13ad30000,0x000000b13af20000)]
  0x000001d252253800 JavaThread "Finalizer" daemon [_thread_blocked, id=8060, stack(0x000000b13af20000,0x000000b13b110000)]
  0x000001d25227d000 JavaThread "Signal Dispatcher" daemon [_thread_blocked, id=1560, stack(0x000000b13b110000,0x000000b13b300000)]
  0x000001d252265000 JavaThread "Attach Listener" daemon [_thread_blocked, id=3168, stack(0x000000b13b300000,0x000000b13b4f0000)]
  0x000001d252266000 JavaThread "C2 CompilerThread0" daemon [_thread_blocked, id=13152, stack(0x000000b13b4f0000,0x000000b13b6e0000)]
  0x000001d25226a800 JavaThread "C1 CompilerThread0" daemon [_thread_blocked, id=14728, stack(0x000000b13b6e0000,0x000000b13b8d0000)]
  0x000001d24fd6b000 JavaThread "Sweeper thread" daemon [_thread_blocked, id=5896, stack(0x000000b13b8d0000,0x000000b13bac0000)]
  0x000001d25239e800 JavaThread "Service Thread" daemon [_thread_blocked, id=14636, stack(0x000000b13bac0000,0x000000b13bcb0000)]
  0x000001d2523cd000 JavaThread "Common-Cleaner" daemon [_thread_blocked, id=1752, stack(0x000000b13bea0000,0x000000b13c090000)]
  0x000001d2525cd000 JavaThread "Thread-0" daemon [_thread_blocked, id=10544, stack(0x000000b13c090000,0x000000b13c280000)]

Other Threads:
=>0x000001d252246800 VMThread "VM Thread" [stack: 0x000000b13ab40000,0x000000b13ad30000] [id=6608]
  0x000001d2523c7800 WatcherThread [stack: 0x000000b13bcb0000,0x000000b13bea0000] [id=18640]
  0x000001d25119e800 GCTaskThread "GC Thread#0" [stack: 0x000000b13a190000,0x000000b13a380000] [id=19608]
  0x000001d2525f3800 GCTaskThread "GC Thread#1" [stack: 0x000000b13c280000,0x000000b13c470000] [id=5636]
  0x000001d2704e2000 GCTaskThread "GC Thread#2" [stack: 0x000000b13c850000,0x000000b13ca40000] [id=18144]
  0x000001d270073800 GCTaskThread "GC Thread#3" [stack: 0x000000b13ca40000,0x000000b13cc30000] [id=12476]
  0x000001d252069800 ConcurrentGCThread "G1 Main Marker" [stack: 0x000000b13a380000,0x000000b13a570000] [id=6944]
  0x000001d25206a000 ConcurrentGCThread "G1 Conc#0" [stack: 0x000000b13a570000,0x000000b13a760000] [id=8604]
  0x000001d2520a2000 ConcurrentGCThread "G1 Refine#0" [stack: 0x000000b13a760000,0x000000b13a950000] [id=12260]
  0x000001d2700b2000 ConcurrentGCThread "G1 Refine#1" [stack: 0x000000b13c470000,0x000000b13c660000] [id=7704]
  0x000001d2700fd000 ConcurrentGCThread "G1 Refine#2" [stack: 0x000000b13c660000,0x000000b13c850000] [id=14300]
  0x000001d2520a2800 ConcurrentGCThread "G1 Young RemSet Sampling" [stack: 0x000000b13a950000,0x000000b13ab40000] [id=1340]

Threads with active compile tasks:

VM state:at safepoint (normal execution)

VM Mutex/Monitor currently owned by a thread:  ([mutex/lock_event])
[0x000001d25118a8c0] Threads_lock - owner thread: 0x000001d252246800
[0x000001d25118c210] Heap_lock - owner thread: 0x000001d25118f800

Heap address: 0x00000000c0000000, size: 1024 MB, Compressed Oops mode: 32-bit
Narrow klass base: 0x0000000800000000, Narrow klass shift: 3
Compressed class space size: 1073741824 Address: 0x0000000800b40000

Heap:
 garbage-first heap   total 256000K, used 75090K [0x00000000c0000000, 0x0000000100000000)
  region size 1024K, 1 young (1024K), 0 survivors (0K)
 Metaspace       used 10313K, capacity 12472K, committed 12544K, reserved 1060864K
  class space    used 1615K, capacity 1982K, committed 2048K, reserved 1048576K
Heap Regions: E=young(eden), S=young(survivor), O=old, HS=humongous(starts), HC=humongous(continues), CS=collection set, F=free, A=archive, TAMS=top-at-mark-start (previous, next)
|   0|0x00000000c0000000, 0x00000000c00ffff0, 0x00000000c0100000| 99%| O|  |TAMS 0x00000000c0000000, 0x00000000c0000000| Untracked 
|   1|0x00000000c0100000, 0x00000000c0200000, 0x00000000c0200000|100%| O|  |TAMS 0x00000000c0100000, 0x00000000c0100000| Untracked 
|   2|0x00000000c0200000, 0x00000000c02ffff8, 0x00000000c0300000| 99%| O|  |TAMS 0x00000000c0200000, 0x00000000c0200000| Untracked 
|   3|0x00000000c0300000, 0x00000000c0400000, 0x00000000c0400000|100%| O|  |TAMS 0x00000000c0300000, 0x00000000c0300000| Untracked 
|   4|0x00000000c0400000, 0x00000000c04ffff0, 0x00000000c0500000| 99%| O|  |TAMS 0x00000000c0400000, 0x00000000c0400000| Untracked 
|   5|0x00000000c0500000, 0x00000000c05ffff0, 0x00000000c0600000| 99%| O|  |TAMS 0x00000000c0500000, 0x00000000c0500000| Untracked 
|   6|0x00000000c0600000, 0x00000000c06fffe8, 0x00000000c0700000| 99%| O|  |TAMS 0x00000000c0600000, 0x00000000c0600000| Untracked 
|   7|0x00000000c0700000, 0x00000000c0800000, 0x00000000c0800000|100%|HS|  |TAMS 0x00000000c0700000, 0x00000000c0700000| Untracked 
|   8|0x00000000c0800000, 0x00000000c0900000, 0x00000000c0900000|100%|HC|  |TAMS 0x00000000c0800000, 0x00000000c0800000| Untracked 
|   9|0x00000000c0900000, 0x00000000c0a00000, 0x00000000c0a00000|100%|HS|  |TAMS 0x00000000c0900000, 0x00000000c0900000| Untracked 
|  10|0x00000000c0a00000, 0x00000000c0b00000, 0x00000000c0b00000|100%|HC|  |TAMS 0x00000000c0a00000, 0x00000000c0a00000| Untracked 
|  11|0x00000000c0b00000, 0x00000000c0c00000, 0x00000000c0c00000|100%| O|  |TAMS 0x00000000c0b00000, 0x00000000c0b00000| Untracked 
|  12|0x00000000c0c00000, 0x00000000c0cffff8, 0x00000000c0d00000| 99%| O|  |TAMS 0x00000000c0c00000, 0x00000000c0c00000| Untracked 
|  13|0x00000000c0d00000, 0x00000000c0dffff0, 0x00000000c0e00000| 99%| O|  |TAMS 0x00000000c0d00000, 0x00000000c0d00000| Untracked 
|  14|0x00000000c0e00000, 0x00000000c0efdf58, 0x00000000c0f00000| 99%| O|  |TAMS 0x00000000c0e00000, 0x00000000c0e00000| Untracked 
|  15|0x00000000c0f00000, 0x00000000c1000000, 0x00000000c1000000|100%| O|  |TAMS 0x00000000c0f00000, 0x00000000c0f00000| Untracked 
|  16|0x00000000c1000000, 0x00000000c10ffff8, 0x00000000c1100000| 99%| O|  |TAMS 0x00000000c1000000, 0x00000000c1000000| Untracked 
|  17|0x00000000c1100000, 0x00000000c11ffff0, 0x00000000c1200000| 99%| O|  |TAMS 0x00000000c1100000, 0x00000000c1100000| Untracked 
|  18|0x00000000c1200000, 0x00000000c1300000, 0x00000000c1300000|100%| O|  |TAMS 0x00000000c1200000, 0x00000000c1200000| Untracked 
|  19|0x00000000c1300000, 0x00000000c13ffff0, 0x00000000c1400000| 99%| O|  |TAMS 0x00000000c1300000, 0x00000000c1300000| Untracked 
|  20|0x00000000c1400000, 0x00000000c1500000, 0x00000000c1500000|100%|HS|  |TAMS 0x00000000c1400000, 0x00000000c1400000| Untracked 
|  21|0x00000000c1500000, 0x00000000c1600000, 0x00000000c1600000|100%|HS|  |TAMS 0x00000000c1500000, 0x00000000c1500000| Untracked 
|  22|0x00000000c1600000, 0x00000000c16ffff0, 0x00000000c1700000| 99%| O|  |TAMS 0x00000000c1600000, 0x00000000c1600000| Untracked 
|  23|0x00000000c1700000, 0x00000000c1800000, 0x00000000c1800000|100%| O|  |TAMS 0x00000000c1700000, 0x00000000c1700000| Untracked 
|  24|0x00000000c1800000, 0x00000000c1900000, 0x00000000c1900000|100%| O|  |TAMS 0x00000000c1800000, 0x00000000c1800000| Untracked 
|  25|0x00000000c1900000, 0x00000000c1a00000, 0x00000000c1a00000|100%| O|  |TAMS 0x00000000c1900000, 0x00000000c1900000| Untracked 
|  26|0x00000000c1a00000, 0x00000000c1b00000, 0x00000000c1b00000|100%| O|  |TAMS 0x00000000c1a00000, 0x00000000c1a00000| Untracked 
|  27|0x00000000c1b00000, 0x00000000c1c00000, 0x00000000c1c00000|100%| O|  |TAMS 0x00000000c1b00000, 0x00000000c1b00000| Untracked 
|  28|0x00000000c1c00000, 0x00000000c1cffff0, 0x00000000c1d00000| 99%| O|  |TAMS 0x00000000c1c00000, 0x00000000c1c00000| Untracked 
|  29|0x00000000c1d00000, 0x00000000c1dffff0, 0x00000000c1e00000| 99%| O|  |TAMS 0x00000000c1d00000, 0x00000000c1d00000| Untracked 
|  30|0x00000000c1e00000, 0x00000000c1effff0, 0x00000000c1f00000| 99%| O|  |TAMS 0x00000000c1e00000, 0x00000000c1e00000| Untracked 
|  31|0x00000000c1f00000, 0x00000000c1fffff0, 0x00000000c2000000| 99%| O|  |TAMS 0x00000000c1f00000, 0x00000000c1f00000| Untracked 
|  32|0x00000000c2000000, 0x00000000c2100000, 0x00000000c2100000|100%| O|  |TAMS 0x00000000c2000000, 0x00000000c2000000| Untracked 
|  33|0x00000000c2100000, 0x00000000c2200000, 0x00000000c2200000|100%|HS|  |TAMS 0x00000000c2100000, 0x00000000c2100000| Untracked 
|  34|0x00000000c2200000, 0x00000000c2300000, 0x00000000c2300000|100%|HC|  |TAMS 0x00000000c2200000, 0x00000000c2200000| Untracked 
|  35|0x00000000c2300000, 0x00000000c2400000, 0x00000000c2400000|100%|HS|  |TAMS 0x00000000c2300000, 0x00000000c2300000| Untracked 
|  36|0x00000000c2400000, 0x00000000c2500000, 0x00000000c2500000|100%|HC|  |TAMS 0x00000000c2400000, 0x00000000c2400000| Untracked 
|  37|0x00000000c2500000, 0x00000000c2600000, 0x00000000c2600000|100%| O|  |TAMS 0x00000000c2500000, 0x00000000c2500000| Untracked 
|  38|0x00000000c2600000, 0x00000000c26ffff8, 0x00000000c2700000| 99%| O|  |TAMS 0x00000000c2600000, 0x00000000c2600000| Untracked 
|  39|0x00000000c2700000, 0x00000000c2800000, 0x00000000c2800000|100%|HS|  |TAMS 0x00000000c2700000, 0x00000000c2700000| Untracked 
|  40|0x00000000c2800000, 0x00000000c2900000, 0x00000000c2900000|100%|HC|  |TAMS 0x00000000c2800000, 0x00000000c2800000| Untracked 
|  41|0x00000000c2900000, 0x00000000c2a00000, 0x00000000c2a00000|100%|HS|  |TAMS 0x00000000c2900000, 0x00000000c2900000| Untracked 
|  42|0x00000000c2a00000, 0x00000000c2b00000, 0x00000000c2b00000|100%|HC|  |TAMS 0x00000000c2a00000, 0x00000000c2a00000| Untracked 
|  43|0x00000000c2b00000, 0x00000000c2bffff0, 0x00000000c2c00000| 99%| O|  |TAMS 0x00000000c2b00000, 0x00000000c2b00000| Untracked 
|  44|0x00000000c2c00000, 0x00000000c2cffff8, 0x00000000c2d00000| 99%| O|  |TAMS 0x00000000c2c00000, 0x00000000c2c00000| Untracked 
|  45|0x00000000c2d00000, 0x00000000c2dffff8, 0x00000000c2e00000| 99%| O|  |TAMS 0x00000000c2d00000, 0x00000000c2d00000| Untracked 
|  46|0x00000000c2e00000, 0x00000000c2effff0, 0x00000000c2f00000| 99%| O|  |TAMS 0x00000000c2e00000, 0x00000000c2e00000| Untracked 
|  47|0x00000000c2f00000, 0x00000000c3000000, 0x00000000c3000000|100%| O|  |TAMS 0x00000000c2f00000, 0x00000000c2f00000| Untracked 
|  48|0x00000000c3000000, 0x00000000c3100000, 0x00000000c3100000|100%| O|  |TAMS 0x00000000c3000000, 0x00000000c3000000| Untracked 
|  49|0x00000000c3100000, 0x00000000c31ffff8, 0x00000000c3200000| 99%| O|  |TAMS 0x00000000c3100000, 0x00000000c3100000| Untracked 
|  50|0x00000000c3200000, 0x00000000c32ffff0, 0x00000000c3300000| 99%| O|  |TAMS 0x00000000c3200000, 0x00000000c3200000| Untracked 
|  51|0x00000000c3300000, 0x00000000c3400000, 0x00000000c3400000|100%|HS|  |TAMS 0x00000000c3300000, 0x00000000c3300000| Untracked 
|  52|0x00000000c3400000, 0x00000000c34ffff0, 0x00000000c3500000| 99%| O|  |TAMS 0x00000000c3400000, 0x00000000c3400000| Untracked 
|  53|0x00000000c3500000, 0x00000000c35ffff8, 0x00000000c3600000| 99%| O|  |TAMS 0x00000000c3500000, 0x00000000c3500000| Untracked 
|  54|0x00000000c3600000, 0x00000000c3700000, 0x00000000c3700000|100%| O|  |TAMS 0x00000000c3600000, 0x00000000c3600000| Untracked 
|  55|0x00000000c3700000, 0x00000000c37ffff0, 0x00000000c3800000| 99%| O|  |TAMS 0x00000000c3700000, 0x00000000c3700000| Untracked 
|  56|0x00000000c3800000, 0x00000000c3900000, 0x00000000c3900000|100%| O|  |TAMS 0x00000000c3800000, 0x00000000c3800000| Untracked 
|  57|0x00000000c3900000, 0x00000000c39ffff8, 0x00000000c3a00000| 99%| O|  |TAMS 0x00000000c3900000, 0x00000000c3900000| Untracked 
|  58|0x00000000c3a00000, 0x00000000c3affff8, 0x00000000c3b00000| 99%| O|  |TAMS 0x00000000c3a00000, 0x00000000c3a00000| Untracked 
|  59|0x00000000c3b00000, 0x00000000c3bffff8, 0x00000000c3c00000| 99%| O|  |TAMS 0x00000000c3b00000, 0x00000000c3b00000| Untracked 
|  60|0x00000000c3c00000, 0x00000000c3d00000, 0x00000000c3d00000|100%| O|  |TAMS 0x00000000c3c00000, 0x00000000c3c00000| Untracked 
|  61|0x00000000c3d00000, 0x00000000c3dffff0, 0x00000000c3e00000| 99%| O|  |TAMS 0x00000000c3d00000, 0x00000000c3d00000| Untracked 
|  62|0x00000000c3e00000, 0x00000000c3effff8, 0x00000000c3f00000| 99%| O|  |TAMS 0x00000000c3e00000, 0x00000000c3e00000| Untracked 
|  63|0x00000000c3f00000, 0x00000000c3fffff0, 0x00000000c4000000| 99%| O|  |TAMS 0x00000000c3f00000, 0x00000000c3f00000| Untracked 
|  64|0x00000000c4000000, 0x00000000c40ffff0, 0x00000000c4100000| 99%| O|  |TAMS 0x00000000c4000000, 0x00000000c4000000| Untracked 
|  65|0x00000000c4100000, 0x00000000c41ffff0, 0x00000000c4200000| 99%| O|  |TAMS 0x00000000c4100000, 0x00000000c4100000| Untracked 
|  66|0x00000000c4200000, 0x00000000c42ffff8, 0x00000000c4300000| 99%| O|  |TAMS 0x00000000c4200000, 0x00000000c4200000| Untracked 
|  67|0x00000000c4300000, 0x00000000c43fffe8, 0x00000000c4400000| 99%| O|  |TAMS 0x00000000c4300000, 0x00000000c4300000| Untracked 
|  68|0x00000000c4400000, 0x00000000c4500000, 0x00000000c4500000|100%| O|  |TAMS 0x00000000c4400000, 0x00000000c4400000| Untracked 
|  69|0x00000000c4500000, 0x00000000c45fffe8, 0x00000000c4600000| 99%| O|  |TAMS 0x00000000c4500000, 0x00000000c4500000| Untracked 
|  70|0x00000000c4600000, 0x00000000c4600000, 0x00000000c4700000|  0%| F|  |TAMS 0x00000000c4600000, 0x00000000c4600000| Untracked 
|  71|0x00000000c4700000, 0x00000000c47ffff0, 0x00000000c4800000| 99%| O|  |TAMS 0x00000000c4700000, 0x00000000c4700000| Untracked 
|  72|0x00000000c4800000, 0x00000000c48f1ac8, 0x00000000c4900000| 94%| O|  |TAMS 0x00000000c4800000, 0x00000000c4800000| Untracked 
|  73|0x00000000c4900000, 0x00000000c49ffff8, 0x00000000c4a00000| 99%| O|  |TAMS 0x00000000c4900000, 0x00000000c4900000| Untracked 
|  74|0x00000000c4a00000, 0x00000000c4a0f248, 0x00000000c4b00000|  5%| O|  |TAMS 0x00000000c4a00000, 0x00000000c4a00000| Untracked 
|  75|0x00000000c4b00000, 0x00000000c4b00000, 0x00000000c4c00000|  0%| F|  |TAMS 0x00000000c4b00000, 0x00000000c4b00000| Untracked 
|  76|0x00000000c4c00000, 0x00000000c4c00000, 0x00000000c4d00000|  0%| F|  |TAMS 0x00000000c4c00000, 0x00000000c4c00000| Untracked 
|  77|0x00000000c4d00000, 0x00000000c4d00000, 0x00000000c4e00000|  0%| F|  |TAMS 0x00000000c4d00000, 0x00000000c4d00000| Untracked 
|  78|0x00000000c4e00000, 0x00000000c4e55e28, 0x00000000c4f00000| 33%| O|  |TAMS 0x00000000c4e00000, 0x00000000c4e00000| Untracked 
|  79|0x00000000c4f00000, 0x00000000c4f00000, 0x00000000c5000000|  0%| F|  |TAMS 0x00000000c4f00000, 0x00000000c4f00000| Untracked 
|  80|0x00000000c5000000, 0x00000000c5000000, 0x00000000c5100000|  0%| F|  |TAMS 0x00000000c5000000, 0x00000000c5000000| Untracked 
|  81|0x00000000c5100000, 0x00000000c5100000, 0x00000000c5200000|  0%| F|  |TAMS 0x00000000c5100000, 0x00000000c5100000| Untracked 
|  82|0x00000000c5200000, 0x00000000c5200000, 0x00000000c5300000|  0%| F|  |TAMS 0x00000000c5200000, 0x00000000c5200000| Untracked 
|  83|0x00000000c5300000, 0x00000000c5300000, 0x00000000c5400000|  0%| F|  |TAMS 0x00000000c5300000, 0x00000000c5300000| Untracked 
|  84|0x00000000c5400000, 0x00000000c5400000, 0x00000000c5500000|  0%| F|  |TAMS 0x00000000c5400000, 0x00000000c5400000| Untracked 
|  85|0x00000000c5500000, 0x00000000c5500000, 0x00000000c5600000|  0%| F|  |TAMS 0x00000000c5500000, 0x00000000c5500000| Untracked 
|  86|0x00000000c5600000, 0x00000000c5600000, 0x00000000c5700000|  0%| F|  |TAMS 0x00000000c5600000, 0x00000000c5600000| Untracked 
|  87|0x00000000c5700000, 0x00000000c5700000, 0x00000000c5800000|  0%| F|  |TAMS 0x00000000c5700000, 0x00000000c5700000| Untracked 
|  88|0x00000000c5800000, 0x00000000c5800000, 0x00000000c5900000|  0%| F|  |TAMS 0x00000000c5800000, 0x00000000c5800000| Untracked 
|  89|0x00000000c5900000, 0x00000000c5900000, 0x00000000c5a00000|  0%| F|  |TAMS 0x00000000c5900000, 0x00000000c5900000| Untracked 
|  90|0x00000000c5a00000, 0x00000000c5a00000, 0x00000000c5b00000|  0%| F|  |TAMS 0x00000000c5a00000, 0x00000000c5a00000| Untracked 
|  91|0x00000000c5b00000, 0x00000000c5b00000, 0x00000000c5c00000|  0%| F|  |TAMS 0x00000000c5b00000, 0x00000000c5b00000| Untracked 
|  92|0x00000000c5c00000, 0x00000000c5c00000, 0x00000000c5d00000|  0%| F|  |TAMS 0x00000000c5c00000, 0x00000000c5c00000| Untracked 
|  93|0x00000000c5d00000, 0x00000000c5d00000, 0x00000000c5e00000|  0%| F|  |TAMS 0x00000000c5d00000, 0x00000000c5d00000| Untracked 
|  94|0x00000000c5e00000, 0x00000000c5e00000, 0x00000000c5f00000|  0%| F|  |TAMS 0x00000000c5e00000, 0x00000000c5e00000| Untracked 
|  95|0x00000000c5f00000, 0x00000000c5f00000, 0x00000000c6000000|  0%| F|  |TAMS 0x00000000c5f00000, 0x00000000c5f00000| Untracked 
|  96|0x00000000c6000000, 0x00000000c6000000, 0x00000000c6100000|  0%| F|  |TAMS 0x00000000c6000000, 0x00000000c6000000| Untracked 
|  97|0x00000000c6100000, 0x00000000c6100000, 0x00000000c6200000|  0%| F|  |TAMS 0x00000000c6100000, 0x00000000c6100000| Untracked 
|  98|0x00000000c6200000, 0x00000000c6200000, 0x00000000c6300000|  0%| F|  |TAMS 0x00000000c6200000, 0x00000000c6200000| Untracked 
|  99|0x00000000c6300000, 0x00000000c6300000, 0x00000000c6400000|  0%| F|  |TAMS 0x00000000c6300000, 0x00000000c6300000| Untracked 
| 100|0x00000000c6400000, 0x00000000c6400000, 0x00000000c6500000|  0%| F|  |TAMS 0x00000000c6400000, 0x00000000c6400000| Untracked 
| 101|0x00000000c6500000, 0x00000000c6500000, 0x00000000c6600000|  0%| F|  |TAMS 0x00000000c6500000, 0x00000000c6500000| Untracked 
| 102|0x00000000c6600000, 0x00000000c6600000, 0x00000000c6700000|  0%| F|  |TAMS 0x00000000c6600000, 0x00000000c6600000| Untracked 
| 103|0x00000000c6700000, 0x00000000c6700000, 0x00000000c6800000|  0%| F|  |TAMS 0x00000000c6700000, 0x00000000c6700000| Untracked 
| 104|0x00000000c6800000, 0x00000000c6800000, 0x00000000c6900000|  0%| F|  |TAMS 0x00000000c6800000, 0x00000000c6800000| Untracked 
| 105|0x00000000c6900000, 0x00000000c6900000, 0x00000000c6a00000|  0%| F|  |TAMS 0x00000000c6900000, 0x00000000c6900000| Untracked 
| 106|0x00000000c6a00000, 0x00000000c6a00000, 0x00000000c6b00000|  0%| F|  |TAMS 0x00000000c6a00000, 0x00000000c6a00000| Untracked 
| 107|0x00000000c6b00000, 0x00000000c6b00000, 0x00000000c6c00000|  0%| F|  |TAMS 0x00000000c6b00000, 0x00000000c6b00000| Untracked 
| 108|0x00000000c6c00000, 0x00000000c6c00000, 0x00000000c6d00000|  0%| F|  |TAMS 0x00000000c6c00000, 0x00000000c6c00000| Untracked 
| 109|0x00000000c6d00000, 0x00000000c6d00000, 0x00000000c6e00000|  0%| F|  |TAMS 0x00000000c6d00000, 0x00000000c6d00000| Untracked 
| 110|0x00000000c6e00000, 0x00000000c6e00000, 0x00000000c6f00000|  0%| F|  |TAMS 0x00000000c6e00000, 0x00000000c6e00000| Untracked 
| 111|0x00000000c6f00000, 0x00000000c6f00000, 0x00000000c7000000|  0%| F|  |TAMS 0x00000000c6f00000, 0x00000000c6f00000| Untracked 
| 112|0x00000000c7000000, 0x00000000c7000000, 0x00000000c7100000|  0%| F|  |TAMS 0x00000000c7000000, 0x00000000c7000000| Untracked 
| 113|0x00000000c7100000, 0x00000000c7100000, 0x00000000c7200000|  0%| F|  |TAMS 0x00000000c7100000, 0x00000000c7100000| Untracked 
| 114|0x00000000c7200000, 0x00000000c7200000, 0x00000000c7300000|  0%| F|  |TAMS 0x00000000c7200000, 0x00000000c7200000| Untracked 
| 115|0x00000000c7300000, 0x00000000c7300000, 0x00000000c7400000|  0%| F|  |TAMS 0x00000000c7300000, 0x00000000c7300000| Untracked 
| 116|0x00000000c7400000, 0x00000000c7400000, 0x00000000c7500000|  0%| F|  |TAMS 0x00000000c7400000, 0x00000000c7400000| Untracked 
| 117|0x00000000c7500000, 0x00000000c7500000, 0x00000000c7600000|  0%| F|  |TAMS 0x00000000c7500000, 0x00000000c7500000| Untracked 
| 118|0x00000000c7600000, 0x00000000c7600000, 0x00000000c7700000|  0%| F|  |TAMS 0x00000000c7600000, 0x00000000c7600000| Untracked 
| 119|0x00000000c7700000, 0x00000000c7700000, 0x00000000c7800000|  0%| F|  |TAMS 0x00000000c7700000, 0x00000000c7700000| Untracked 
| 120|0x00000000c7800000, 0x00000000c7800000, 0x00000000c7900000|  0%| F|  |TAMS 0x00000000c7800000, 0x00000000c7800000| Untracked 
| 121|0x00000000c7900000, 0x00000000c7900000, 0x00000000c7a00000|  0%| F|  |TAMS 0x00000000c7900000, 0x00000000c7900000| Untracked 
| 122|0x00000000c7a00000, 0x00000000c7a00000, 0x00000000c7b00000|  0%| F|  |TAMS 0x00000000c7a00000, 0x00000000c7a00000| Untracked 
| 123|0x00000000c7b00000, 0x00000000c7b00000, 0x00000000c7c00000|  0%| F|  |TAMS 0x00000000c7b00000, 0x00000000c7b00000| Untracked 
| 124|0x00000000c7c00000, 0x00000000c7c00000, 0x00000000c7d00000|  0%| F|  |TAMS 0x00000000c7c00000, 0x00000000c7c00000| Untracked 
| 125|0x00000000c7d00000, 0x00000000c7d00000, 0x00000000c7e00000|  0%| F|  |TAMS 0x00000000c7d00000, 0x00000000c7d00000| Untracked 
| 126|0x00000000c7e00000, 0x00000000c7e00000, 0x00000000c7f00000|  0%| F|  |TAMS 0x00000000c7e00000, 0x00000000c7e00000| Untracked 
| 127|0x00000000c7f00000, 0x00000000c7f00000, 0x00000000c8000000|  0%| F|  |TAMS 0x00000000c7f00000, 0x00000000c7f00000| Untracked 
| 128|0x00000000c8000000, 0x00000000c8000000, 0x00000000c8100000|  0%| F|  |TAMS 0x00000000c8000000, 0x00000000c8000000| Untracked 
| 129|0x00000000c8100000, 0x00000000c8100000, 0x00000000c8200000|  0%| F|  |TAMS 0x00000000c8100000, 0x00000000c8100000| Untracked 
| 130|0x00000000c8200000, 0x00000000c8200000, 0x00000000c8300000|  0%| F|  |TAMS 0x00000000c8200000, 0x00000000c8200000| Untracked 
| 131|0x00000000c8300000, 0x00000000c8300000, 0x00000000c8400000|  0%| F|  |TAMS 0x00000000c8300000, 0x00000000c8300000| Untracked 
| 132|0x00000000c8400000, 0x00000000c8400000, 0x00000000c8500000|  0%| F|  |TAMS 0x00000000c8400000, 0x00000000c8400000| Untracked 
| 133|0x00000000c8500000, 0x00000000c8500000, 0x00000000c8600000|  0%| F|  |TAMS 0x00000000c8500000, 0x00000000c8500000| Untracked 
| 134|0x00000000c8600000, 0x00000000c8600000, 0x00000000c8700000|  0%| F|  |TAMS 0x00000000c8600000, 0x00000000c8600000| Untracked 
| 135|0x00000000c8700000, 0x00000000c8700000, 0x00000000c8800000|  0%| F|  |TAMS 0x00000000c8700000, 0x00000000c8700000| Untracked 
| 136|0x00000000c8800000, 0x00000000c8800000, 0x00000000c8900000|  0%| F|  |TAMS 0x00000000c8800000, 0x00000000c8800000| Untracked 
| 137|0x00000000c8900000, 0x00000000c8900000, 0x00000000c8a00000|  0%| F|  |TAMS 0x00000000c8900000, 0x00000000c8900000| Untracked 
| 138|0x00000000c8a00000, 0x00000000c8a00000, 0x00000000c8b00000|  0%| F|  |TAMS 0x00000000c8a00000, 0x00000000c8a00000| Untracked 
| 139|0x00000000c8b00000, 0x00000000c8b00000, 0x00000000c8c00000|  0%| F|  |TAMS 0x00000000c8b00000, 0x00000000c8b00000| Untracked 
| 140|0x00000000c8c00000, 0x00000000c8c00000, 0x00000000c8d00000|  0%| F|  |TAMS 0x00000000c8c00000, 0x00000000c8c00000| Untracked 
| 141|0x00000000c8d00000, 0x00000000c8d00000, 0x00000000c8e00000|  0%| F|  |TAMS 0x00000000c8d00000, 0x00000000c8d00000| Untracked 
| 142|0x00000000c8e00000, 0x00000000c8e00000, 0x00000000c8f00000|  0%| F|  |TAMS 0x00000000c8e00000, 0x00000000c8e00000| Untracked 
| 143|0x00000000c8f00000, 0x00000000c8f00000, 0x00000000c9000000|  0%| F|  |TAMS 0x00000000c8f00000, 0x00000000c8f00000| Untracked 
| 144|0x00000000c9000000, 0x00000000c9000000, 0x00000000c9100000|  0%| F|  |TAMS 0x00000000c9000000, 0x00000000c9000000| Untracked 
| 145|0x00000000c9100000, 0x00000000c9100000, 0x00000000c9200000|  0%| F|  |TAMS 0x00000000c9100000, 0x00000000c9100000| Untracked 
| 146|0x00000000c9200000, 0x00000000c9200000, 0x00000000c9300000|  0%| F|  |TAMS 0x00000000c9200000, 0x00000000c9200000| Untracked 
| 147|0x00000000c9300000, 0x00000000c9300000, 0x00000000c9400000|  0%| F|  |TAMS 0x00000000c9300000, 0x00000000c9300000| Untracked 
| 148|0x00000000c9400000, 0x00000000c9400000, 0x00000000c9500000|  0%| F|  |TAMS 0x00000000c9400000, 0x00000000c9400000| Untracked 
| 149|0x00000000c9500000, 0x00000000c9500000, 0x00000000c9600000|  0%| F|  |TAMS 0x00000000c9500000, 0x00000000c9500000| Untracked 
| 150|0x00000000c9600000, 0x00000000c9600000, 0x00000000c9700000|  0%| F|  |TAMS 0x00000000c9600000, 0x00000000c9600000| Untracked 
| 151|0x00000000c9700000, 0x00000000c9700000, 0x00000000c9800000|  0%| F|  |TAMS 0x00000000c9700000, 0x00000000c9700000| Untracked 
| 152|0x00000000c9800000, 0x00000000c9800000, 0x00000000c9900000|  0%| F|  |TAMS 0x00000000c9800000, 0x00000000c9800000| Untracked 
| 153|0x00000000c9900000, 0x00000000c9900000, 0x00000000c9a00000|  0%| F|  |TAMS 0x00000000c9900000, 0x00000000c9900000| Untracked 
| 154|0x00000000c9a00000, 0x00000000c9a00000, 0x00000000c9b00000|  0%| F|  |TAMS 0x00000000c9a00000, 0x00000000c9a00000| Untracked 
| 155|0x00000000c9b00000, 0x00000000c9b00000, 0x00000000c9c00000|  0%| F|  |TAMS 0x00000000c9b00000, 0x00000000c9b00000| Untracked 
| 156|0x00000000c9c00000, 0x00000000c9c00000, 0x00000000c9d00000|  0%| F|  |TAMS 0x00000000c9c00000, 0x00000000c9c00000| Untracked 
| 157|0x00000000c9d00000, 0x00000000c9d00000, 0x00000000c9e00000|  0%| F|  |TAMS 0x00000000c9d00000, 0x00000000c9d00000| Untracked 
| 158|0x00000000c9e00000, 0x00000000c9e00000, 0x00000000c9f00000|  0%| F|  |TAMS 0x00000000c9e00000, 0x00000000c9e00000| Untracked 
| 159|0x00000000c9f00000, 0x00000000c9f00000, 0x00000000ca000000|  0%| F|  |TAMS 0x00000000c9f00000, 0x00000000c9f00000| Untracked 
| 160|0x00000000ca000000, 0x00000000ca000000, 0x00000000ca100000|  0%| F|  |TAMS 0x00000000ca000000, 0x00000000ca000000| Untracked 
| 161|0x00000000ca100000, 0x00000000ca100000, 0x00000000ca200000|  0%| F|  |TAMS 0x00000000ca100000, 0x00000000ca100000| Untracked 
| 162|0x00000000ca200000, 0x00000000ca200000, 0x00000000ca300000|  0%| F|  |TAMS 0x00000000ca200000, 0x00000000ca200000| Untracked 
| 163|0x00000000ca300000, 0x00000000ca300000, 0x00000000ca400000|  0%| F|  |TAMS 0x00000000ca300000, 0x00000000ca300000| Untracked 
| 164|0x00000000ca400000, 0x00000000ca400000, 0x00000000ca500000|  0%| F|  |TAMS 0x00000000ca400000, 0x00000000ca400000| Untracked 
| 165|0x00000000ca500000, 0x00000000ca500000, 0x00000000ca600000|  0%| F|  |TAMS 0x00000000ca500000, 0x00000000ca500000| Untracked 
| 166|0x00000000ca600000, 0x00000000ca600000, 0x00000000ca700000|  0%| F|  |TAMS 0x00000000ca600000, 0x00000000ca600000| Untracked 
| 167|0x00000000ca700000, 0x00000000ca700000, 0x00000000ca800000|  0%| F|  |TAMS 0x00000000ca700000, 0x00000000ca700000| Untracked 
| 168|0x00000000ca800000, 0x00000000ca800000, 0x00000000ca900000|  0%| F|  |TAMS 0x00000000ca800000, 0x00000000ca800000| Untracked 
| 169|0x00000000ca900000, 0x00000000ca900000, 0x00000000caa00000|  0%| F|  |TAMS 0x00000000ca900000, 0x00000000ca900000| Untracked 
| 170|0x00000000caa00000, 0x00000000caa00000, 0x00000000cab00000|  0%| F|  |TAMS 0x00000000caa00000, 0x00000000caa00000| Untracked 
| 171|0x00000000cab00000, 0x00000000cab00000, 0x00000000cac00000|  0%| F|  |TAMS 0x00000000cab00000, 0x00000000cab00000| Untracked 
| 172|0x00000000cac00000, 0x00000000cac00000, 0x00000000cad00000|  0%| F|  |TAMS 0x00000000cac00000, 0x00000000cac00000| Untracked 
| 173|0x00000000cad00000, 0x00000000cad00000, 0x00000000cae00000|  0%| F|  |TAMS 0x00000000cad00000, 0x00000000cad00000| Untracked 
| 174|0x00000000cae00000, 0x00000000cae00000, 0x00000000caf00000|  0%| F|  |TAMS 0x00000000cae00000, 0x00000000cae00000| Untracked 
| 175|0x00000000caf00000, 0x00000000caf00000, 0x00000000cb000000|  0%| F|  |TAMS 0x00000000caf00000, 0x00000000caf00000| Untracked 
| 176|0x00000000cb000000, 0x00000000cb000000, 0x00000000cb100000|  0%| F|  |TAMS 0x00000000cb000000, 0x00000000cb000000| Untracked 
| 177|0x00000000cb100000, 0x00000000cb100000, 0x00000000cb200000|  0%| F|  |TAMS 0x00000000cb100000, 0x00000000cb100000| Untracked 
| 178|0x00000000cb200000, 0x00000000cb200000, 0x00000000cb300000|  0%| F|  |TAMS 0x00000000cb200000, 0x00000000cb200000| Untracked 
| 179|0x00000000cb300000, 0x00000000cb300000, 0x00000000cb400000|  0%| F|  |TAMS 0x00000000cb300000, 0x00000000cb300000| Untracked 
| 180|0x00000000cb400000, 0x00000000cb400000, 0x00000000cb500000|  0%| F|  |TAMS 0x00000000cb400000, 0x00000000cb400000| Untracked 
| 181|0x00000000cb500000, 0x00000000cb500000, 0x00000000cb600000|  0%| F|  |TAMS 0x00000000cb500000, 0x00000000cb500000| Untracked 
| 182|0x00000000cb600000, 0x00000000cb600000, 0x00000000cb700000|  0%| F|  |TAMS 0x00000000cb600000, 0x00000000cb600000| Untracked 
| 183|0x00000000cb700000, 0x00000000cb700000, 0x00000000cb800000|  0%| F|  |TAMS 0x00000000cb700000, 0x00000000cb700000| Untracked 
| 184|0x00000000cb800000, 0x00000000cb800000, 0x00000000cb900000|  0%| F|  |TAMS 0x00000000cb800000, 0x00000000cb800000| Untracked 
| 185|0x00000000cb900000, 0x00000000cb900000, 0x00000000cba00000|  0%| F|  |TAMS 0x00000000cb900000, 0x00000000cb900000| Untracked 
| 186|0x00000000cba00000, 0x00000000cba00000, 0x00000000cbb00000|  0%| F|  |TAMS 0x00000000cba00000, 0x00000000cba00000| Untracked 
| 187|0x00000000cbb00000, 0x00000000cbb00000, 0x00000000cbc00000|  0%| F|  |TAMS 0x00000000cbb00000, 0x00000000cbb00000| Untracked 
| 188|0x00000000cbc00000, 0x00000000cbc00000, 0x00000000cbd00000|  0%| F|  |TAMS 0x00000000cbc00000, 0x00000000cbc00000| Untracked 
| 189|0x00000000cbd00000, 0x00000000cbd00000, 0x00000000cbe00000|  0%| F|  |TAMS 0x00000000cbd00000, 0x00000000cbd00000| Untracked 
| 190|0x00000000cbe00000, 0x00000000cbe00000, 0x00000000cbf00000|  0%| F|  |TAMS 0x00000000cbe00000, 0x00000000cbe00000| Untracked 
| 191|0x00000000cbf00000, 0x00000000cbf00000, 0x00000000cc000000|  0%| F|  |TAMS 0x00000000cbf00000, 0x00000000cbf00000| Untracked 
| 192|0x00000000cc000000, 0x00000000cc000000, 0x00000000cc100000|  0%| F|  |TAMS 0x00000000cc000000, 0x00000000cc000000| Untracked 
| 193|0x00000000cc100000, 0x00000000cc100000, 0x00000000cc200000|  0%| F|  |TAMS 0x00000000cc100000, 0x00000000cc100000| Untracked 
| 194|0x00000000cc200000, 0x00000000cc200000, 0x00000000cc300000|  0%| F|  |TAMS 0x00000000cc200000, 0x00000000cc200000| Untracked 
| 195|0x00000000cc300000, 0x00000000cc300000, 0x00000000cc400000|  0%| F|  |TAMS 0x00000000cc300000, 0x00000000cc300000| Untracked 
| 196|0x00000000cc400000, 0x00000000cc400000, 0x00000000cc500000|  0%| F|  |TAMS 0x00000000cc400000, 0x00000000cc400000| Untracked 
| 197|0x00000000cc500000, 0x00000000cc500000, 0x00000000cc600000|  0%| F|  |TAMS 0x00000000cc500000, 0x00000000cc500000| Untracked 
| 198|0x00000000cc600000, 0x00000000cc600000, 0x00000000cc700000|  0%| F|  |TAMS 0x00000000cc600000, 0x00000000cc600000| Untracked 
| 199|0x00000000cc700000, 0x00000000cc700000, 0x00000000cc800000|  0%| F|  |TAMS 0x00000000cc700000, 0x00000000cc700000| Untracked 
| 200|0x00000000cc800000, 0x00000000cc800000, 0x00000000cc900000|  0%| F|  |TAMS 0x00000000cc800000, 0x00000000cc800000| Untracked 
| 201|0x00000000cc900000, 0x00000000cc900000, 0x00000000cca00000|  0%| F|  |TAMS 0x00000000cc900000, 0x00000000cc900000| Untracked 
| 202|0x00000000cca00000, 0x00000000cca00000, 0x00000000ccb00000|  0%| F|  |TAMS 0x00000000cca00000, 0x00000000cca00000| Untracked 
| 203|0x00000000ccb00000, 0x00000000ccb00000, 0x00000000ccc00000|  0%| F|  |TAMS 0x00000000ccb00000, 0x00000000ccb00000| Untracked 
| 204|0x00000000ccc00000, 0x00000000ccc00000, 0x00000000ccd00000|  0%| F|  |TAMS 0x00000000ccc00000, 0x00000000ccc00000| Untracked 
| 205|0x00000000ccd00000, 0x00000000ccd00000, 0x00000000cce00000|  0%| F|  |TAMS 0x00000000ccd00000, 0x00000000ccd00000| Untracked 
| 206|0x00000000cce00000, 0x00000000cce00000, 0x00000000ccf00000|  0%| F|  |TAMS 0x00000000cce00000, 0x00000000cce00000| Untracked 
| 207|0x00000000ccf00000, 0x00000000ccf00000, 0x00000000cd000000|  0%| F|  |TAMS 0x00000000ccf00000, 0x00000000ccf00000| Untracked 
| 208|0x00000000cd000000, 0x00000000cd000000, 0x00000000cd100000|  0%| F|  |TAMS 0x00000000cd000000, 0x00000000cd000000| Untracked 
| 209|0x00000000cd100000, 0x00000000cd100000, 0x00000000cd200000|  0%| F|  |TAMS 0x00000000cd100000, 0x00000000cd100000| Untracked 
| 210|0x00000000cd200000, 0x00000000cd200000, 0x00000000cd300000|  0%| F|  |TAMS 0x00000000cd200000, 0x00000000cd200000| Untracked 
| 211|0x00000000cd300000, 0x00000000cd300000, 0x00000000cd400000|  0%| F|  |TAMS 0x00000000cd300000, 0x00000000cd300000| Untracked 
| 212|0x00000000cd400000, 0x00000000cd400000, 0x00000000cd500000|  0%| F|  |TAMS 0x00000000cd400000, 0x00000000cd400000| Untracked 
| 213|0x00000000cd500000, 0x00000000cd500000, 0x00000000cd600000|  0%| F|  |TAMS 0x00000000cd500000, 0x00000000cd500000| Untracked 
| 214|0x00000000cd600000, 0x00000000cd600000, 0x00000000cd700000|  0%| F|  |TAMS 0x00000000cd600000, 0x00000000cd600000| Untracked 
| 215|0x00000000cd700000, 0x00000000cd700000, 0x00000000cd800000|  0%| F|  |TAMS 0x00000000cd700000, 0x00000000cd700000| Untracked 
| 216|0x00000000cd800000, 0x00000000cd800000, 0x00000000cd900000|  0%| F|  |TAMS 0x00000000cd800000, 0x00000000cd800000| Untracked 
| 217|0x00000000cd900000, 0x00000000cd900000, 0x00000000cda00000|  0%| F|  |TAMS 0x00000000cd900000, 0x00000000cd900000| Untracked 
| 218|0x00000000cda00000, 0x00000000cda00000, 0x00000000cdb00000|  0%| F|  |TAMS 0x00000000cda00000, 0x00000000cda00000| Untracked 
| 219|0x00000000cdb00000, 0x00000000cdb00000, 0x00000000cdc00000|  0%| F|  |TAMS 0x00000000cdb00000, 0x00000000cdb00000| Untracked 
| 220|0x00000000cdc00000, 0x00000000cdc00000, 0x00000000cdd00000|  0%| F|  |TAMS 0x00000000cdc00000, 0x00000000cdc00000| Untracked 
| 221|0x00000000cdd00000, 0x00000000cdd00000, 0x00000000cde00000|  0%| F|  |TAMS 0x00000000cdd00000, 0x00000000cdd00000| Untracked 
| 222|0x00000000cde00000, 0x00000000cde00000, 0x00000000cdf00000|  0%| F|  |TAMS 0x00000000cde00000, 0x00000000cde00000| Untracked 
| 223|0x00000000cdf00000, 0x00000000cdf00000, 0x00000000ce000000|  0%| F|  |TAMS 0x00000000cdf00000, 0x00000000cdf00000| Untracked 
| 224|0x00000000ce000000, 0x00000000ce000000, 0x00000000ce100000|  0%| F|  |TAMS 0x00000000ce000000, 0x00000000ce000000| Untracked 
| 225|0x00000000ce100000, 0x00000000ce100000, 0x00000000ce200000|  0%| F|  |TAMS 0x00000000ce100000, 0x00000000ce100000| Untracked 
| 226|0x00000000ce200000, 0x00000000ce200000, 0x00000000ce300000|  0%| F|  |TAMS 0x00000000ce200000, 0x00000000ce200000| Untracked 
| 227|0x00000000ce300000, 0x00000000ce300000, 0x00000000ce400000|  0%| F|  |TAMS 0x00000000ce300000, 0x00000000ce300000| Untracked 
| 228|0x00000000ce400000, 0x00000000ce400000, 0x00000000ce500000|  0%| F|  |TAMS 0x00000000ce400000, 0x00000000ce400000| Untracked 
| 229|0x00000000ce500000, 0x00000000ce500000, 0x00000000ce600000|  0%| F|  |TAMS 0x00000000ce500000, 0x00000000ce500000| Untracked 
| 230|0x00000000ce600000, 0x00000000ce600000, 0x00000000ce700000|  0%| F|  |TAMS 0x00000000ce600000, 0x00000000ce600000| Untracked 
| 231|0x00000000ce700000, 0x00000000ce700000, 0x00000000ce800000|  0%| F|  |TAMS 0x00000000ce700000, 0x00000000ce700000| Untracked 
| 232|0x00000000ce800000, 0x00000000ce800000, 0x00000000ce900000|  0%| F|  |TAMS 0x00000000ce800000, 0x00000000ce800000| Untracked 
| 233|0x00000000ce900000, 0x00000000ce900000, 0x00000000cea00000|  0%| F|  |TAMS 0x00000000ce900000, 0x00000000ce900000| Untracked 
| 234|0x00000000cea00000, 0x00000000cea00000, 0x00000000ceb00000|  0%| F|  |TAMS 0x00000000cea00000, 0x00000000cea00000| Untracked 
| 235|0x00000000ceb00000, 0x00000000ceb00000, 0x00000000cec00000|  0%| F|  |TAMS 0x00000000ceb00000, 0x00000000ceb00000| Untracked 
| 236|0x00000000cec00000, 0x00000000cec00000, 0x00000000ced00000|  0%| F|  |TAMS 0x00000000cec00000, 0x00000000cec00000| Untracked 
| 237|0x00000000ced00000, 0x00000000ced00000, 0x00000000cee00000|  0%| F|  |TAMS 0x00000000ced00000, 0x00000000ced00000| Untracked 
| 238|0x00000000cee00000, 0x00000000cee00000, 0x00000000cef00000|  0%| F|  |TAMS 0x00000000cee00000, 0x00000000cee00000| Untracked 
| 239|0x00000000cef00000, 0x00000000cef00000, 0x00000000cf000000|  0%| F|  |TAMS 0x00000000cef00000, 0x00000000cef00000| Untracked 
| 240|0x00000000cf000000, 0x00000000cf000000, 0x00000000cf100000|  0%| F|  |TAMS 0x00000000cf000000, 0x00000000cf000000| Untracked 
| 241|0x00000000cf100000, 0x00000000cf100000, 0x00000000cf200000|  0%| F|  |TAMS 0x00000000cf100000, 0x00000000cf100000| Untracked 
| 242|0x00000000cf200000, 0x00000000cf200000, 0x00000000cf300000|  0%| F|  |TAMS 0x00000000cf200000, 0x00000000cf200000| Untracked 
| 243|0x00000000cf300000, 0x00000000cf300000, 0x00000000cf400000|  0%| F|  |TAMS 0x00000000cf300000, 0x00000000cf300000| Untracked 
| 244|0x00000000cf400000, 0x00000000cf400000, 0x00000000cf500000|  0%| F|  |TAMS 0x00000000cf400000, 0x00000000cf400000| Untracked 
| 245|0x00000000cf500000, 0x00000000cf500000, 0x00000000cf600000|  0%| F|  |TAMS 0x00000000cf500000, 0x00000000cf500000| Untracked 
| 246|0x00000000cf600000, 0x00000000cf600000, 0x00000000cf700000|  0%| F|  |TAMS 0x00000000cf600000, 0x00000000cf600000| Untracked 
| 247|0x00000000cf700000, 0x00000000cf700000, 0x00000000cf800000|  0%| F|  |TAMS 0x00000000cf700000, 0x00000000cf700000| Untracked 
| 248|0x00000000cf800000, 0x00000000cf800000, 0x00000000cf900000|  0%| F|  |TAMS 0x00000000cf800000, 0x00000000cf800000| Untracked 
| 249|0x00000000cf900000, 0x00000000cf901970, 0x00000000cfa00000|  0%| E|  |TAMS 0x00000000cf900000, 0x00000000cf900000| Complete 

Card table byte_map: [0x000001d26ac80000,0x000001d26ae80000] _byte_map_base: 0x000001d26a680000

Marking Bits (Prev, Next): (CMBitMap*) 0x000001d252064b18, (CMBitMap*) 0x000001d252064b58
 Prev Bits: [0x000001d26b080000, 0x000001d26c080000)
 Next Bits: [0x000001d26c080000, 0x000001d26d080000)

Polling page: 0x000001d252030000

Metaspace:

Usage:
  Non-class:     10.24 MB capacity,     8.49 MB ( 83%) used,     1.71 MB ( 17%) free+waste,    36.69 KB ( <1%) overhead. 
      Class:      1.94 MB capacity,     1.58 MB ( 82%) used,   346.68 KB ( 17%) free+waste,    19.75 KB ( <1%) overhead. 
       Both:     12.18 MB capacity,    10.07 MB ( 83%) used,     2.05 MB ( 17%) free+waste,    56.44 KB ( <1%) overhead. 

Virtual space:
  Non-class space:       12.00 MB reserved,      10.25 MB ( 85%) committed 
      Class space:        1.00 GB reserved,       2.00 MB ( <1%) committed 
             Both:        1.01 GB reserved,      12.25 MB (  1%) committed 

Chunk freelists:
   Non-Class:  6.00 KB
       Class:  2.00 KB
        Both:  8.00 KB

MaxMetaspaceSize: 17179869184.00 GB
CompressedClassSpaceSize: 1.00 GB

CodeHeap 'non-profiled nmethods': size=120000Kb used=1327Kb max_used=1327Kb free=118673Kb
 bounds [0x000001d262f20000, 0x000001d263190000, 0x000001d26a450000]
CodeHeap 'profiled nmethods': size=120000Kb used=5560Kb max_used=5560Kb free=114439Kb
 bounds [0x000001d25b9f0000, 0x000001d25bf60000, 0x000001d262f20000]
CodeHeap 'non-nmethods': size=5760Kb used=1171Kb max_used=1251Kb free=4588Kb
 bounds [0x000001d25b450000, 0x000001d25b6c0000, 0x000001d25b9f0000]
 total_blobs=4591 nmethods=3024 adapters=323
 compilation: enabled
              stopped_count=0, restarted_count=0
 full_count=0

Compilation events (20 events):
Event: 5.150 Thread 0x000001d252266000 2409       4       scala.collection.GenTraversableOnce::$init$ (1 bytes)
Event: 5.150 Thread 0x000001d252266000 nmethod 2409 0x000001d26306a110 code [0x000001d26306a280, 0x000001d26306a2b8]
Event: 5.150 Thread 0x000001d252266000 2453       4       scala.collection.TraversableOnce::$init$ (1 bytes)
Event: 5.150 Thread 0x000001d252266000 nmethod 2453 0x000001d26306a410 code [0x000001d26306a580, 0x000001d26306a5b8]
Event: 5.150 Thread 0x000001d252266000 2583       4       scala.Enumeration$Value::hashCode (5 bytes)
Event: 5.151 Thread 0x000001d252266000 nmethod 2583 0x000001d26306a710 code [0x000001d26306a8a0, 0x000001d26306a918]
Event: 5.151 Thread 0x000001d252266000 2515       4       scala.collection.Parallelizable::$init$ (1 bytes)
Event: 5.151 Thread 0x000001d252266000 nmethod 2515 0x000001d26306aa10 code [0x000001d26306ab80, 0x000001d26306abb8]
Event: 5.151 Thread 0x000001d252266000 2516       4       scala.collection.TraversableLike::$init$ (1 bytes)
Event: 5.151 Thread 0x000001d252266000 nmethod 2516 0x000001d26306ad10 code [0x000001d26306ae80, 0x000001d26306aeb8]
Event: 5.151 Thread 0x000001d252266000 2551       4       scala.collection.generic.GenericTraversableTemplate::$init$ (1 bytes)
Event: 5.151 Thread 0x000001d252266000 nmethod 2551 0x000001d26306b010 code [0x000001d26306b180, 0x000001d26306b1b8]
Event: 5.151 Thread 0x000001d252266000 2552       4       scala.collection.GenTraversable::$init$ (1 bytes)
Event: 5.151 Thread 0x000001d252266000 nmethod 2552 0x000001d26306b310 code [0x000001d26306b480, 0x000001d26306b4b8]
Event: 5.151 Thread 0x000001d252266000 2553       4       scala.collection.Traversable::$init$ (1 bytes)
Event: 5.152 Thread 0x000001d252266000 nmethod 2553 0x000001d26306b610 code [0x000001d26306b780, 0x000001d26306b7b8]
Event: 5.152 Thread 0x000001d252266000 2354       4       scala.collection.immutable.HashMap::improve (29 bytes)
Event: 5.152 Thread 0x000001d252266000 nmethod 2354 0x000001d26306b910 code [0x000001d26306baa0, 0x000001d26306bb38]
Event: 10.556 Thread 0x000001d25226a800 3058   !   3       java.lang.ref.ReferenceQueue::remove (125 bytes)
Event: 10.557 Thread 0x000001d25226a800 nmethod 3058 0x000001d25bf5d510 code [0x000001d25bf5d740, 0x000001d25bf5e040]

GC Heap History (20 events):
Event: 1.821 GC heap before
{Heap before GC invocations=20 (full 4):
 garbage-first heap   total 88064K, used 59491K [0x00000000c0000000, 0x0000000100000000)
  region size 1024K, 38 young (38912K), 4 survivors (4096K)
 Metaspace       used 7827K, capacity 10256K, committed 10368K, reserved 1058816K
  class space    used 1247K, capacity 1579K, committed 1664K, reserved 1048576K
}
Event: 1.843 GC heap after
{Heap after GC invocations=21 (full 4):
 garbage-first heap   total 190464K, used 30825K [0x00000000c0000000, 0x0000000100000000)
  region size 1024K, 5 young (5120K), 5 survivors (5120K)
 Metaspace       used 7827K, capacity 10256K, committed 10368K, reserved 1058816K
  class space    used 1247K, capacity 1579K, committed 1664K, reserved 1048576K
}
Event: 1.999 GC heap before
{Heap before GC invocations=21 (full 4):
 garbage-first heap   total 190464K, used 92265K [0x00000000c0000000, 0x0000000100000000)
  region size 1024K, 65 young (66560K), 5 survivors (5120K)
 Metaspace       used 7828K, capacity 10256K, committed 10368K, reserved 1058816K
  class space    used 1247K, capacity 1579K, committed 1664K, reserved 1048576K
}
Event: 2.019 GC heap after
{Heap after GC invocations=22 (full 4):
 garbage-first heap   total 190464K, used 36027K [0x00000000c0000000, 0x0000000100000000)
  region size 1024K, 6 young (6144K), 6 survivors (6144K)
 Metaspace       used 7828K, capacity 10256K, committed 10368K, reserved 1058816K
  class space    used 1247K, capacity 1579K, committed 1664K, reserved 1048576K
}
Event: 2.404 GC heap before
{Heap before GC invocations=22 (full 4):
 garbage-first heap   total 190464K, used 123067K [0x00000000c0000000, 0x0000000100000000)
  region size 1024K, 80 young (81920K), 6 survivors (6144K)
 Metaspace       used 8841K, capacity 11222K, committed 11392K, reserved 1058816K
  class space    used 1442K, capacity 1824K, committed 1920K, reserved 1048576K
}
Event: 2.439 GC heap after
{Heap after GC invocations=23 (full 4):
 garbage-first heap   total 190464K, used 61086K [0x00000000c0000000, 0x0000000100000000)
  region size 1024K, 10 young (10240K), 10 survivors (10240K)
 Metaspace       used 8841K, capacity 11222K, committed 11392K, reserved 1058816K
  class space    used 1442K, capacity 1824K, committed 1920K, reserved 1048576K
}
Event: 2.700 GC heap before
{Heap before GC invocations=23 (full 4):
 garbage-first heap   total 190464K, used 137886K [0x00000000c0000000, 0x0000000100000000)
  region size 1024K, 84 young (86016K), 10 survivors (10240K)
 Metaspace       used 9494K, capacity 11728K, committed 12032K, reserved 1058816K
  class space    used 1534K, capacity 1927K, committed 2048K, reserved 1048576K
}
Event: 2.731 GC heap after
{Heap after GC invocations=24 (full 4):
 garbage-first heap   total 190464K, used 73487K [0x00000000c0000000, 0x0000000100000000)
  region size 1024K, 11 young (11264K), 11 survivors (11264K)
 Metaspace       used 9494K, capacity 11728K, committed 12032K, reserved 1058816K
  class space    used 1534K, capacity 1927K, committed 2048K, reserved 1048576K
}
Event: 2.816 GC heap before
{Heap before GC invocations=24 (full 4):
 garbage-first heap   total 190464K, used 140047K [0x00000000c0000000, 0x0000000100000000)
  region size 1024K, 76 young (77824K), 11 survivors (11264K)
 Metaspace       used 9495K, capacity 11728K, committed 12032K, reserved 1058816K
  class space    used 1534K, capacity 1927K, committed 2048K, reserved 1048576K
}
Event: 2.841 GC heap after
{Heap after GC invocations=25 (full 4):
 garbage-first heap   total 445440K, used 82327K [0x00000000c0000000, 0x0000000100000000)
  region size 1024K, 9 young (9216K), 9 survivors (9216K)
 Metaspace       used 9495K, capacity 11728K, committed 12032K, reserved 1058816K
  class space    used 1534K, capacity 1927K, committed 2048K, reserved 1048576K
}
Event: 3.550 GC heap before
{Heap before GC invocations=25 (full 4):
 garbage-first heap   total 445440K, used 259479K [0x00000000c0000000, 0x0000000100000000)
  region size 1024K, 182 young (186368K), 9 survivors (9216K)
 Metaspace       used 9594K, capacity 11800K, committed 12032K, reserved 1058816K
  class space    used 1567K, capacity 1930K, committed 2048K, reserved 1048576K
}
Event: 3.661 GC heap after
{Heap after GC invocations=26 (full 4):
 garbage-first heap   total 445440K, used 100807K [0x00000000c0000000, 0x0000000100000000)
  region size 1024K, 23 young (23552K), 23 survivors (23552K)
 Metaspace       used 9594K, capacity 11800K, committed 12032K, reserved 1058816K
  class space    used 1567K, capacity 1930K, committed 2048K, reserved 1048576K
}
Event: 4.632 GC heap before
{Heap before GC invocations=26 (full 4):
 garbage-first heap   total 445440K, used 282055K [0x00000000c0000000, 0x0000000100000000)
  region size 1024K, 201 young (205824K), 23 survivors (23552K)
 Metaspace       used 10312K, capacity 12472K, committed 12544K, reserved 1060864K
  class space    used 1615K, capacity 1982K, committed 2048K, reserved 1048576K
}
Event: 4.898 GC heap after
{Heap after GC invocations=27 (full 5):
 garbage-first heap   total 256000K, used 75139K [0x00000000c0000000, 0x0000000100000000)
  region size 1024K, 0 young (0K), 0 survivors (0K)
 Metaspace       used 10312K, capacity 12472K, committed 12544K, reserved 1060864K
  class space    used 1615K, capacity 1982K, committed 2048K, reserved 1048576K
}
Event: 9.465 GC heap before
{Heap before GC invocations=27 (full 5):
 garbage-first heap   total 256000K, used 75139K [0x00000000c0000000, 0x0000000100000000)
  region size 1024K, 1 young (1024K), 0 survivors (0K)
 Metaspace       used 10312K, capacity 12472K, committed 12544K, reserved 1060864K
  class space    used 1615K, capacity 1982K, committed 2048K, reserved 1048576K
}
Event: 9.576 GC heap after
{Heap after GC invocations=28 (full 6):
 garbage-first heap   total 256000K, used 75090K [0x00000000c0000000, 0x0000000100000000)
  region size 1024K, 0 young (0K), 0 survivors (0K)
 Metaspace       used 10312K, capacity 12472K, committed 12544K, reserved 1060864K
  class space    used 1615K, capacity 1982K, committed 2048K, reserved 1048576K
}
Event: 9.643 GC heap before
{Heap before GC invocations=28 (full 6):
 garbage-first heap   total 256000K, used 75090K [0x00000000c0000000, 0x0000000100000000)
  region size 1024K, 1 young (1024K), 0 survivors (0K)
 Metaspace       used 10312K, capacity 12472K, committed 12544K, reserved 1060864K
  class space    used 1615K, capacity 1982K, committed 2048K, reserved 1048576K
}
Event: 9.731 GC heap after
{Heap after GC invocations=29 (full 7):
 garbage-first heap   total 256000K, used 75090K [0x00000000c0000000, 0x0000000100000000)
  region size 1024K, 0 young (0K), 0 survivors (0K)
 Metaspace       used 10312K, capacity 12472K, committed 12544K, reserved 1060864K
  class space    used 1615K, capacity 1982K, committed 2048K, reserved 1048576K
}
Event: 10.571 GC heap before
{Heap before GC invocations=29 (full 7):
 garbage-first heap   total 256000K, used 75090K [0x00000000c0000000, 0x0000000100000000)
  region size 1024K, 1 young (1024K), 0 survivors (0K)
 Metaspace       used 10313K, capacity 12472K, committed 12544K, reserved 1060864K
  class space    used 1615K, capacity 1982K, committed 2048K, reserved 1048576K
}
Event: 10.654 GC heap after
{Heap after GC invocations=30 (full 8):
 garbage-first heap   total 256000K, used 75090K [0x00000000c0000000, 0x0000000100000000)
  region size 1024K, 0 young (0K), 0 survivors (0K)
 Metaspace       used 10313K, capacity 12472K, committed 12544K, reserved 1060864K
  class space    used 1615K, capacity 1982K, committed 2048K, reserved 1048576K
}

Deoptimization events (20 events):
Event: 4.591 Thread 0x000001d25118f800 DEOPT PACKING pc=0x000001d25bee4a08 sp=0x000000b1395ecc00
Event: 4.591 Thread 0x000001d25118f800 DEOPT UNPACKING pc=0x000001d25b49964e sp=0x000000b1395ec0a0 mode 0
Event: 4.597 Thread 0x000001d25118f800 DEOPT PACKING pc=0x000001d25bf2b85f sp=0x000000b1395ed370
Event: 4.597 Thread 0x000001d25118f800 DEOPT UNPACKING pc=0x000001d25b49964e sp=0x000000b1395ec810 mode 0
Event: 4.597 Thread 0x000001d25118f800 DEOPT PACKING pc=0x000001d25bf21434 sp=0x000000b1395ed2e0
Event: 4.597 Thread 0x000001d25118f800 DEOPT UNPACKING pc=0x000001d25b49964e sp=0x000000b1395ec798 mode 0
Event: 4.598 Thread 0x000001d25118f800 DEOPT PACKING pc=0x000001d25bee4a08 sp=0x000000b1395ecc20
Event: 4.598 Thread 0x000001d25118f800 DEOPT UNPACKING pc=0x000001d25b49964e sp=0x000000b1395ec0c0 mode 0
Event: 4.606 Thread 0x000001d25118f800 DEOPT PACKING pc=0x000001d25bee4a08 sp=0x000000b1395ed220
Event: 4.606 Thread 0x000001d25118f800 DEOPT UNPACKING pc=0x000001d25b49964e sp=0x000000b1395ec6c0 mode 0
Event: 4.607 Thread 0x000001d25118f800 DEOPT PACKING pc=0x000001d25bf432f0 sp=0x000000b1395ec960
Event: 4.607 Thread 0x000001d25118f800 DEOPT UNPACKING pc=0x000001d25b49964e sp=0x000000b1395ebe48 mode 0
Event: 4.607 Thread 0x000001d25118f800 DEOPT PACKING pc=0x000001d25bf443e3 sp=0x000000b1395ec7b0
Event: 4.607 Thread 0x000001d25118f800 DEOPT UNPACKING pc=0x000001d25b49964e sp=0x000000b1395ebc78 mode 0
Event: 4.608 Thread 0x000001d25118f800 DEOPT PACKING pc=0x000001d25bf382e1 sp=0x000000b1395ec980
Event: 4.608 Thread 0x000001d25118f800 DEOPT UNPACKING pc=0x000001d25b49964e sp=0x000000b1395ebe28 mode 0
Event: 4.616 Thread 0x000001d25118f800 DEOPT PACKING pc=0x000001d25bee4a08 sp=0x000000b1395ecc40
Event: 4.616 Thread 0x000001d25118f800 DEOPT UNPACKING pc=0x000001d25b49964e sp=0x000000b1395ec0e0 mode 0
Event: 4.617 Thread 0x000001d25118f800 DEOPT PACKING pc=0x000001d25bf21434 sp=0x000000b1395ed2e0
Event: 4.617 Thread 0x000001d25118f800 DEOPT UNPACKING pc=0x000001d25b49964e sp=0x000000b1395ec798 mode 0

Classes unloaded (0 events):
No events

Classes redefined (0 events):
No events

Internal exceptions (18 events):
Event: 0.086 Thread 0x000001d25118f800 Exception <a 'java/io/IOException'{0x00000000c3f88920}: Bad pathname> (0x00000000c3f88920) 
thrown [t:/workspace/open/src/hotspot/share/prims/jni.cpp, line 619]
Event: 0.092 Thread 0x000001d25118f800 Exception <a 'java/io/IOException'{0x00000000c3f8cbc0}: Bad pathname> (0x00000000c3f8cbc0) 
thrown [t:/workspace/open/src/hotspot/share/prims/jni.cpp, line 619]
Event: 0.281 Thread 0x000001d25118f800 Exception <a 'java/lang/IncompatibleClassChangeError'{0x00000000c3d6f9f0}: Found class java.lang.Object, but interface was expected> (0x00000000c3d6f9f0) 
thrown [t:/workspace/open/src/hotspot/share/interpreter/linkResolver.cpp, line 833]
Event: 0.910 Thread 0x000001d25118f800 Exception <a 'java/lang/NoSuchMethodError'{0x00000000c06b9a00}: 'java.lang.Object java.lang.invoke.DirectMethodHandle$Holder.invokeStaticInit(java.lang.Object, java.lang.Object, java.lang.Object)'> (0x00000000c06b9a00) 
thrown [t:/workspace/open/src/hotspot/share/interpreter/linkResolver.cpp, line 767]
Event: 0.963 Thread 0x000001d25118f800 Exception <a 'java/lang/NoSuchMethodError'{0x00000000c0705338}: 'int java.lang.invoke.DirectMethodHandle$Holder.invokeSpecialIFC(java.lang.Object, java.lang.Object, int)'> (0x00000000c0705338) 
thrown [t:/workspace/open/src/hotspot/share/interpreter/linkResolver.cpp, line 767]
Event: 0.987 Thread 0x000001d25118f800 Exception <a 'java/lang/NoSuchMethodError'{0x00000000c077ff68}: 'int java.lang.invoke.DirectMethodHandle$Holder.invokeStatic(java.lang.Object, java.lang.Object, int)'> (0x00000000c077ff68) 
thrown [t:/workspace/open/src/hotspot/share/interpreter/linkResolver.cpp, line 767]
Event: 1.028 Thread 0x000001d25118f800 Exception <a 'java/lang/NoSuchMethodError'{0x00000000c23a3b20}: 'java.lang.Object java.lang.invoke.DirectMethodHandle$Holder.invokeStatic(java.lang.Object, java.lang.Object, int, java.lang.Object)'> (0x00000000c23a3b20) 
thrown [t:/workspace/open/src/hotspot/share/interpreter/linkResolver.cpp, line 767]
Event: 1.029 Thread 0x000001d25118f800 Exception <a 'java/lang/NoSuchMethodError'{0x00000000c23a9a40}: 'java.lang.Object java.lang.invoke.Invokers$Holder.linkToTargetMethod(java.lang.Object, int, java.lang.Object, java.lang.Object)'> (0x00000000c23a9a40) 
thrown [t:/workspace/open/src/hotspot/share/interpreter/linkResolver.cpp, line 767]
Event: 1.050 Thread 0x000001d25118f800 Exception <a 'java/lang/NoSuchMethodError'{0x00000000c227f9f8}: 'java.lang.Object java.lang.invoke.DirectMethodHandle$Holder.invokeStaticInit(java.lang.Object, java.lang.Object, java.lang.Object, java.lang.Object)'> (0x00000000c227f9f8) 
thrown [t:/workspace/open/src/hotspot/share/interpreter/linkResolver.cpp, line 767]
Event: 1.393 Thread 0x000001d25118f800 Exception <a 'java/lang/NoSuchMethodError'{0x00000000c5473d88}: 'java.lang.Object java.lang.invoke.Invokers$Holder.linkToTargetMethod(java.lang.Object, int, java.lang.Object)'> (0x00000000c5473d88) 
thrown [t:/workspace/open/src/hotspot/share/interpreter/linkResolver.cpp, line 767]
Event: 1.399 Thread 0x000001d25118f800 Exception <a 'java/lang/NoSuchMethodError'{0x00000000c549ba50}: 'java.lang.Object java.lang.invoke.DirectMethodHandle$Holder.invokeStatic(java.lang.Object, int, java.lang.Object)'> (0x00000000c549ba50) 
thrown [t:/workspace/open/src/hotspot/share/interpreter/linkResolver.cpp, line 767]
Event: 1.403 Thread 0x000001d25118f800 Exception <a 'java/lang/NoSuchMethodError'{0x00000000c54b25a0}: 'java.lang.Object java.lang.invoke.DirectMethodHandle$Holder.invokeStatic(java.lang.Object, int, int, java.lang.Object)'> (0x00000000c54b25a0) 
thrown [t:/workspace/open/src/hotspot/share/interpreter/linkResolver.cpp, line 767]
Event: 2.330 Thread 0x000001d25118f800 Exception <a 'java/lang/NoSuchMethodError'{0x00000000c6c49b50}: 'java.lang.Object java.lang.invoke.DirectMethodHandle$Holder.invokeStatic(java.lang.Object, java.lang.Object, java.lang.Object, java.lang.Object, int, java.lang.Object)'> (0x00000000c6c49b50) 
thrown [t:/workspace/open/src/hotspot/share/interpreter/linkResolver.cpp, line 767]
Event: 2.330 Thread 0x000001d25118f800 Exception <a 'java/lang/NoSuchMethodError'{0x00000000c6c4d0f0}: 'java.lang.Object java.lang.invoke.DirectMethodHandle$Holder.invokeSpecial(java.lang.Object, java.lang.Object, java.lang.Object, java.lang.Object, java.lang.Object, int, java.lang.Object)'> (0x00000000c6c4d0f0) 
thrown [t:/workspace/open/src/hotspot/share/interpreter/linkResolver.cpp, line 767]
Event: 2.331 Thread 0x000001d25118f800 Exception <a 'java/lang/NoSuchMethodError'{0x00000000c6c4ff60}: 'java.lang.Object java.lang.invoke.Invokers$Holder.linkToTargetMethod(java.lang.Object, java.lang.Object, java.lang.Object, int, java.lang.Object, java.lang.Object)'> (0x00000000c6c4ff60) 
thrown [t:/workspace/open/src/hotspot/share/interpreter/linkResolver.cpp, line 767]
Event: 2.547 Thread 0x000001d25118f800 Exception <a 'java/lang/NoSuchMethodError'{0x00000000c98b11e0}: 'java.lang.Object java.lang.invoke.DirectMethodHandle$Holder.invokeStaticInit(java.lang.Object, java.lang.Object, java.lang.Object, java.lang.Object, java.lang.Object)'> (0x00000000c98b11e0) 
thrown [t:/workspace/open/src/hotspot/share/interpreter/linkResolver.cpp, line 767]
Event: 2.552 Thread 0x000001d25118f800 Exception <a 'java/lang/NoSuchMethodError'{0x00000000c98bf858}: 'java.lang.Object java.lang.invoke.Invokers$Holder.invoker(java.lang.Object, java.lang.Object, java.lang.Object)'> (0x00000000c98bf858) 
thrown [t:/workspace/open/src/hotspot/share/interpreter/linkResolver.cpp, line 767]
Event: 2.554 Thread 0x000001d25118f800 Exception <a 'java/lang/NoSuchMethodError'{0x00000000c98ce830}: 'void java.lang.invoke.DelegatingMethodHandle$Holder.delegate(java.lang.Object, java.lang.Object, int, java.lang.Object)'> (0x00000000c98ce830) 
thrown [t:/workspace/open/src/hotspot/share/interpreter/linkResolver.cpp, line 767]

Events (20 events):
Event: 4.342 loading class scala/Tuple2 done
Event: 4.343 loading class scala/collection/mutable/StringBuilder
Event: 4.343 loading class scala/collection/mutable/StringBuilder done
Event: 4.346 loading class scala/collection/mutable/StringBuilder
Event: 4.346 loading class scala/collection/mutable/StringBuilder done
Event: 4.346 loading class scala/collection/mutable/StringBuilder
Event: 4.346 loading class scala/collection/mutable/StringBuilder done
Event: 4.347 loading class org/openkoreantext/processor/util/KoreanSubstantive$
Event: 4.347 loading class org/openkoreantext/processor/util/KoreanSubstantive$ done
Event: 4.347 loading class org/openkoreantext/processor/util/KoreanSubstantive$
Event: 4.347 loading class org/openkoreantext/processor/util/KoreanSubstantive$ done
Event: 4.631 Executing VM operation: G1CollectFull
Event: 4.898 Executing VM operation: G1CollectFull done
Event: 9.464 Executing VM operation: G1CollectFull
Event: 9.577 Executing VM operation: G1CollectFull done
Event: 9.643 Executing VM operation: G1CollectFull
Event: 9.731 Executing VM operation: G1CollectFull done
Event: 10.571 Executing VM operation: G1CollectFull
Event: 10.655 Executing VM operation: G1CollectFull done
Event: 10.737 Executing VM operation: G1CollectFull


Dynamic libraries:
0x00007ff7feae0000 - 0x00007ff7feafc000 	C:\Users\jhnj7\AppData\Local\Programs\Python\Python38\python.exe
0x00007ffb78640000 - 0x00007ffb78830000 	C:\WINDOWS\SYSTEM32\ntdll.dll
0x00007ffb77450000 - 0x00007ffb77502000 	C:\WINDOWS\System32\KERNEL32.DLL
0x00007ffb75920000 - 0x00007ffb75bc4000 	C:\WINDOWS\System32\KERNELBASE.dll
0x00007ffb756e0000 - 0x00007ffb757da000 	C:\WINDOWS\System32\ucrtbase.dll
0x00007ffb703d0000 - 0x00007ffb703e9000 	C:\Users\jhnj7\AppData\Local\Programs\Python\Python38\VCRUNTIME140.dll
0x00007ffb443f0000 - 0x00007ffb44820000 	C:\Users\jhnj7\AppData\Local\Programs\Python\Python38\python38.dll
0x00007ffb766f0000 - 0x00007ffb76742000 	C:\WINDOWS\System32\SHLWAPI.dll
0x00007ffb76750000 - 0x00007ffb767ee000 	C:\WINDOWS\System32\msvcrt.dll
0x00007ffb76b40000 - 0x00007ffb76e76000 	C:\WINDOWS\System32\combase.dll
0x00007ffb6ece0000 - 0x00007ffb6ecea000 	C:\WINDOWS\SYSTEM32\VERSION.dll
0x00007ffb76a20000 - 0x00007ffb76b40000 	C:\WINDOWS\System32\RPCRT4.dll
0x00007ffb75ef0000 - 0x00007ffb75f70000 	C:\WINDOWS\System32\bcryptPrimitives.dll
0x00007ffb77280000 - 0x00007ffb772a6000 	C:\WINDOWS\System32\GDI32.dll
0x00007ffb757e0000 - 0x00007ffb75801000 	C:\WINDOWS\System32\win32u.dll
0x00007ffb75bd0000 - 0x00007ffb75d64000 	C:\WINDOWS\System32\gdi32full.dll
0x00007ffb75810000 - 0x00007ffb758ae000 	C:\WINDOWS\System32\msvcp_win.dll
0x00007ffb770e0000 - 0x00007ffb77274000 	C:\WINDOWS\System32\USER32.dll
0x00007ffb78590000 - 0x00007ffb785ff000 	C:\WINDOWS\System32\WS2_32.dll
0x00007ffb76ec0000 - 0x00007ffb76f63000 	C:\WINDOWS\System32\ADVAPI32.dll
0x00007ffb77e00000 - 0x00007ffb77e97000 	C:\WINDOWS\System32\sechost.dll
0x00007ffb76e80000 - 0x00007ffb76eae000 	C:\WINDOWS\System32\IMM32.DLL
0x00007ffb758b0000 - 0x00007ffb758c7000 	C:\WINDOWS\System32\CRYPTSP.dll
0x00007ffb748e0000 - 0x00007ffb74913000 	C:\WINDOWS\system32\rsaenh.dll
0x00007ffb75d70000 - 0x00007ffb75d96000 	C:\WINDOWS\System32\bcrypt.dll
0x00007ffb74f40000 - 0x00007ffb74f4c000 	C:\WINDOWS\SYSTEM32\CRYPTBASE.dll
0x00007ffb703c0000 - 0x00007ffb703cf000 	C:\Users\jhnj7\AppData\Local\Programs\Python\Python38\python3.dll
0x00007ffb58e30000 - 0x00007ffb58e51000 	C:\Users\jhnj7\AppData\Local\Programs\Python\Python38\DLLs\_ctypes.pyd
0x00007ffb77720000 - 0x00007ffb77877000 	C:\WINDOWS\System32\ole32.dll
0x00007ffb77380000 - 0x00007ffb77444000 	C:\WINDOWS\System32\OLEAUT32.dll
0x00007ffb703b0000 - 0x00007ffb703bb000 	C:\Users\jhnj7\AppData\Local\Programs\Python\Python38\DLLs\libffi-7.dll
0x000000006f7c0000 - 0x0000000071448000 	C:\Users\jhnj7\AppData\Local\Programs\Python\Python38\lib\site-packages\numpy\.libs\libopenblas.PYQHXLVVQ7VESDPUVUADXEVJOBGHJPAY.gfortran-win_amd64.dll
0x00007ffb44110000 - 0x00007ffb443ef000 	C:\Users\jhnj7\AppData\Local\Programs\Python\Python38\lib\site-packages\numpy\core\_multiarray_umath.cp38-win_amd64.pyd
0x00007ffb58970000 - 0x00007ffb58992000 	C:\Users\jhnj7\AppData\Local\Programs\Python\Python38\lib\site-packages\numpy\core\_multiarray_tests.cp38-win_amd64.pyd
0x00007ffb702f0000 - 0x00007ffb702fc000 	C:\Users\jhnj7\AppData\Local\Programs\Python\Python38\lib\site-packages\numpy\linalg\lapack_lite.cp38-win_amd64.pyd
0x00007ffb58860000 - 0x00007ffb58886000 	C:\Users\jhnj7\AppData\Local\Programs\Python\Python38\lib\site-packages\numpy\linalg\_umath_linalg.cp38-win_amd64.pyd
0x00007ffb6af00000 - 0x00007ffb6af17000 	C:\Users\jhnj7\AppData\Local\Programs\Python\Python38\DLLs\_bz2.pyd
0x00007ffb58820000 - 0x00007ffb58860000 	C:\Users\jhnj7\AppData\Local\Programs\Python\Python38\DLLs\_lzma.pyd
0x00007ffb53930000 - 0x00007ffb53973000 	C:\Users\jhnj7\AppData\Local\Programs\Python\Python38\DLLs\_decimal.pyd
0x00007ffb68490000 - 0x00007ffb684b0000 	C:\Users\jhnj7\AppData\Local\Programs\Python\Python38\lib\site-packages\numpy\fft\_pocketfft_internal.cp38-win_amd64.pyd
0x00007ffb4f870000 - 0x00007ffb4f907000 	C:\Users\jhnj7\AppData\Local\Programs\Python\Python38\lib\site-packages\numpy\random\mtrand.cp38-win_amd64.pyd
0x00007ffb506b0000 - 0x00007ffb506df000 	C:\Users\jhnj7\AppData\Local\Programs\Python\Python38\lib\site-packages\numpy\random\_bit_generator.cp38-win_amd64.pyd
0x00007ffb50670000 - 0x00007ffb506a6000 	C:\Users\jhnj7\AppData\Local\Programs\Python\Python38\lib\site-packages\numpy\random\_common.cp38-win_amd64.pyd
0x00007ffb6fff0000 - 0x00007ffb6fffd000 	C:\Users\jhnj7\AppData\Local\Programs\Python\Python38\DLLs\_hashlib.pyd
0x00007ffb43080000 - 0x00007ffb433ca000 	C:\Users\jhnj7\AppData\Local\Programs\Python\Python38\DLLs\libcrypto-1_1.dll
0x00007ffb4d2e0000 - 0x00007ffb4d337000 	C:\Users\jhnj7\AppData\Local\Programs\Python\Python38\lib\site-packages\numpy\random\_bounded_integers.cp38-win_amd64.pyd
0x00007ffb5e860000 - 0x00007ffb5e87f000 	C:\Users\jhnj7\AppData\Local\Programs\Python\Python38\lib\site-packages\numpy\random\_mt19937.cp38-win_amd64.pyd
0x00007ffb57a30000 - 0x00007ffb57a49000 	C:\Users\jhnj7\AppData\Local\Programs\Python\Python38\lib\site-packages\numpy\random\_philox.cp38-win_amd64.pyd
0x00007ffb50290000 - 0x00007ffb502a7000 	C:\Users\jhnj7\AppData\Local\Programs\Python\Python38\lib\site-packages\numpy\random\_pcg64.cp38-win_amd64.pyd
0x00007ffb50270000 - 0x00007ffb50284000 	C:\Users\jhnj7\AppData\Local\Programs\Python\Python38\lib\site-packages\numpy\random\_sfc64.cp38-win_amd64.pyd
0x00007ffb487e0000 - 0x00007ffb4888e000 	C:\Users\jhnj7\AppData\Local\Programs\Python\Python38\lib\site-packages\numpy\random\_generator.cp38-win_amd64.pyd
0x00007ffb4e7d0000 - 0x00007ffb4e810000 	C:\Users\jhnj7\AppData\Local\Programs\Python\Python38\lib\site-packages\pandas\_libs\tslibs\conversion.cp38-win_amd64.pyd
0x00007ffb4df00000 - 0x00007ffb4df3b000 	C:\Users\jhnj7\AppData\Local\Programs\Python\Python38\lib\site-packages\pandas\_libs\tslibs\c_timestamp.cp38-win_amd64.pyd
0x00007ffb4d2a0000 - 0x00007ffb4d2d6000 	C:\Users\jhnj7\AppData\Local\Programs\Python\Python38\lib\site-packages\pandas\_libs\tslibs\nattype.cp38-win_amd64.pyd
0x00007ffb4d270000 - 0x00007ffb4d29e000 	C:\Users\jhnj7\AppData\Local\Programs\Python\Python38\lib\site-packages\pandas\_libs\missing.cp38-win_amd64.pyd
0x00007ffb4d250000 - 0x00007ffb4d261000 	C:\Users\jhnj7\AppData\Local\Programs\Python\Python38\lib\site-packages\pandas\_libs\tslibs\np_datetime.cp38-win_amd64.pyd
0x00007ffb487c0000 - 0x00007ffb487d2000 	C:\Users\jhnj7\AppData\Local\Programs\Python\Python38\lib\site-packages\pandas\_libs\ops_dispatch.cp38-win_amd64.pyd
0x00007ffb47d00000 - 0x00007ffb47d35000 	C:\Users\jhnj7\AppData\Local\Programs\Python\Python38\lib\site-packages\pandas\_libs\tslibs\timezones.cp38-win_amd64.pyd
0x00007ffb47340000 - 0x00007ffb4737f000 	C:\Users\jhnj7\AppData\Local\Programs\Python\Python38\lib\site-packages\pandas\_libs\tslibs\tzconversion.cp38-win_amd64.pyd
0x00007ffb472d0000 - 0x00007ffb47336000 	C:\Users\jhnj7\AppData\Local\Programs\Python\Python38\lib\site-packages\pandas\_libs\tslibs\timedeltas.cp38-win_amd64.pyd
0x00007ffb45b10000 - 0x00007ffb45b6a000 	C:\Users\jhnj7\AppData\Local\Programs\Python\Python38\lib\site-packages\pandas\_libs\tslibs\offsets.cp38-win_amd64.pyd
0x00007ffb47280000 - 0x00007ffb47293000 	C:\Users\jhnj7\AppData\Local\Programs\Python\Python38\lib\site-packages\pandas\_libs\tslibs\ccalendar.cp38-win_amd64.pyd
0x00007ffb44e00000 - 0x00007ffb44e55000 	C:\Users\jhnj7\AppData\Local\Programs\Python\Python38\lib\site-packages\pandas\_libs\tslibs\strptime.cp38-win_amd64.pyd
0x00007ffb45ad0000 - 0x00007ffb45b0a000 	C:\Users\jhnj7\AppData\Local\Programs\Python\Python38\lib\site-packages\pandas\_libs\tslibs\fields.cp38-win_amd64.pyd
0x00007ffb44da0000 - 0x00007ffb44df5000 	C:\Users\jhnj7\AppData\Local\Programs\Python\Python38\lib\site-packages\pandas\_libs\tslibs\parsing.cp38-win_amd64.pyd
0x00007ffb44d70000 - 0x00007ffb44d91000 	C:\Users\jhnj7\AppData\Local\Programs\Python\Python38\lib\site-packages\pandas\_libs\tslibs\frequencies.cp38-win_amd64.pyd
0x00007ffb44d10000 - 0x00007ffb44d70000 	C:\Users\jhnj7\AppData\Local\Programs\Python\Python38\lib\site-packages\pandas\_libs\tslibs\period.cp38-win_amd64.pyd
0x00007ffb44cc0000 - 0x00007ffb44d04000 	C:\Users\jhnj7\AppData\Local\Programs\Python\Python38\lib\site-packages\pandas\_libs\tslibs\timestamps.cp38-win_amd64.pyd
0x00007ffb44c80000 - 0x00007ffb44cba000 	C:\Users\jhnj7\AppData\Local\Programs\Python\Python38\lib\site-packages\pandas\_libs\tslibs\resolution.cp38-win_amd64.pyd
0x00007ffb44080000 - 0x00007ffb44108000 	C:\Users\jhnj7\AppData\Local\Programs\Python\Python38\lib\site-packages\pandas\_libs\hashtable.cp38-win_amd64.pyd
0x00007ffb44000000 - 0x00007ffb44077000 	C:\Users\jhnj7\AppData\Local\Programs\Python\Python38\lib\site-packages\pandas\_libs\lib.cp38-win_amd64.pyd
0x00007ffb44c30000 - 0x00007ffb44c74000 	C:\Users\jhnj7\AppData\Local\Programs\Python\Python38\lib\site-packages\pandas\_libs\tslib.cp38-win_amd64.pyd
0x00007ffb43ed0000 - 0x00007ffb43ff3000 	C:\Users\jhnj7\AppData\Local\Programs\Python\Python38\lib\site-packages\pandas\_libs\interval.cp38-win_amd64.pyd
0x00007ffb43a60000 - 0x00007ffb43ba9000 	C:\Users\jhnj7\AppData\Local\Programs\Python\Python38\lib\site-packages\pandas\_libs\algos.cp38-win_amd64.pyd
0x00007ffb47260000 - 0x00007ffb47274000 	C:\Users\jhnj7\AppData\Local\Programs\Python\Python38\lib\site-packages\pandas\_libs\properties.cp38-win_amd64.pyd
0x00007ffb43ea0000 - 0x00007ffb43ecc000 	C:\Users\jhnj7\AppData\Local\Programs\Python\Python38\lib\site-packages\pandas\_libs\hashing.cp38-win_amd64.pyd
0x00007ffb43e60000 - 0x00007ffb43e94000 	C:\Users\jhnj7\AppData\Local\Programs\Python\Python38\lib\site-packages\pandas\_libs\ops.cp38-win_amd64.pyd
0x00007ffb43690000 - 0x00007ffb43718000 	C:\Users\jhnj7\AppData\Local\Programs\Python\Python38\lib\site-packages\pandas\_libs\index.cp38-win_amd64.pyd
0x00007ffb41890000 - 0x00007ffb41a80000 	C:\Users\jhnj7\AppData\Local\Programs\Python\Python38\lib\site-packages\pandas\_libs\join.cp38-win_amd64.pyd
0x00007ffb435b0000 - 0x00007ffb43685000 	C:\Users\jhnj7\AppData\Local\Programs\Python\Python38\lib\site-packages\pandas\_libs\sparse.cp38-win_amd64.pyd
0x00007ffb6ffa0000 - 0x00007ffb6ffb0000 	C:\Users\jhnj7\AppData\Local\Programs\Python\Python38\lib\site-packages\pandas\_libs\indexing.cp38-win_amd64.pyd
0x00007ffb43e20000 - 0x00007ffb43e53000 	C:\Users\jhnj7\AppData\Local\Programs\Python\Python38\lib\site-packages\pandas\_libs\writers.cp38-win_amd64.pyd
0x00007ffb43040000 - 0x00007ffb4307b000 	C:\Users\jhnj7\AppData\Local\Programs\Python\Python38\lib\site-packages\pandas\_libs\internals.cp38-win_amd64.pyd
0x00007ffb41530000 - 0x00007ffb4163e000 	C:\Users\jhnj7\AppData\Local\Programs\Python\Python38\DLLs\unicodedata.pyd
0x00007ffb43000000 - 0x00007ffb4303f000 	C:\Users\jhnj7\AppData\Local\Programs\Python\Python38\lib\site-packages\pandas\_libs\reshape.cp38-win_amd64.pyd
0x00007ffb42fa0000 - 0x00007ffb43000000 	C:\Users\jhnj7\AppData\Local\Programs\Python\Python38\lib\site-packages\pandas\_libs\window\aggregations.cp38-win_amd64.pyd
0x00007ffb72f40000 - 0x00007ffb72fde000 	C:\WINDOWS\SYSTEM32\MSVCP140.dll
0x00007ffb42f70000 - 0x00007ffb42f9a000 	C:\Users\jhnj7\AppData\Local\Programs\Python\Python38\lib\site-packages\pandas\_libs\window\indexers.cp38-win_amd64.pyd
0x00007ffb41430000 - 0x00007ffb41522000 	C:\Users\jhnj7\AppData\Local\Programs\Python\Python38\lib\site-packages\pandas\_libs\groupby.cp38-win_amd64.pyd
0x00007ffb413e0000 - 0x00007ffb4142f000 	C:\Users\jhnj7\AppData\Local\Programs\Python\Python38\lib\site-packages\pandas\_libs\reduction.cp38-win_amd64.pyd
0x00007ffb41360000 - 0x00007ffb413d1000 	C:\Users\jhnj7\AppData\Local\Programs\Python\Python38\lib\site-packages\pandas\_libs\parsers.cp38-win_amd64.pyd
0x00007ffb44c10000 - 0x00007ffb44c24000 	C:\Users\jhnj7\AppData\Local\Programs\Python\Python38\lib\site-packages\pandas\_libs\json.cp38-win_amd64.pyd
0x00007ffb41870000 - 0x00007ffb41886000 	C:\Users\jhnj7\AppData\Local\Programs\Python\Python38\lib\site-packages\pandas\_libs\testing.cp38-win_amd64.pyd
0x00007ffb41850000 - 0x00007ffb41866000 	C:\Users\jhnj7\AppData\Local\Programs\Python\Python38\DLLs\_socket.pyd
0x00007ffb74a80000 - 0x00007ffb74aba000 	C:\WINDOWS\SYSTEM32\IPHLPAPI.DLL
0x00007ffb6f2a0000 - 0x00007ffb6f2a9000 	C:\Users\jhnj7\AppData\Local\Programs\Python\Python38\DLLs\select.pyd
0x00007ffb41330000 - 0x00007ffb41357000 	C:\Users\jhnj7\AppData\Local\Programs\Python\Python38\DLLs\_ssl.pyd
0x00007ffb75da0000 - 0x00007ffb75ee9000 	C:\WINDOWS\System32\CRYPT32.dll
0x00007ffb75510000 - 0x00007ffb75522000 	C:\WINDOWS\System32\MSASN1.dll
0x00007ffb40360000 - 0x00007ffb4040d000 	C:\Users\jhnj7\AppData\Local\Programs\Python\Python38\DLLs\libssl-1_1.dll
0x00007ffb41290000 - 0x00007ffb41330000 	C:\Users\jhnj7\AppData\Local\Programs\Python\Python38\lib\site-packages\_jpype.cp38-win_amd64.pyd
0x00007ffb6eaa0000 - 0x00007ffb6eaa9000 	C:\Users\jhnj7\AppData\Local\Programs\Python\Python38\DLLs\_queue.pyd
0x00007ffb74d70000 - 0x00007ffb74dd7000 	C:\WINDOWS\system32\mswsock.dll
0x00007ffb30f80000 - 0x00007ffb3138b000 	C:\Users\jhnj7\AppData\Local\Programs\Python\Python38\lib\site-packages\lxml\etree.cp38-win_amd64.pyd
0x00007ffb40a30000 - 0x00007ffb40a5f000 	C:\Users\jhnj7\AppData\Local\Programs\Python\Python38\lib\site-packages\lxml\_elementpath.cp38-win_amd64.pyd
0x00007ffb09830000 - 0x00007ffb0a38d000 	C:\Program Files\Java\jdk-13.0.2\bin\server\jvm.dll
0x00007ffb76ff0000 - 0x00007ffb76ff8000 	C:\WINDOWS\System32\PSAPI.DLL
0x00007ffb6b200000 - 0x00007ffb6b224000 	C:\WINDOWS\SYSTEM32\WINMM.dll
0x00007ffb68f00000 - 0x00007ffb68f09000 	C:\WINDOWS\SYSTEM32\WSOCK32.dll
0x00007ffb6afb0000 - 0x00007ffb6afdd000 	C:\WINDOWS\SYSTEM32\winmmbase.dll
0x00007ffb758d0000 - 0x00007ffb7591a000 	C:\WINDOWS\System32\cfgmgr32.dll
0x00007ffb5e070000 - 0x00007ffb5e080000 	C:\Program Files\Java\jdk-13.0.2\bin\verify.dll
0x00007ffb73e30000 - 0x00007ffb74024000 	C:\WINDOWS\SYSTEM32\DBGHELP.DLL
0x00007ffb6d9b0000 - 0x00007ffb6d9da000 	C:\WINDOWS\SYSTEM32\dbgcore.DLL
0x00007ffb43570000 - 0x00007ffb43596000 	C:\Program Files\Java\jdk-13.0.2\bin\java.dll
0x00007ffb47670000 - 0x00007ffb47687000 	C:\Program Files\Java\jdk-13.0.2\bin\zip.dll
0x00007ffb5c790000 - 0x00007ffb5c79a000 	C:\Program Files\Java\jdk-13.0.2\bin\jimage.dll
0x00007ffb75530000 - 0x00007ffb75541000 	C:\WINDOWS\System32\kernel.appcore.dll
0x00007ffb77ea0000 - 0x00007ffb78584000 	C:\WINDOWS\System32\SHELL32.dll
0x00007ffb77010000 - 0x00007ffb770b9000 	C:\WINDOWS\System32\shcore.dll
0x00007ffb75f70000 - 0x00007ffb766ee000 	C:\WINDOWS\System32\windows.storage.dll
0x00007ffb75550000 - 0x00007ffb75573000 	C:\WINDOWS\System32\profapi.dll
0x00007ffb75580000 - 0x00007ffb755ca000 	C:\WINDOWS\System32\powrprof.dll
0x00007ffb75500000 - 0x00007ffb75510000 	C:\WINDOWS\System32\UMPDC.dll
0x00007ffb472a0000 - 0x00007ffb472b9000 	C:\Program Files\Java\jdk-13.0.2\bin\net.dll
0x00007ffb6d2e0000 - 0x00007ffb6d3d0000 	C:\WINDOWS\SYSTEM32\WINHTTP.dll
0x00007ffb47200000 - 0x00007ffb47213000 	C:\Program Files\Java\jdk-13.0.2\bin\nio.dll
0x00007ffb6b650000 - 0x00007ffb6b659000 	C:\Users\jhnj7\AppData\Local\Programs\Python\Python38\DLLs\_multiprocessing.pyd

dbghelp: loaded successfully - version: 4.0.5 - missing functions: none
symbol engine: initialized successfully - sym options: 0x614 - pdb path: .;C:\Users\jhnj7\AppData\Local\Programs\Python\Python38;C:\WINDOWS\SYSTEM32;C:\Users\jhnj7\AppData\Local\Programs\Python\Python38\DLLs;C:\Users\jhnj7\AppData\Local\Programs\Python\Python38\lib\site-packages\numpy\.libs;C:\Users\jhnj7\AppData\Local\Programs\Python\Python38\lib\site-packages\numpy\core;C:\Users\jhnj7\AppData\Local\Programs\Python\Python38\lib\site-packages\numpy\linalg;C:\Users\jhnj7\AppData\Local\Programs\Python\Python38\lib\site-packages\numpy\fft;C:\Users\jhnj7\AppData\Local\Programs\Python\Python38\lib\site-packages\numpy\random;C:\Users\jhnj7\AppData\Local\Programs\Python\Python38\lib\site-packages\pandas\_libs\tslibs;C:\Users\jhnj7\AppData\Local\Programs\Python\Python38\lib\site-packages\pandas\_libs;C:\Users\jhnj7\AppData\Local\Programs\Python\Python38\lib\site-packages\pandas\_libs\window;C:\Users\jhnj7\AppData\Local\Programs\Python\Python38\lib\site-packages;C:\Users\jhnj7\AppData\Local\Programs\Python\Python38\lib\site-packages\lxml;C:\Program Files\Java\jdk-13.0.2\bin\server;C:\Program Files\Java\jdk-13.0.2\bin;C:\Users\jhnj7\AppData\Local\Programs\Python\Python38\lib\site-packages\h5py;C:\Users\jhnj7\AppData\Local\Programs\Python\Python38\lib\site-packages\tensorflow\python;C:\Users\jhnj7\AppData\Local\Programs\Python\Python38\lib\site-packages\tensorflow\python\profiler\internal;C:\Users\jhnj7\AppData\Local\Programs\Python\Python38\lib\site-packages\scipy\.libs;C:\Users\jhnj7\AppData\Local\Programs\Python\Python38\lib\site-packages\scipy\_lib;C:\Users\jhnj7\AppData\Local\Programs\Python\Python38\lib\site-packages\scipy\_lib\_uarray;C:\Users\jhnj7\AppData\Local\Programs\Python\Python38\lib\site-packages\scipy\fft\_pocketfft;C:\Users\jhnj7\AppData\Local\Programs\Python\Python38\lib\site-packages\scipy\sparse;C:\Users\jhnj7\AppData\Local\Programs\Python\Python38\lib\site-packages\scipy\sparse\csgraph;C:\Users\jhnj7\AppData\Local\Programs\Python\Python38\lib\site-packages\tensorflow\lite\experimental\microfrontend\python\ops;C:\Users\jhnj7\AppData\Local\Programs\Python\Python38\lib\site-packages\scipy\ndimage;C:\Users\jhnj7\AppData\Local\Programs\Python\Python38\lib\site-packages\scipy\linalg

VM Arguments:
jvm_args: -Dfile.encoding=UTF8 -ea -Xmx1024m 
java_command: <unknown>
java_class_path (initial): C:\Users\jhnj7\AppData\Local\Programs\Python\Python38\Lib\site-packages\konlpy\java;C:\Users\jhnj7\AppData\Local\Programs\Python\Python38\Lib\site-packages\konlpy\java\bin;C:\Users\jhnj7\AppData\Local\Programs\Python\Python38\Lib\site-packages\konlpy\java\*;C:\Users\jhnj7\AppData\Local\Programs\Python\Python38\Lib\site-packages\konlpy\java\jhannanum-0.8.4.jar;C:\Users\jhnj7\AppData\Local\Programs\Python\Python38\Lib\site-packages\konlpy\java\kkma-2.0.jar;C:\Users\jhnj7\AppData\Local\Programs\Python\Python38\Lib\site-packages\konlpy\java\aho-corasick.jar;C:\Users\jhnj7\AppData\Local\Programs\Python\Python38\Lib\site-packages\konlpy\java\shineware-common-1.0.jar;C:\Users\jhnj7\AppData\Local\Programs\Python\Python38\Lib\site-packages\konlpy\java\shineware-ds-1.0.jar;C:\Users\jhnj7\AppData\Local\Programs\Python\Python38\Lib\site-packages\konlpy\java\komoran-3.0.jar;C:\Users\jhnj7\AppData\Local\Programs\Python\Python38\Lib\site-packages\konlpy\java\snakeyaml-1.12.jar;C:\Users\jhnj7\AppData\Local\Programs\Python\Python38\Lib\site-packages\konlpy\java\scala-library-2.12.3.jar;C:\Users\jhnj7\AppData\Local\Programs\Python\Python38\Lib\site-packages\konlpy\java\open-korean-text-2.1.0.jar;C:\Users\jhnj7\AppData\Local\Programs\Python\Python38\Lib\site-packages\konlpy\java\twitter-text-1.14.7.jar;C:\Users\jhnj7\AppData\Local\Programs\Python\Python38\Lib\site-packages\konlpy\java\*
Launcher Type: generic

[Global flags]
     intx CICompilerCount                          = 3                                         {product} {ergonomic}
     uint ConcGCThreads                            = 1                                         {product} {ergonomic}
     uint G1ConcRefinementThreads                  = 4                                         {product} {ergonomic}
   size_t G1HeapRegionSize                         = 1048576                                   {product} {ergonomic}
    uintx GCDrainStackTargetSize                   = 64                                        {product} {ergonomic}
   size_t InitialHeapSize                          = 67108864                                  {product} {ergonomic}
   size_t MarkStackSize                            = 4194304                                   {product} {ergonomic}
   size_t MaxHeapSize                              = 1073741824                                {product} {command line}
   size_t MaxNewSize                               = 643825664                                 {product} {ergonomic}
   size_t MinHeapDeltaBytes                        = 1048576                                   {product} {ergonomic}
   size_t MinHeapSize                              = 8388608                                   {product} {ergonomic}
    uintx NonNMethodCodeHeapSize                   = 5832780                                {pd product} {ergonomic}
    uintx NonProfiledCodeHeapSize                  = 122912730                              {pd product} {ergonomic}
    uintx ProfiledCodeHeapSize                     = 122912730                              {pd product} {ergonomic}
    uintx ReservedCodeCacheSize                    = 251658240                              {pd product} {ergonomic}
     bool SegmentedCodeCache                       = true                                      {product} {ergonomic}
   size_t SoftMaxHeapSize                          = 1073741824                             {manageable} {ergonomic}
     bool UseCompressedClassPointers               = true                                 {lp64_product} {ergonomic}
     bool UseCompressedOops                        = true                                 {lp64_product} {ergonomic}
     bool UseG1GC                                  = true                                      {product} {ergonomic}
     bool UseLargePagesIndividualAllocation        = false                                  {pd product} {ergonomic}

Logging:
Log output configuration:
 #0: stdout all=warning uptime,level,tags
 #1: stderr all=off uptime,level,tags

Environment Variables:
JAVA_HOME=C:\Program Files\Java\jdk-13.0.2\bin
PATH=C:\Windows\system32;C:\Windows;C:\Windows\System32\Wbem;C:\Windows\System32\WindowsPowerShell\v1.0\;C:\Program Files (x86)\NVIDIA Corporation\PhysX\Common;C:\Program Files\nodejs\;C:\Program Files\Git\cmd;C:\WINDOWS\system32;C:\WINDOWS;C:\WINDOWS\System32\Wbem;C:\WINDOWS\System32\WindowsPowerShell\v1.0\;C:\WINDOWS\System32\OpenSSH\;C:\Python34\;C:\Python34\Scripts;C:\Users\jhnj7\AppData\Local\Programs\Python\Python38\Scripts\;C:\Users\jhnj7\AppData\Local\Programs\Python\Python38\;C:\Users\jhnj7\AppData\Local\Microsoft\WindowsApps;C:\Users\jhnj7\AppData\Local\Programs\Microsoft VS Code\bin;C:\Users\jhnj7\AppData\Roaming\npm;C:\Program Files\Java\jdk-13.0.2\bin;;C:\Users\jhnj7\AppData\Local\Programs\Python\Python38\lib\site-packages\scipy\.libs
USERNAME=jhnj7
OS=Windows_NT
PROCESSOR_IDENTIFIER=Intel64 Family 6 Model 142 Stepping 9, GenuineIntel



---------------  S Y S T E M  ---------------

OS: Windows 10 , 64 bit Build 18362 (10.0.18362.778)

CPU:total 4 (initial active 4) (2 cores per cpu, 2 threads per core) family 6 model 142 stepping 9, cmov, cx8, fxsr, mmx, sse, sse2, sse3, ssse3, sse4.1, sse4.2, popcnt, avx, avx2, aes, clmul, erms, 3dnowpref, lzcnt, ht, tsc, tscinvbit, bmi1, bmi2, adx, fma

Memory: 4k page, system-wide physical 3981M (300M free)
TotalPageFile size 16269M (AvailPageFile size 12M)
current process WorkingSet (physical memory assigned to process): 412M, peak: 483M
current process commit charge ("private bytes"): 1591M, peak: 1593M

vm_info: Java HotSpot(TM) 64-Bit Server VM (13.0.2+8) for windows-amd64 JRE (13.0.2+8), built on Dec 11 2019 09:20:33 by "mach5one" with unknown MS VC++:1916

END.
